{
"contracts/cToken.sol":{"l":{"19":48,"20":48,"21":48,"22":48,"23":48,"28":7,"32":6,"36":5,"37":2,"41":2,"42":1,"46":2,"47":1,"51":1,"55":1},"path":"/home/andrey/landx/land-x-smart-contracts/contracts/cToken.sol","s":{"1":48,"2":48,"3":7,"4":6,"5":5,"6":2,"7":2,"8":2,"9":1,"10":1},"b":{"1":[48,0],"2":[48,0],"3":[6,1],"4":[2,1],"5":[1,1],"6":[2,1],"7":[1,1],"8":[1,0]},"f":{"1":48,"2":7,"3":5,"4":2,"5":2,"6":1,"7":1},"fnMap":{"1":{"name":"constructor","line":17,"loc":{"start":{"line":16,"column":4},"end":{"line":24,"column":4}}},"2":{"name":"mint","line":27,"loc":{"start":{"line":27,"column":4},"end":{"line":33,"column":4}}},"3":{"name":"burn","line":35,"loc":{"start":{"line":35,"column":4},"end":{"line":38,"column":4}}},"4":{"name":"setRentFoundation","line":40,"loc":{"start":{"line":40,"column":4},"end":{"line":43,"column":4}}},"5":{"name":"setXTokenRouter","line":45,"loc":{"start":{"line":45,"column":4},"end":{"line":48,"column":4}}},"6":{"name":"decimals","line":50,"loc":{"start":{"line":50,"column":4},"end":{"line":52,"column":4}}},"7":{"name":"renounceOwnership","line":54,"loc":{"start":{"line":54,"column":5},"end":{"line":56,"column":4}}}},"statementMap":{"1":{"start":{"line":19,"column":8},"end":{"line":19,"column":76}},"2":{"start":{"line":20,"column":8},"end":{"line":20,"column":74}},"3":{"start":{"line":28,"column":8},"end":{"line":28,"column":1151}},"4":{"start":{"line":32,"column":8},"end":{"line":32,"column":29}},"5":{"start":{"line":36,"column":8},"end":{"line":36,"column":52}},"6":{"start":{"line":37,"column":8},"end":{"line":37,"column":32}},"7":{"start":{"line":41,"column":8},"end":{"line":41,"column":69}},"8":{"start":{"line":46,"column":8},"end":{"line":46,"column":68}},"9":{"start":{"line":51,"column":8},"end":{"line":51,"column":16}},"10":{"start":{"line":55,"column":8},"end":{"line":55,"column":47}}},"branchMap":{"1":{"line":19,"type":"if","locations":[{"start":{"line":19,"column":8},"end":{"line":19,"column":8}},{"start":{"line":19,"column":8},"end":{"line":19,"column":8}}]},"2":{"line":20,"type":"if","locations":[{"start":{"line":20,"column":8},"end":{"line":20,"column":8}},{"start":{"line":20,"column":8},"end":{"line":20,"column":8}}]},"3":{"line":28,"type":"if","locations":[{"start":{"line":28,"column":8},"end":{"line":28,"column":8}},{"start":{"line":28,"column":8},"end":{"line":28,"column":8}}]},"4":{"line":40,"type":"if","locations":[{"start":{"line":40,"column":56},"end":{"line":40,"column":56}},{"start":{"line":40,"column":56},"end":{"line":40,"column":56}}]},"5":{"line":41,"type":"if","locations":[{"start":{"line":41,"column":8},"end":{"line":41,"column":8}},{"start":{"line":41,"column":8},"end":{"line":41,"column":8}}]},"6":{"line":45,"type":"if","locations":[{"start":{"line":45,"column":53},"end":{"line":45,"column":53}},{"start":{"line":45,"column":53},"end":{"line":45,"column":53}}]},"7":{"line":46,"type":"if","locations":[{"start":{"line":46,"column":8},"end":{"line":46,"column":8}},{"start":{"line":46,"column":8},"end":{"line":46,"column":8}}]},"8":{"line":54,"type":"if","locations":[{"start":{"line":54,"column":55},"end":{"line":54,"column":55}},{"start":{"line":54,"column":55},"end":{"line":54,"column":55}}]}}},
"contracts/KeyProtocolVariables.sol":{"l":{"44":138,"46":138,"47":138,"48":138,"49":138,"50":138,"52":138,"53":138,"54":138,"55":138,"56":138,"60":3,"61":2,"62":1,"66":3,"67":2,"68":1,"72":3,"73":2,"74":1,"78":3,"79":2,"80":1,"84":3,"85":2,"86":1,"90":3,"91":2,"92":1,"96":3,"97":2,"98":1,"102":3,"103":2,"104":1,"108":2,"109":1,"116":3,"117":2,"121":1,"122":1,"123":1,"130":3,"131":2,"132":1,"136":3,"137":2,"138":1,"142":3,"143":2,"144":1,"148":3,"149":2,"150":1,"154":3,"155":2,"156":1,"160":2,"161":1},"path":"/home/andrey/landx/land-x-smart-contracts/contracts/KeyProtocolVariables.sol","s":{"1":138,"2":138,"3":138,"4":138,"5":138,"6":3,"7":2,"8":3,"9":2,"10":3,"11":2,"12":3,"13":2,"14":3,"15":2,"16":3,"17":2,"18":3,"19":2,"20":3,"21":2,"22":2,"23":3,"24":2,"25":3,"26":2,"27":3,"28":2,"29":3,"30":2,"31":3,"32":2,"33":3,"34":2,"35":2},"b":{"1":[138,0],"2":[138,0],"3":[138,0],"4":[138,0],"5":[138,0],"6":[2,1],"7":[1,1],"8":[2,1],"9":[1,1],"10":[2,1],"11":[1,1],"12":[2,1],"13":[1,1],"14":[2,1],"15":[1,1],"16":[2,1],"17":[1,1],"18":[2,1],"19":[1,1],"20":[2,1],"21":[1,1],"22":[1,1],"23":[2,1],"24":[1,1],"25":[2,1],"26":[1,1],"27":[2,1],"28":[1,1],"29":[2,1],"30":[1,1],"31":[2,1],"32":[1,1],"33":[2,1],"34":[1,1],"35":[1,1]},"f":{"1":138,"2":3,"3":3,"4":3,"5":3,"6":3,"7":3,"8":3,"9":3,"10":2,"11":3,"12":3,"13":3,"14":3,"15":3,"16":3,"17":2},"fnMap":{"1":{"name":"constructor","line":36,"loc":{"start":{"line":36,"column":4},"end":{"line":57,"column":4}}},"2":{"name":"updateXTokenMintFee","line":59,"loc":{"start":{"line":59,"column":4},"end":{"line":63,"column":4}}},"3":{"name":"updateCTokenSellFee","line":65,"loc":{"start":{"line":65,"column":4},"end":{"line":69,"column":4}}},"4":{"name":"updateValidatorCommission","line":71,"loc":{"start":{"line":71,"column":4},"end":{"line":75,"column":4}}},"5":{"name":"updateMaxValidatorFee","line":77,"loc":{"start":{"line":77,"column":5},"end":{"line":81,"column":4}}},"6":{"name":"updateSellXTokenSlippage","line":83,"loc":{"start":{"line":83,"column":4},"end":{"line":87,"column":4}}},"7":{"name":"updateBuyXTokenSlippage","line":89,"loc":{"start":{"line":89,"column":4},"end":{"line":93,"column":4}}},"8":{"name":"updatePayRentFee","line":95,"loc":{"start":{"line":95,"column":4},"end":{"line":99,"column":4}}},"9":{"name":"updateHedgeFundAllocation","line":101,"loc":{"start":{"line":101,"column":4},"end":{"line":105,"column":4}}},"10":{"name":"updateSecurityDepositMonths","line":107,"loc":{"start":{"line":107,"column":4},"end":{"line":110,"column":4}}},"11":{"name":"updateFeeDistributionPercentage","line":112,"loc":{"start":{"line":112,"column":4},"end":{"line":127,"column":4}}},"12":{"name":"updateHedgeFundWallet","line":129,"loc":{"start":{"line":129,"column":4},"end":{"line":133,"column":4}}},"13":{"name":"updateLandxOperationalWallet","line":135,"loc":{"start":{"line":135,"column":4},"end":{"line":139,"column":4}}},"14":{"name":"updateLandxChoiceWallet","line":141,"loc":{"start":{"line":141,"column":4},"end":{"line":145,"column":4}}},"15":{"name":"updateXTokensSecurityWallet","line":147,"loc":{"start":{"line":147,"column":4},"end":{"line":151,"column":4}}},"16":{"name":"updateValidatorCommisionWallet","line":153,"loc":{"start":{"line":153,"column":4},"end":{"line":157,"column":4}}},"17":{"name":"launch","line":159,"loc":{"start":{"line":159,"column":4},"end":{"line":162,"column":4}}}},"statementMap":{"1":{"start":{"line":46,"column":8},"end":{"line":46,"column":77}},"2":{"start":{"line":47,"column":8},"end":{"line":47,"column":84}},"3":{"start":{"line":48,"column":8},"end":{"line":48,"column":79}},"4":{"start":{"line":49,"column":8},"end":{"line":49,"column":83}},"5":{"start":{"line":50,"column":8},"end":{"line":50,"column":86}},"6":{"start":{"line":60,"column":8},"end":{"line":60,"column":62}},"7":{"start":{"line":61,"column":8},"end":{"line":61,"column":57}},"8":{"start":{"line":66,"column":8},"end":{"line":66,"column":62}},"9":{"start":{"line":67,"column":8},"end":{"line":67,"column":57}},"10":{"start":{"line":72,"column":8},"end":{"line":72,"column":62}},"11":{"start":{"line":73,"column":8},"end":{"line":73,"column":57}},"12":{"start":{"line":78,"column":8},"end":{"line":78,"column":62}},"13":{"start":{"line":79,"column":8},"end":{"line":79,"column":57}},"14":{"start":{"line":84,"column":8},"end":{"line":84,"column":62}},"15":{"start":{"line":85,"column":8},"end":{"line":85,"column":62}},"16":{"start":{"line":90,"column":8},"end":{"line":90,"column":62}},"17":{"start":{"line":91,"column":8},"end":{"line":91,"column":62}},"18":{"start":{"line":96,"column":8},"end":{"line":96,"column":62}},"19":{"start":{"line":97,"column":8},"end":{"line":97,"column":57}},"20":{"start":{"line":102,"column":8},"end":{"line":102,"column":62}},"21":{"start":{"line":103,"column":8},"end":{"line":103,"column":64}},"22":{"start":{"line":108,"column":8},"end":{"line":108,"column":62}},"23":{"start":{"line":116,"column":8},"end":{"line":116,"column":62}},"24":{"start":{"line":117,"column":8},"end":{"line":117,"column":4261}},"25":{"start":{"line":130,"column":8},"end":{"line":130,"column":62}},"26":{"start":{"line":131,"column":8},"end":{"line":131,"column":68}},"27":{"start":{"line":136,"column":8},"end":{"line":136,"column":62}},"28":{"start":{"line":137,"column":8},"end":{"line":137,"column":68}},"29":{"start":{"line":142,"column":8},"end":{"line":142,"column":62}},"30":{"start":{"line":143,"column":8},"end":{"line":143,"column":68}},"31":{"start":{"line":148,"column":8},"end":{"line":148,"column":62}},"32":{"start":{"line":149,"column":8},"end":{"line":149,"column":68}},"33":{"start":{"line":154,"column":8},"end":{"line":154,"column":62}},"34":{"start":{"line":155,"column":8},"end":{"line":155,"column":68}},"35":{"start":{"line":160,"column":8},"end":{"line":160,"column":62}}},"branchMap":{"1":{"line":46,"type":"if","locations":[{"start":{"line":46,"column":8},"end":{"line":46,"column":8}},{"start":{"line":46,"column":8},"end":{"line":46,"column":8}}]},"2":{"line":47,"type":"if","locations":[{"start":{"line":47,"column":8},"end":{"line":47,"column":8}},{"start":{"line":47,"column":8},"end":{"line":47,"column":8}}]},"3":{"line":48,"type":"if","locations":[{"start":{"line":48,"column":8},"end":{"line":48,"column":8}},{"start":{"line":48,"column":8},"end":{"line":48,"column":8}}]},"4":{"line":49,"type":"if","locations":[{"start":{"line":49,"column":8},"end":{"line":49,"column":8}},{"start":{"line":49,"column":8},"end":{"line":49,"column":8}}]},"5":{"line":50,"type":"if","locations":[{"start":{"line":50,"column":8},"end":{"line":50,"column":8}},{"start":{"line":50,"column":8},"end":{"line":50,"column":8}}]},"6":{"line":60,"type":"if","locations":[{"start":{"line":60,"column":8},"end":{"line":60,"column":8}},{"start":{"line":60,"column":8},"end":{"line":60,"column":8}}]},"7":{"line":61,"type":"if","locations":[{"start":{"line":61,"column":8},"end":{"line":61,"column":8}},{"start":{"line":61,"column":8},"end":{"line":61,"column":8}}]},"8":{"line":66,"type":"if","locations":[{"start":{"line":66,"column":8},"end":{"line":66,"column":8}},{"start":{"line":66,"column":8},"end":{"line":66,"column":8}}]},"9":{"line":67,"type":"if","locations":[{"start":{"line":67,"column":8},"end":{"line":67,"column":8}},{"start":{"line":67,"column":8},"end":{"line":67,"column":8}}]},"10":{"line":72,"type":"if","locations":[{"start":{"line":72,"column":8},"end":{"line":72,"column":8}},{"start":{"line":72,"column":8},"end":{"line":72,"column":8}}]},"11":{"line":73,"type":"if","locations":[{"start":{"line":73,"column":8},"end":{"line":73,"column":8}},{"start":{"line":73,"column":8},"end":{"line":73,"column":8}}]},"12":{"line":78,"type":"if","locations":[{"start":{"line":78,"column":8},"end":{"line":78,"column":8}},{"start":{"line":78,"column":8},"end":{"line":78,"column":8}}]},"13":{"line":79,"type":"if","locations":[{"start":{"line":79,"column":8},"end":{"line":79,"column":8}},{"start":{"line":79,"column":8},"end":{"line":79,"column":8}}]},"14":{"line":84,"type":"if","locations":[{"start":{"line":84,"column":8},"end":{"line":84,"column":8}},{"start":{"line":84,"column":8},"end":{"line":84,"column":8}}]},"15":{"line":85,"type":"if","locations":[{"start":{"line":85,"column":8},"end":{"line":85,"column":8}},{"start":{"line":85,"column":8},"end":{"line":85,"column":8}}]},"16":{"line":90,"type":"if","locations":[{"start":{"line":90,"column":8},"end":{"line":90,"column":8}},{"start":{"line":90,"column":8},"end":{"line":90,"column":8}}]},"17":{"line":91,"type":"if","locations":[{"start":{"line":91,"column":8},"end":{"line":91,"column":8}},{"start":{"line":91,"column":8},"end":{"line":91,"column":8}}]},"18":{"line":96,"type":"if","locations":[{"start":{"line":96,"column":8},"end":{"line":96,"column":8}},{"start":{"line":96,"column":8},"end":{"line":96,"column":8}}]},"19":{"line":97,"type":"if","locations":[{"start":{"line":97,"column":8},"end":{"line":97,"column":8}},{"start":{"line":97,"column":8},"end":{"line":97,"column":8}}]},"20":{"line":102,"type":"if","locations":[{"start":{"line":102,"column":8},"end":{"line":102,"column":8}},{"start":{"line":102,"column":8},"end":{"line":102,"column":8}}]},"21":{"line":103,"type":"if","locations":[{"start":{"line":103,"column":8},"end":{"line":103,"column":8}},{"start":{"line":103,"column":8},"end":{"line":103,"column":8}}]},"22":{"line":108,"type":"if","locations":[{"start":{"line":108,"column":8},"end":{"line":108,"column":8}},{"start":{"line":108,"column":8},"end":{"line":108,"column":8}}]},"23":{"line":116,"type":"if","locations":[{"start":{"line":116,"column":8},"end":{"line":116,"column":8}},{"start":{"line":116,"column":8},"end":{"line":116,"column":8}}]},"24":{"line":117,"type":"if","locations":[{"start":{"line":117,"column":8},"end":{"line":117,"column":8}},{"start":{"line":117,"column":8},"end":{"line":117,"column":8}}]},"25":{"line":130,"type":"if","locations":[{"start":{"line":130,"column":8},"end":{"line":130,"column":8}},{"start":{"line":130,"column":8},"end":{"line":130,"column":8}}]},"26":{"line":131,"type":"if","locations":[{"start":{"line":131,"column":8},"end":{"line":131,"column":8}},{"start":{"line":131,"column":8},"end":{"line":131,"column":8}}]},"27":{"line":136,"type":"if","locations":[{"start":{"line":136,"column":8},"end":{"line":136,"column":8}},{"start":{"line":136,"column":8},"end":{"line":136,"column":8}}]},"28":{"line":137,"type":"if","locations":[{"start":{"line":137,"column":8},"end":{"line":137,"column":8}},{"start":{"line":137,"column":8},"end":{"line":137,"column":8}}]},"29":{"line":142,"type":"if","locations":[{"start":{"line":142,"column":8},"end":{"line":142,"column":8}},{"start":{"line":142,"column":8},"end":{"line":142,"column":8}}]},"30":{"line":143,"type":"if","locations":[{"start":{"line":143,"column":8},"end":{"line":143,"column":8}},{"start":{"line":143,"column":8},"end":{"line":143,"column":8}}]},"31":{"line":148,"type":"if","locations":[{"start":{"line":148,"column":8},"end":{"line":148,"column":8}},{"start":{"line":148,"column":8},"end":{"line":148,"column":8}}]},"32":{"line":149,"type":"if","locations":[{"start":{"line":149,"column":8},"end":{"line":149,"column":8}},{"start":{"line":149,"column":8},"end":{"line":149,"column":8}}]},"33":{"line":154,"type":"if","locations":[{"start":{"line":154,"column":8},"end":{"line":154,"column":8}},{"start":{"line":154,"column":8},"end":{"line":154,"column":8}}]},"34":{"line":155,"type":"if","locations":[{"start":{"line":155,"column":8},"end":{"line":155,"column":8}},{"start":{"line":155,"column":8},"end":{"line":155,"column":8}}]},"35":{"line":160,"type":"if","locations":[{"start":{"line":160,"column":8},"end":{"line":160,"column":8}},{"start":{"line":160,"column":8},"end":{"line":160,"column":8}}]}}},
"contracts/LandXNFT.sol":{"l":{"33":162,"34":162,"35":162,"36":162,"37":162,"53":57,"54":56,"58":55,"59":54,"60":54,"61":54,"62":54,"63":54,"64":54,"65":54,"66":54,"67":54,"68":54,"77":3,"81":2,"82":2,"86":4,"87":3,"91":2,"95":2,"96":1,"100":0},"path":"/home/andrey/landx/land-x-smart-contracts/contracts/LandXNFT.sol","s":{"1":162,"2":162,"3":57,"4":56,"5":55,"6":54,"7":3,"8":2,"9":4,"10":2,"11":2,"12":0},"b":{"1":[57,0],"2":[56,1],"3":[55,1],"4":[54,1],"5":[2,1],"6":[1,1],"7":[4,1],"8":[3,1],"9":[2,1],"10":[1,1]},"f":{"1":162,"2":57,"3":3,"4":4,"5":2,"6":2,"7":0},"fnMap":{"1":{"name":"constructor","line":31,"loc":{"start":{"line":30,"column":4},"end":{"line":38,"column":4}}},"2":{"name":"setDetailsAndMint","line":52,"loc":{"start":{"line":41,"column":4},"end":{"line":69,"column":4}}},"3":{"name":"burn","line":72,"loc":{"start":{"line":72,"column":4},"end":{"line":83,"column":4}}},"4":{"name":"setBaseURI","line":85,"loc":{"start":{"line":85,"column":4},"end":{"line":88,"column":4}}},"5":{"name":"uri","line":90,"loc":{"start":{"line":90,"column":4},"end":{"line":92,"column":4}}},"6":{"name":"setXTokenRouter","line":94,"loc":{"start":{"line":94,"column":4},"end":{"line":97,"column":4}}},"7":{"name":"supportsInterface","line":99,"loc":{"start":{"line":99,"column":4},"end":{"line":101,"column":4}}}},"statementMap":{"1":{"start":{"line":36,"column":8},"end":{"line":36,"column":49}},"2":{"start":{"line":37,"column":8},"end":{"line":37,"column":42}},"3":{"start":{"line":53,"column":8},"end":{"line":53,"column":76}},"4":{"start":{"line":54,"column":8},"end":{"line":54,"column":2175}},"5":{"start":{"line":58,"column":8},"end":{"line":58,"column":94}},"6":{"start":{"line":68,"column":8},"end":{"line":68,"column":32}},"7":{"start":{"line":77,"column":8},"end":{"line":77,"column":2934}},"8":{"start":{"line":81,"column":8},"end":{"line":81,"column":32}},"9":{"start":{"line":86,"column":8},"end":{"line":86,"column":56}},"10":{"start":{"line":91,"column":8},"end":{"line":91,"column":76}},"11":{"start":{"line":95,"column":8},"end":{"line":95,"column":68}},"12":{"start":{"line":100,"column":8},"end":{"line":100,"column":51}}},"branchMap":{"1":{"line":52,"type":"if","locations":[{"start":{"line":52,"column":13},"end":{"line":52,"column":13}},{"start":{"line":52,"column":13},"end":{"line":52,"column":13}}]},"2":{"line":53,"type":"if","locations":[{"start":{"line":53,"column":8},"end":{"line":53,"column":8}},{"start":{"line":53,"column":8},"end":{"line":53,"column":8}}]},"3":{"line":54,"type":"if","locations":[{"start":{"line":54,"column":8},"end":{"line":54,"column":8}},{"start":{"line":54,"column":8},"end":{"line":54,"column":8}}]},"4":{"line":58,"type":"if","locations":[{"start":{"line":58,"column":8},"end":{"line":58,"column":8}},{"start":{"line":58,"column":8},"end":{"line":58,"column":8}}]},"5":{"line":77,"type":"if","locations":[{"start":{"line":77,"column":8},"end":{"line":77,"column":8}},{"start":{"line":77,"column":8},"end":{"line":77,"column":8}}]},"6":{"line":78,"type":"cond-expr","locations":[{"start":{"line":78,"column":12},"end":{"line":78,"column":34}},{"start":{"line":78,"column":39},"end":{"line":78,"column":77}}]},"7":{"line":85,"type":"if","locations":[{"start":{"line":85,"column":53},"end":{"line":85,"column":53}},{"start":{"line":85,"column":53},"end":{"line":85,"column":53}}]},"8":{"line":86,"type":"if","locations":[{"start":{"line":86,"column":8},"end":{"line":86,"column":8}},{"start":{"line":86,"column":8},"end":{"line":86,"column":8}}]},"9":{"line":94,"type":"if","locations":[{"start":{"line":94,"column":53},"end":{"line":94,"column":53}},{"start":{"line":94,"column":53},"end":{"line":94,"column":53}}]},"10":{"line":95,"type":"if","locations":[{"start":{"line":95,"column":8},"end":{"line":95,"column":8}},{"start":{"line":95,"column":8},"end":{"line":95,"column":8}}]}}},
"contracts/LNDX.sol":{"l":{"94":96,"95":96,"96":96,"97":96,"98":96,"99":96,"100":96,"101":96,"103":96,"104":96,"106":0,"119":38,"120":38,"124":37,"125":11,"126":11,"127":11,"130":26,"131":25,"132":24,"133":22,"135":22,"136":22,"137":15,"140":1,"142":6,"145":22,"146":22,"147":22,"149":22,"151":22,"153":22,"154":22,"156":22,"159":22,"170":22,"171":22,"175":7,"176":7,"177":7,"178":6,"179":5,"180":5,"181":5,"182":5,"183":5,"186":5,"187":2,"190":5,"192":5,"193":5,"194":5,"195":5,"197":5,"198":5,"199":5,"201":5,"202":5,"203":5,"211":5,"212":5,"219":5,"220":5,"227":66,"228":1,"231":65,"232":28,"235":65,"236":28,"239":65,"241":65,"243":65,"244":26,"245":26,"247":26,"248":2,"249":2,"252":26,"253":26,"254":26,"256":26,"258":26,"259":26,"260":1,"261":1,"263":25,"266":25,"271":7,"272":7,"274":6,"275":1,"279":5,"282":5,"283":2,"284":2,"286":3,"287":3,"288":3,"289":3,"300":7,"301":7,"302":2,"303":2,"305":5,"306":5,"310":20,"311":20,"312":20,"313":20,"314":20,"315":20,"323":20,"324":20,"326":20,"327":20,"329":20,"330":20,"334":20,"338":6,"339":5,"340":4,"342":3,"343":3,"344":3,"346":3,"348":3,"349":3,"351":3,"352":3,"354":3,"356":3,"357":3,"359":3,"360":3,"361":3,"362":3,"366":12,"367":0,"370":12,"371":12,"373":12,"374":0,"377":12,"378":0,"381":12,"383":12,"385":12,"386":6,"387":6,"389":6,"390":0,"391":0,"394":6,"395":6,"396":6,"397":0,"398":0,"400":6,"404":6,"416":12,"418":12,"419":12,"421":12,"422":12,"424":12,"428":3,"429":3,"436":15,"437":15,"448":20,"449":8,"451":12,"452":6,"454":6,"455":6,"457":0,"461":1,"465":1},"path":"/home/andrey/landx/land-x-smart-contracts/contracts/LNDX.sol","s":{"1":96,"2":96,"3":96,"4":96,"5":38,"6":38,"7":37,"8":11,"9":11,"10":26,"11":25,"12":24,"13":22,"14":22,"15":22,"16":7,"17":22,"18":22,"19":22,"20":22,"21":22,"22":22,"23":7,"24":7,"25":6,"26":5,"27":5,"28":5,"29":5,"30":5,"31":5,"32":5,"33":5,"34":5,"35":5,"36":5,"37":5,"38":5,"39":5,"40":5,"41":5,"42":66,"43":1,"44":65,"45":65,"46":65,"47":65,"48":65,"49":26,"50":26,"51":26,"52":26,"53":26,"54":1,"55":7,"56":7,"57":6,"58":1,"59":5,"60":5,"61":2,"62":2,"63":3,"64":3,"65":3,"66":3,"67":7,"68":7,"69":2,"70":20,"71":20,"72":20,"73":20,"74":20,"75":20,"76":20,"77":6,"78":5,"79":4,"80":3,"81":3,"82":3,"83":3,"84":3,"85":3,"86":3,"87":3,"88":12,"89":0,"90":12,"91":12,"92":12,"93":12,"94":12,"95":12,"96":12,"97":6,"98":6,"99":6,"100":6,"101":6,"102":0,"103":6,"104":6,"105":12,"106":12,"107":12,"108":12,"109":12,"110":12,"111":3,"112":3,"113":15,"114":15,"115":20,"116":8,"117":12,"118":6,"119":6,"120":6,"121":0,"122":1,"123":1},"b":{"1":[96,0],"2":[96,0],"3":[96,0],"4":[38,1],"5":[37,1],"6":[11,26],"7":[25,1],"8":[24,1],"9":[22,2],"10":[15,7],"11":[1,6],"12":[5,1],"13":[2,3],"14":[1,65],"15":[28,37],"16":[28,37],"17":[26,39],"18":[2,24],"19":[1,25],"20":[6,1],"21":[1,5],"22":[2,3],"23":[7,1],"24":[2,5],"25":[20,0],"26":[5,1],"27":[4,1],"28":[3,1],"29":[0,12],"30":[0,12],"31":[0,12],"32":[6,6],"33":[0,6],"34":[0,6],"35":[12,0],"36":[8,12],"37":[6,6],"38":[6,0],"39":[1,0]},"f":{"1":96,"2":38,"3":7,"4":5,"5":5,"6":66,"7":7,"8":7,"9":20,"10":6,"11":12,"12":12,"13":3,"14":15,"15":20,"16":1,"17":1},"fnMap":{"1":{"name":"constructor","line":93,"loc":{"start":{"line":89,"column":4},"end":{"line":108,"column":4}}},"2":{"name":"grantLNDX","line":118,"loc":{"start":{"line":113,"column":3},"end":{"line":172,"column":4}}},"3":{"name":"claimVestedTokens","line":174,"loc":{"start":{"line":174,"column":4},"end":{"line":204,"column":4}}},"4":{"name":"computeGrantReward","line":206,"loc":{"start":{"line":206,"column":4},"end":{"line":216,"column":4}}},"5":{"name":"computeGrantFee","line":218,"loc":{"start":{"line":218,"column":4},"end":{"line":224,"column":4}}},"6":{"name":"_rewardsToDistribute","line":226,"loc":{"start":{"line":226,"column":4},"end":{"line":268,"column":4}}},"7":{"name":"calculateGrantClaim","line":270,"loc":{"start":{"line":270,"column":4},"end":{"line":291,"column":4}}},"8":{"name":"feeToDistribute","line":298,"loc":{"start":{"line":296,"column":5},"end":{"line":307,"column":4}}},"9":{"name":"stakeLNDX","line":309,"loc":{"start":{"line":309,"column":4},"end":{"line":335,"column":4}}},"10":{"name":"unstake","line":337,"loc":{"start":{"line":337,"column":4},"end":{"line":363,"column":4}}},"11":{"name":"_rewardsToDistributePreview","line":365,"loc":{"start":{"line":365,"column":4},"end":{"line":405,"column":4}}},"12":{"name":"unstakePreview","line":407,"loc":{"start":{"line":407,"column":4},"end":{"line":425,"column":4}}},"13":{"name":"computeStakeReward","line":427,"loc":{"start":{"line":427,"column":4},"end":{"line":433,"column":4}}},"14":{"name":"computeStakeFee","line":435,"loc":{"start":{"line":435,"column":4},"end":{"line":441,"column":4}}},"15":{"name":"_calculateEndDate","line":443,"loc":{"start":{"line":443,"column":4},"end":{"line":458,"column":4}}},"16":{"name":"decimals","line":460,"loc":{"start":{"line":460,"column":4},"end":{"line":462,"column":4}}},"17":{"name":"renounceOwnership","line":464,"loc":{"start":{"line":464,"column":4},"end":{"line":466,"column":4}}}},"statementMap":{"1":{"start":{"line":94,"column":8},"end":{"line":94,"column":66}},"2":{"start":{"line":95,"column":8},"end":{"line":95,"column":68}},"3":{"start":{"line":96,"column":8},"end":{"line":96,"column":49}},"4":{"start":{"line":103,"column":8},"end":{"line":103,"column":3104}},"5":{"start":{"line":119,"column":8},"end":{"line":119,"column":29}},"6":{"start":{"line":120,"column":8},"end":{"line":120,"column":3552}},"7":{"start":{"line":124,"column":8},"end":{"line":124,"column":3703}},"8":{"start":{"line":125,"column":12},"end":{"line":125,"column":35}},"9":{"start":{"line":127,"column":12},"end":{"line":127,"column":18}},"10":{"start":{"line":130,"column":8},"end":{"line":130,"column":69}},"11":{"start":{"line":131,"column":8},"end":{"line":131,"column":64}},"12":{"start":{"line":132,"column":8},"end":{"line":132,"column":78}},"13":{"start":{"line":133,"column":8},"end":{"line":133,"column":69}},"14":{"start":{"line":135,"column":8},"end":{"line":135,"column":25}},"15":{"start":{"line":136,"column":8},"end":{"line":136,"column":4194}},"16":{"start":{"line":139,"column":13},"end":{"line":139,"column":4306}},"17":{"start":{"line":145,"column":8},"end":{"line":145,"column":35}},"18":{"start":{"line":149,"column":8},"end":{"line":149,"column":59}},"19":{"start":{"line":151,"column":8},"end":{"line":151,"column":52}},"20":{"start":{"line":156,"column":8},"end":{"line":156,"column":4910}},"21":{"start":{"line":159,"column":8},"end":{"line":159,"column":4969}},"22":{"start":{"line":171,"column":8},"end":{"line":171,"column":104}},"23":{"start":{"line":175,"column":8},"end":{"line":175,"column":26}},"24":{"start":{"line":176,"column":8},"end":{"line":176,"column":28}},"25":{"start":{"line":178,"column":8},"end":{"line":178,"column":63}},"26":{"start":{"line":179,"column":8},"end":{"line":179,"column":29}},"27":{"start":{"line":180,"column":8},"end":{"line":180,"column":48}},"28":{"start":{"line":183,"column":8},"end":{"line":183,"column":5880}},"29":{"start":{"line":186,"column":9},"end":{"line":186,"column":5963}},"30":{"start":{"line":190,"column":8},"end":{"line":190,"column":53}},"31":{"start":{"line":193,"column":8},"end":{"line":193,"column":54}},"32":{"start":{"line":194,"column":8},"end":{"line":194,"column":69}},"33":{"start":{"line":197,"column":8},"end":{"line":197,"column":61}},"34":{"start":{"line":198,"column":8},"end":{"line":198,"column":77}},"35":{"start":{"line":201,"column":8},"end":{"line":201,"column":45}},"36":{"start":{"line":202,"column":8},"end":{"line":202,"column":73}},"37":{"start":{"line":203,"column":8},"end":{"line":203,"column":62}},"38":{"start":{"line":211,"column":8},"end":{"line":211,"column":47}},"39":{"start":{"line":212,"column":8},"end":{"line":212,"column":6927}},"40":{"start":{"line":219,"column":8},"end":{"line":219,"column":47}},"41":{"start":{"line":220,"column":8},"end":{"line":220,"column":7191}},"42":{"start":{"line":227,"column":6},"end":{"line":227,"column":7342}},"43":{"start":{"line":228,"column":12},"end":{"line":228,"column":18}},"44":{"start":{"line":231,"column":8},"end":{"line":231,"column":7435}},"45":{"start":{"line":235,"column":9},"end":{"line":235,"column":7558}},"46":{"start":{"line":239,"column":8},"end":{"line":239,"column":84}},"47":{"start":{"line":241,"column":8},"end":{"line":241,"column":32}},"48":{"start":{"line":243,"column":8},"end":{"line":243,"column":7794}},"49":{"start":{"line":244,"column":12},"end":{"line":244,"column":91}},"50":{"start":{"line":247,"column":12},"end":{"line":247,"column":7988}},"51":{"start":{"line":256,"column":17},"end":{"line":256,"column":50}},"52":{"start":{"line":258,"column":17},"end":{"line":258,"column":67}},"53":{"start":{"line":259,"column":16},"end":{"line":259,"column":8568}},"54":{"start":{"line":261,"column":20},"end":{"line":261,"column":26}},"55":{"start":{"line":271,"column":8},"end":{"line":271,"column":48}},"56":{"start":{"line":272,"column":8},"end":{"line":272,"column":72}},"57":{"start":{"line":274,"column":8},"end":{"line":274,"column":9210}},"58":{"start":{"line":275,"column":12},"end":{"line":275,"column":25}},"59":{"start":{"line":279,"column":8},"end":{"line":279,"column":74}},"60":{"start":{"line":282,"column":8},"end":{"line":282,"column":9464}},"61":{"start":{"line":283,"column":12},"end":{"line":283,"column":70}},"62":{"start":{"line":284,"column":12},"end":{"line":284,"column":78}},"63":{"start":{"line":286,"column":12},"end":{"line":286,"column":64}},"64":{"start":{"line":287,"column":12},"end":{"line":287,"column":77}},"65":{"start":{"line":288,"column":12},"end":{"line":288,"column":66}},"66":{"start":{"line":289,"column":12},"end":{"line":289,"column":45}},"67":{"start":{"line":300,"column":8},"end":{"line":300,"column":58}},"68":{"start":{"line":301,"column":8},"end":{"line":301,"column":10158}},"69":{"start":{"line":303,"column":12},"end":{"line":303,"column":18}},"70":{"start":{"line":310,"column":8},"end":{"line":310,"column":57}},"71":{"start":{"line":311,"column":8},"end":{"line":311,"column":51}},"72":{"start":{"line":312,"column":8},"end":{"line":312,"column":66}},"73":{"start":{"line":313,"column":8},"end":{"line":313,"column":51}},"74":{"start":{"line":314,"column":8},"end":{"line":314,"column":29}},"75":{"start":{"line":315,"column":8},"end":{"line":315,"column":10745}},"76":{"start":{"line":334,"column":8},"end":{"line":334,"column":67}},"77":{"start":{"line":338,"column":8},"end":{"line":338,"column":66}},"78":{"start":{"line":339,"column":8},"end":{"line":339,"column":69}},"79":{"start":{"line":340,"column":8},"end":{"line":340,"column":71}},"80":{"start":{"line":342,"column":8},"end":{"line":342,"column":41}},"81":{"start":{"line":346,"column":8},"end":{"line":346,"column":29}},"82":{"start":{"line":348,"column":8},"end":{"line":348,"column":53}},"83":{"start":{"line":349,"column":8},"end":{"line":349,"column":46}},"84":{"start":{"line":359,"column":8},"end":{"line":359,"column":63}},"85":{"start":{"line":360,"column":8},"end":{"line":360,"column":56}},"86":{"start":{"line":361,"column":8},"end":{"line":361,"column":45}},"87":{"start":{"line":362,"column":8},"end":{"line":362,"column":52}},"88":{"start":{"line":366,"column":6},"end":{"line":366,"column":12418}},"89":{"start":{"line":367,"column":12},"end":{"line":367,"column":20}},"90":{"start":{"line":370,"column":8},"end":{"line":370,"column":64}},"91":{"start":{"line":371,"column":8},"end":{"line":371,"column":56}},"92":{"start":{"line":373,"column":8},"end":{"line":373,"column":12638}},"93":{"start":{"line":377,"column":9},"end":{"line":377,"column":12737}},"94":{"start":{"line":381,"column":8},"end":{"line":381,"column":71}},"95":{"start":{"line":383,"column":8},"end":{"line":383,"column":32}},"96":{"start":{"line":385,"column":8},"end":{"line":385,"column":12934}},"97":{"start":{"line":386,"column":12},"end":{"line":386,"column":91}},"98":{"start":{"line":389,"column":12},"end":{"line":389,"column":13128}},"99":{"start":{"line":394,"column":17},"end":{"line":394,"column":67}},"100":{"start":{"line":395,"column":17},"end":{"line":395,"column":70}},"101":{"start":{"line":396,"column":16},"end":{"line":396,"column":13532}},"102":{"start":{"line":398,"column":20},"end":{"line":398,"column":28}},"103":{"start":{"line":400,"column":16},"end":{"line":400,"column":13695}},"104":{"start":{"line":404,"column":8},"end":{"line":404,"column":35}},"105":{"start":{"line":416,"column":8},"end":{"line":416,"column":69}},"106":{"start":{"line":418,"column":8},"end":{"line":418,"column":41}},"107":{"start":{"line":419,"column":8},"end":{"line":419,"column":69}},"108":{"start":{"line":421,"column":8},"end":{"line":421,"column":100}},"109":{"start":{"line":422,"column":8},"end":{"line":422,"column":46}},"110":{"start":{"line":424,"column":8},"end":{"line":424,"column":39}},"111":{"start":{"line":428,"column":8},"end":{"line":428,"column":45}},"112":{"start":{"line":429,"column":8},"end":{"line":429,"column":14581}},"113":{"start":{"line":436,"column":8},"end":{"line":436,"column":45}},"114":{"start":{"line":437,"column":8},"end":{"line":437,"column":14839}},"115":{"start":{"line":448,"column":8},"end":{"line":448,"column":15059}},"116":{"start":{"line":449,"column":12},"end":{"line":449,"column":46}},"117":{"start":{"line":451,"column":8},"end":{"line":451,"column":15164}},"118":{"start":{"line":452,"column":12},"end":{"line":452,"column":47}},"119":{"start":{"line":454,"column":8},"end":{"line":454,"column":15271}},"120":{"start":{"line":455,"column":12},"end":{"line":455,"column":51}},"121":{"start":{"line":457,"column":8},"end":{"line":457,"column":16}},"122":{"start":{"line":461,"column":8},"end":{"line":461,"column":16}},"123":{"start":{"line":465,"column":8},"end":{"line":465,"column":47}}},"branchMap":{"1":{"line":94,"type":"if","locations":[{"start":{"line":94,"column":8},"end":{"line":94,"column":8}},{"start":{"line":94,"column":8},"end":{"line":94,"column":8}}]},"2":{"line":95,"type":"if","locations":[{"start":{"line":95,"column":8},"end":{"line":95,"column":8}},{"start":{"line":95,"column":8},"end":{"line":95,"column":8}}]},"3":{"line":103,"type":"if","locations":[{"start":{"line":103,"column":8},"end":{"line":103,"column":8}},{"start":{"line":103,"column":8},"end":{"line":103,"column":8}}]},"4":{"line":118,"type":"if","locations":[{"start":{"line":118,"column":15},"end":{"line":118,"column":15}},{"start":{"line":118,"column":15},"end":{"line":118,"column":15}}]},"5":{"line":120,"type":"if","locations":[{"start":{"line":120,"column":8},"end":{"line":120,"column":8}},{"start":{"line":120,"column":8},"end":{"line":120,"column":8}}]},"6":{"line":124,"type":"if","locations":[{"start":{"line":124,"column":8},"end":{"line":124,"column":8}},{"start":{"line":124,"column":8},"end":{"line":124,"column":8}}]},"7":{"line":130,"type":"if","locations":[{"start":{"line":130,"column":8},"end":{"line":130,"column":8}},{"start":{"line":130,"column":8},"end":{"line":130,"column":8}}]},"8":{"line":131,"type":"if","locations":[{"start":{"line":131,"column":8},"end":{"line":131,"column":8}},{"start":{"line":131,"column":8},"end":{"line":131,"column":8}}]},"9":{"line":132,"type":"if","locations":[{"start":{"line":132,"column":8},"end":{"line":132,"column":8}},{"start":{"line":132,"column":8},"end":{"line":132,"column":8}}]},"10":{"line":136,"type":"if","locations":[{"start":{"line":136,"column":8},"end":{"line":136,"column":8}},{"start":{"line":136,"column":8},"end":{"line":136,"column":8}}]},"11":{"line":139,"type":"if","locations":[{"start":{"line":139,"column":13},"end":{"line":139,"column":13}},{"start":{"line":139,"column":13},"end":{"line":139,"column":13}}]},"12":{"line":178,"type":"if","locations":[{"start":{"line":178,"column":8},"end":{"line":178,"column":8}},{"start":{"line":178,"column":8},"end":{"line":178,"column":8}}]},"13":{"line":186,"type":"if","locations":[{"start":{"line":186,"column":9},"end":{"line":186,"column":9}},{"start":{"line":186,"column":9},"end":{"line":186,"column":9}}]},"14":{"line":227,"type":"if","locations":[{"start":{"line":227,"column":6},"end":{"line":227,"column":6}},{"start":{"line":227,"column":6},"end":{"line":227,"column":6}}]},"15":{"line":231,"type":"if","locations":[{"start":{"line":231,"column":8},"end":{"line":231,"column":8}},{"start":{"line":231,"column":8},"end":{"line":231,"column":8}}]},"16":{"line":235,"type":"if","locations":[{"start":{"line":235,"column":9},"end":{"line":235,"column":9}},{"start":{"line":235,"column":9},"end":{"line":235,"column":9}}]},"17":{"line":243,"type":"if","locations":[{"start":{"line":243,"column":8},"end":{"line":243,"column":8}},{"start":{"line":243,"column":8},"end":{"line":243,"column":8}}]},"18":{"line":247,"type":"if","locations":[{"start":{"line":247,"column":12},"end":{"line":247,"column":12}},{"start":{"line":247,"column":12},"end":{"line":247,"column":12}}]},"19":{"line":259,"type":"if","locations":[{"start":{"line":259,"column":16},"end":{"line":259,"column":16}},{"start":{"line":259,"column":16},"end":{"line":259,"column":16}}]},"20":{"line":272,"type":"if","locations":[{"start":{"line":272,"column":8},"end":{"line":272,"column":8}},{"start":{"line":272,"column":8},"end":{"line":272,"column":8}}]},"21":{"line":274,"type":"if","locations":[{"start":{"line":274,"column":8},"end":{"line":274,"column":8}},{"start":{"line":274,"column":8},"end":{"line":274,"column":8}}]},"22":{"line":282,"type":"if","locations":[{"start":{"line":282,"column":8},"end":{"line":282,"column":8}},{"start":{"line":282,"column":8},"end":{"line":282,"column":8}}]},"23":{"line":298,"type":"if","locations":[{"start":{"line":298,"column":8},"end":{"line":298,"column":8}},{"start":{"line":298,"column":8},"end":{"line":298,"column":8}}]},"24":{"line":301,"type":"if","locations":[{"start":{"line":301,"column":8},"end":{"line":301,"column":8}},{"start":{"line":301,"column":8},"end":{"line":301,"column":8}}]},"25":{"line":310,"type":"if","locations":[{"start":{"line":310,"column":8},"end":{"line":310,"column":8}},{"start":{"line":310,"column":8},"end":{"line":310,"column":8}}]},"26":{"line":338,"type":"if","locations":[{"start":{"line":338,"column":8},"end":{"line":338,"column":8}},{"start":{"line":338,"column":8},"end":{"line":338,"column":8}}]},"27":{"line":339,"type":"if","locations":[{"start":{"line":339,"column":8},"end":{"line":339,"column":8}},{"start":{"line":339,"column":8},"end":{"line":339,"column":8}}]},"28":{"line":340,"type":"if","locations":[{"start":{"line":340,"column":8},"end":{"line":340,"column":8}},{"start":{"line":340,"column":8},"end":{"line":340,"column":8}}]},"29":{"line":366,"type":"if","locations":[{"start":{"line":366,"column":6},"end":{"line":366,"column":6}},{"start":{"line":366,"column":6},"end":{"line":366,"column":6}}]},"30":{"line":373,"type":"if","locations":[{"start":{"line":373,"column":8},"end":{"line":373,"column":8}},{"start":{"line":373,"column":8},"end":{"line":373,"column":8}}]},"31":{"line":377,"type":"if","locations":[{"start":{"line":377,"column":9},"end":{"line":377,"column":9}},{"start":{"line":377,"column":9},"end":{"line":377,"column":9}}]},"32":{"line":385,"type":"if","locations":[{"start":{"line":385,"column":8},"end":{"line":385,"column":8}},{"start":{"line":385,"column":8},"end":{"line":385,"column":8}}]},"33":{"line":389,"type":"if","locations":[{"start":{"line":389,"column":12},"end":{"line":389,"column":12}},{"start":{"line":389,"column":12},"end":{"line":389,"column":12}}]},"34":{"line":396,"type":"if","locations":[{"start":{"line":396,"column":16},"end":{"line":396,"column":16}},{"start":{"line":396,"column":16},"end":{"line":396,"column":16}}]},"35":{"line":416,"type":"if","locations":[{"start":{"line":416,"column":8},"end":{"line":416,"column":8}},{"start":{"line":416,"column":8},"end":{"line":416,"column":8}}]},"36":{"line":448,"type":"if","locations":[{"start":{"line":448,"column":8},"end":{"line":448,"column":8}},{"start":{"line":448,"column":8},"end":{"line":448,"column":8}}]},"37":{"line":451,"type":"if","locations":[{"start":{"line":451,"column":8},"end":{"line":451,"column":8}},{"start":{"line":451,"column":8},"end":{"line":451,"column":8}}]},"38":{"line":454,"type":"if","locations":[{"start":{"line":454,"column":8},"end":{"line":454,"column":8}},{"start":{"line":454,"column":8},"end":{"line":454,"column":8}}]},"39":{"line":464,"type":"if","locations":[{"start":{"line":464,"column":54},"end":{"line":464,"column":54}},{"start":{"line":464,"column":54},"end":{"line":464,"column":54}}]}}},
"contracts/OraclePrices.sol":{"l":{"31":36,"32":36,"33":36,"34":36,"36":36,"37":36,"38":36,"39":36,"41":36,"42":36,"43":36,"47":3,"48":2,"49":1,"53":52,"54":51,"55":50,"56":49,"60":4,"61":1,"64":3,"65":3,"66":1,"69":2,"70":2,"72":2,"73":2,"74":1,"79":1,"84":4},"path":"/home/andrey/landx/land-x-smart-contracts/contracts/OraclePrices.sol","s":{"1":36,"2":36,"3":36,"4":36,"5":3,"6":2,"7":52,"8":51,"9":50,"10":4,"11":1,"12":3,"13":3,"14":1,"15":2,"16":2,"17":2,"18":1,"19":1,"20":4},"b":{"1":[36,0],"2":[36,0],"3":[36,0],"4":[2,1],"5":[1,1],"6":[51,1],"7":[50,1],"8":[49,1],"9":[1,3],"10":[1,2],"11":[1,1]},"f":{"1":36,"2":3,"3":52,"4":4,"5":4},"fnMap":{"1":{"name":"constructor","line":25,"loc":{"start":{"line":25,"column":4},"end":{"line":44,"column":4}}},"2":{"name":"setGrainPrice","line":46,"loc":{"start":{"line":46,"column":4},"end":{"line":50,"column":4}}},"3":{"name":"setXTokenPrice","line":52,"loc":{"start":{"line":52,"column":4},"end":{"line":57,"column":4}}},"4":{"name":"getXTokenPrice","line":59,"loc":{"start":{"line":59,"column":4},"end":{"line":81,"column":4}}},"5":{"name":"getXtokenPool","line":83,"loc":{"start":{"line":83,"column":4},"end":{"line":85,"column":4}}}},"statementMap":{"1":{"start":{"line":31,"column":8},"end":{"line":31,"column":67}},"2":{"start":{"line":32,"column":8},"end":{"line":32,"column":78}},"3":{"start":{"line":33,"column":8},"end":{"line":33,"column":76}},"4":{"start":{"line":34,"column":8},"end":{"line":34,"column":45}},"5":{"start":{"line":47,"column":8},"end":{"line":47,"column":74}},"6":{"start":{"line":48,"column":8},"end":{"line":48,"column":65}},"7":{"start":{"line":53,"column":8},"end":{"line":53,"column":74}},"8":{"start":{"line":54,"column":8},"end":{"line":54,"column":68}},"9":{"start":{"line":55,"column":8},"end":{"line":55,"column":65}},"10":{"start":{"line":60,"column":8},"end":{"line":60,"column":2283}},"11":{"start":{"line":61,"column":12},"end":{"line":61,"column":39}},"12":{"start":{"line":64,"column":8},"end":{"line":64,"column":44}},"13":{"start":{"line":65,"column":8},"end":{"line":65,"column":2434}},"14":{"start":{"line":66,"column":12},"end":{"line":66,"column":35}},"15":{"start":{"line":69,"column":8},"end":{"line":69,"column":58}},"16":{"start":{"line":70,"column":8},"end":{"line":70,"column":28}},"17":{"start":{"line":73,"column":8},"end":{"line":73,"column":2675}},"18":{"start":{"line":74,"column":12},"end":{"line":74,"column":2734}},"19":{"start":{"line":79,"column":8},"end":{"line":79,"column":2913}},"20":{"start":{"line":84,"column":8},"end":{"line":84,"column":76}}},"branchMap":{"1":{"line":31,"type":"if","locations":[{"start":{"line":31,"column":8},"end":{"line":31,"column":8}},{"start":{"line":31,"column":8},"end":{"line":31,"column":8}}]},"2":{"line":32,"type":"if","locations":[{"start":{"line":32,"column":8},"end":{"line":32,"column":8}},{"start":{"line":32,"column":8},"end":{"line":32,"column":8}}]},"3":{"line":33,"type":"if","locations":[{"start":{"line":33,"column":8},"end":{"line":33,"column":8}},{"start":{"line":33,"column":8},"end":{"line":33,"column":8}}]},"4":{"line":47,"type":"if","locations":[{"start":{"line":47,"column":8},"end":{"line":47,"column":8}},{"start":{"line":47,"column":8},"end":{"line":47,"column":8}}]},"5":{"line":48,"type":"if","locations":[{"start":{"line":48,"column":8},"end":{"line":48,"column":8}},{"start":{"line":48,"column":8},"end":{"line":48,"column":8}}]},"6":{"line":53,"type":"if","locations":[{"start":{"line":53,"column":8},"end":{"line":53,"column":8}},{"start":{"line":53,"column":8},"end":{"line":53,"column":8}}]},"7":{"line":54,"type":"if","locations":[{"start":{"line":54,"column":8},"end":{"line":54,"column":8}},{"start":{"line":54,"column":8},"end":{"line":54,"column":8}}]},"8":{"line":55,"type":"if","locations":[{"start":{"line":55,"column":8},"end":{"line":55,"column":8}},{"start":{"line":55,"column":8},"end":{"line":55,"column":8}}]},"9":{"line":60,"type":"if","locations":[{"start":{"line":60,"column":8},"end":{"line":60,"column":8}},{"start":{"line":60,"column":8},"end":{"line":60,"column":8}}]},"10":{"line":65,"type":"if","locations":[{"start":{"line":65,"column":8},"end":{"line":65,"column":8}},{"start":{"line":65,"column":8},"end":{"line":65,"column":8}}]},"11":{"line":73,"type":"if","locations":[{"start":{"line":73,"column":8},"end":{"line":73,"column":8}},{"start":{"line":73,"column":8},"end":{"line":73,"column":8}}]}}},
"contracts/RentFoundation.sol":{"l":{"55":90,"56":90,"57":90,"58":90,"59":90,"60":90,"61":90,"62":90,"63":90,"64":90,"65":90,"66":90,"67":90,"72":10,"73":9,"74":3,"75":2,"77":8,"81":7,"82":7,"84":7,"89":7,"93":7,"95":7,"96":7,"97":7,"102":16,"103":16,"107":15,"111":14,"112":14,"113":14,"114":14,"115":14,"119":8,"120":8,"121":8,"123":8,"130":4,"131":4,"135":3,"140":2,"142":2,"143":1,"146":1,"149":1,"150":1,"151":1,"152":1,"154":1,"155":1,"159":4,"160":4,"164":3,"169":2,"171":2,"172":1,"175":1,"177":1,"181":2,"182":2,"183":1,"184":1,"186":1,"187":1,"191":8,"193":8,"195":8,"196":8,"197":8,"201":8,"208":0,"209":0,"210":0,"211":0,"212":0,"213":0,"215":0,"219":0,"220":0,"221":0,"222":0,"223":0,"224":0,"226":0,"230":0,"231":0,"232":0,"236":0,"240":0,"244":2,"245":1,"249":2,"250":1,"255":2,"256":1,"260":1},"path":"/home/andrey/landx/land-x-smart-contracts/contracts/RentFoundation.sol","s":{"1":90,"2":90,"3":90,"4":90,"5":90,"6":90,"7":10,"8":9,"9":3,"10":8,"11":7,"12":7,"13":7,"14":7,"15":7,"16":7,"17":7,"18":16,"19":16,"20":15,"21":14,"22":8,"23":8,"24":8,"25":8,"26":4,"27":4,"28":3,"29":2,"30":2,"31":1,"32":1,"33":1,"34":1,"35":4,"36":4,"37":3,"38":2,"39":2,"40":1,"41":1,"42":1,"43":2,"44":2,"45":1,"46":1,"47":1,"48":1,"49":8,"50":8,"51":8,"52":8,"53":8,"54":8,"55":0,"56":0,"57":0,"58":0,"59":0,"60":0,"61":0,"62":0,"63":0,"64":0,"65":0,"66":0,"67":0,"68":0,"69":0,"70":2,"71":2,"72":2,"73":1},"b":{"1":[90,0],"2":[90,0],"3":[90,0],"4":[90,0],"5":[90,0],"6":[90,0],"7":[9,1],"8":[3,6],"9":[2,1],"10":[7,1],"11":[15,1],"12":[14,1],"13":[3,1],"14":[2,1],"15":[1,1],"16":[3,1],"17":[2,1],"18":[1,1],"19":[1,1],"20":[0,0],"21":[0,0],"22":[0,0],"23":[0,0],"24":[2,1],"25":[1,1],"26":[2,1],"27":[1,1],"28":[2,1],"29":[1,1],"30":[1,0]},"f":{"1":90,"2":10,"3":16,"4":8,"5":4,"6":4,"7":2,"8":8,"9":0,"10":0,"11":0,"12":0,"13":0,"14":2,"15":2,"16":2,"17":1},"fnMap":{"1":{"name":"constructor","line":46,"loc":{"start":{"line":46,"column":4},"end":{"line":68,"column":4}}},"2":{"name":"payRent","line":71,"loc":{"start":{"line":71,"column":4},"end":{"line":98,"column":4}}},"3":{"name":"payInitialRent","line":101,"loc":{"start":{"line":101,"column":4},"end":{"line":116,"column":4}}},"4":{"name":"getDepositBalance","line":118,"loc":{"start":{"line":118,"column":4},"end":{"line":126,"column":4}}},"5":{"name":"buyOut","line":129,"loc":{"start":{"line":129,"column":4},"end":{"line":156,"column":4}}},"6":{"name":"buyOutPreview","line":158,"loc":{"start":{"line":158,"column":5},"end":{"line":178,"column":4}}},"7":{"name":"sellCToken","line":180,"loc":{"start":{"line":180,"column":4},"end":{"line":188,"column":4}}},"8":{"name":"_feeDistributor","line":190,"loc":{"start":{"line":190,"column":4},"end":{"line":205,"column":4}}},"9":{"name":"previewSurplusUSDC","line":207,"loc":{"start":{"line":207,"column":5},"end":{"line":216,"column":4}}},"10":{"name":"_getSurplusUSDC","line":218,"loc":{"start":{"line":218,"column":5},"end":{"line":227,"column":4}}},"11":{"name":"withdrawSurplusUSDC","line":229,"loc":{"start":{"line":229,"column":4},"end":{"line":233,"column":4}}},"12":{"name":"updateDistributor","line":235,"loc":{"start":{"line":235,"column":4},"end":{"line":237,"column":4}}},"13":{"name":"updateCrops","line":239,"loc":{"start":{"line":239,"column":4},"end":{"line":241,"column":4}}},"14":{"name":"setXTokenRouter","line":243,"loc":{"start":{"line":243,"column":4},"end":{"line":246,"column":4}}},"15":{"name":"setGrainPrices","line":248,"loc":{"start":{"line":248,"column":4},"end":{"line":251,"column":4}}},"16":{"name":"changeLandXNFTAddress","line":254,"loc":{"start":{"line":254,"column":4},"end":{"line":257,"column":4}}},"17":{"name":"renounceOwnership","line":259,"loc":{"start":{"line":259,"column":4},"end":{"line":261,"column":4}}}},"statementMap":{"1":{"start":{"line":55,"column":8},"end":{"line":55,"column":66}},"2":{"start":{"line":56,"column":8},"end":{"line":56,"column":66}},"3":{"start":{"line":57,"column":8},"end":{"line":57,"column":73}},"4":{"start":{"line":58,"column":8},"end":{"line":58,"column":70}},"5":{"start":{"line":59,"column":8},"end":{"line":59,"column":73}},"6":{"start":{"line":60,"column":8},"end":{"line":60,"column":79}},"7":{"start":{"line":72,"column":8},"end":{"line":72,"column":75}},"8":{"start":{"line":73,"column":8},"end":{"line":73,"column":2562}},"9":{"start":{"line":74,"column":12},"end":{"line":74,"column":86}},"10":{"start":{"line":77,"column":8},"end":{"line":77,"column":2782}},"11":{"start":{"line":81,"column":8},"end":{"line":81,"column":79}},"12":{"start":{"line":82,"column":8},"end":{"line":82,"column":3055}},"13":{"start":{"line":84,"column":8},"end":{"line":84,"column":3122}},"14":{"start":{"line":89,"column":8},"end":{"line":89,"column":3339}},"15":{"start":{"line":93,"column":8},"end":{"line":93,"column":3502}},"16":{"start":{"line":95,"column":8},"end":{"line":95,"column":35}},"17":{"start":{"line":97,"column":8},"end":{"line":97,"column":43}},"18":{"start":{"line":102,"column":8},"end":{"line":102,"column":51}},"19":{"start":{"line":103,"column":8},"end":{"line":103,"column":4001}},"20":{"start":{"line":107,"column":8},"end":{"line":107,"column":4117}},"21":{"start":{"line":115,"column":8},"end":{"line":115,"column":45}},"22":{"start":{"line":119,"column":8},"end":{"line":119,"column":78}},"23":{"start":{"line":120,"column":8},"end":{"line":120,"column":40}},"24":{"start":{"line":121,"column":8},"end":{"line":121,"column":4735}},"25":{"start":{"line":123,"column":8},"end":{"line":123,"column":4904}},"26":{"start":{"line":130,"column":8},"end":{"line":130,"column":51}},"27":{"start":{"line":131,"column":8},"end":{"line":131,"column":5276}},"28":{"start":{"line":135,"column":8},"end":{"line":135,"column":5389}},"29":{"start":{"line":140,"column":8},"end":{"line":140,"column":58}},"30":{"start":{"line":142,"column":8},"end":{"line":142,"column":5573}},"31":{"start":{"line":143,"column":12},"end":{"line":143,"column":35}},"32":{"start":{"line":146,"column":8},"end":{"line":146,"column":91}},"33":{"start":{"line":154,"column":8},"end":{"line":154,"column":44}},"34":{"start":{"line":155,"column":8},"end":{"line":155,"column":25}},"35":{"start":{"line":159,"column":8},"end":{"line":159,"column":51}},"36":{"start":{"line":160,"column":8},"end":{"line":160,"column":6203}},"37":{"start":{"line":164,"column":8},"end":{"line":164,"column":6316}},"38":{"start":{"line":169,"column":8},"end":{"line":169,"column":58}},"39":{"start":{"line":171,"column":8},"end":{"line":171,"column":6500}},"40":{"start":{"line":172,"column":12},"end":{"line":172,"column":29}},"41":{"start":{"line":175,"column":8},"end":{"line":175,"column":91}},"42":{"start":{"line":177,"column":8},"end":{"line":177,"column":33}},"43":{"start":{"line":181,"column":8},"end":{"line":181,"column":55}},"44":{"start":{"line":182,"column":8},"end":{"line":182,"column":77}},"45":{"start":{"line":183,"column":8},"end":{"line":183,"column":74}},"46":{"start":{"line":184,"column":8},"end":{"line":184,"column":7100}},"47":{"start":{"line":186,"column":8},"end":{"line":186,"column":56}},"48":{"start":{"line":187,"column":8},"end":{"line":187,"column":36}},"49":{"start":{"line":191,"column":8},"end":{"line":191,"column":7339}},"50":{"start":{"line":193,"column":8},"end":{"line":193,"column":7486}},"51":{"start":{"line":195,"column":8},"end":{"line":195,"column":35}},"52":{"start":{"line":196,"column":8},"end":{"line":196,"column":43}},"53":{"start":{"line":197,"column":8},"end":{"line":197,"column":7637}},"54":{"start":{"line":201,"column":8},"end":{"line":201,"column":7754}},"55":{"start":{"line":208,"column":8},"end":{"line":208,"column":30}},"56":{"start":{"line":209,"column":8},"end":{"line":209,"column":7988}},"57":{"start":{"line":210,"column":12},"end":{"line":210,"column":68}},"58":{"start":{"line":211,"column":12},"end":{"line":211,"column":77}},"59":{"start":{"line":212,"column":12},"end":{"line":212,"column":78}},"60":{"start":{"line":215,"column":8},"end":{"line":215,"column":29}},"61":{"start":{"line":219,"column":8},"end":{"line":219,"column":27}},"62":{"start":{"line":220,"column":8},"end":{"line":220,"column":8441}},"63":{"start":{"line":221,"column":12},"end":{"line":221,"column":68}},"64":{"start":{"line":222,"column":12},"end":{"line":222,"column":73}},"65":{"start":{"line":223,"column":12},"end":{"line":223,"column":78}},"66":{"start":{"line":226,"column":8},"end":{"line":226,"column":29}},"67":{"start":{"line":230,"column":8},"end":{"line":230,"column":74}},"68":{"start":{"line":231,"column":8},"end":{"line":231,"column":115}},"69":{"start":{"line":232,"column":8},"end":{"line":232,"column":42}},"70":{"start":{"line":244,"column":8},"end":{"line":244,"column":68}},"71":{"start":{"line":249,"column":8},"end":{"line":249,"column":73}},"72":{"start":{"line":255,"column":8},"end":{"line":255,"column":72}},"73":{"start":{"line":260,"column":8},"end":{"line":260,"column":47}}},"branchMap":{"1":{"line":55,"type":"if","locations":[{"start":{"line":55,"column":8},"end":{"line":55,"column":8}},{"start":{"line":55,"column":8},"end":{"line":55,"column":8}}]},"2":{"line":56,"type":"if","locations":[{"start":{"line":56,"column":8},"end":{"line":56,"column":8}},{"start":{"line":56,"column":8},"end":{"line":56,"column":8}}]},"3":{"line":57,"type":"if","locations":[{"start":{"line":57,"column":8},"end":{"line":57,"column":8}},{"start":{"line":57,"column":8},"end":{"line":57,"column":8}}]},"4":{"line":58,"type":"if","locations":[{"start":{"line":58,"column":8},"end":{"line":58,"column":8}},{"start":{"line":58,"column":8},"end":{"line":58,"column":8}}]},"5":{"line":59,"type":"if","locations":[{"start":{"line":59,"column":8},"end":{"line":59,"column":8}},{"start":{"line":59,"column":8},"end":{"line":59,"column":8}}]},"6":{"line":60,"type":"if","locations":[{"start":{"line":60,"column":8},"end":{"line":60,"column":8}},{"start":{"line":60,"column":8},"end":{"line":60,"column":8}}]},"7":{"line":72,"type":"if","locations":[{"start":{"line":72,"column":8},"end":{"line":72,"column":8}},{"start":{"line":72,"column":8},"end":{"line":72,"column":8}}]},"8":{"line":73,"type":"if","locations":[{"start":{"line":73,"column":8},"end":{"line":73,"column":8}},{"start":{"line":73,"column":8},"end":{"line":73,"column":8}}]},"9":{"line":74,"type":"if","locations":[{"start":{"line":74,"column":12},"end":{"line":74,"column":12}},{"start":{"line":74,"column":12},"end":{"line":74,"column":12}}]},"10":{"line":77,"type":"if","locations":[{"start":{"line":77,"column":8},"end":{"line":77,"column":8}},{"start":{"line":77,"column":8},"end":{"line":77,"column":8}}]},"11":{"line":103,"type":"if","locations":[{"start":{"line":103,"column":8},"end":{"line":103,"column":8}},{"start":{"line":103,"column":8},"end":{"line":103,"column":8}}]},"12":{"line":107,"type":"if","locations":[{"start":{"line":107,"column":8},"end":{"line":107,"column":8}},{"start":{"line":107,"column":8},"end":{"line":107,"column":8}}]},"13":{"line":131,"type":"if","locations":[{"start":{"line":131,"column":8},"end":{"line":131,"column":8}},{"start":{"line":131,"column":8},"end":{"line":131,"column":8}}]},"14":{"line":135,"type":"if","locations":[{"start":{"line":135,"column":8},"end":{"line":135,"column":8}},{"start":{"line":135,"column":8},"end":{"line":135,"column":8}}]},"15":{"line":142,"type":"if","locations":[{"start":{"line":142,"column":8},"end":{"line":142,"column":8}},{"start":{"line":142,"column":8},"end":{"line":142,"column":8}}]},"16":{"line":160,"type":"if","locations":[{"start":{"line":160,"column":8},"end":{"line":160,"column":8}},{"start":{"line":160,"column":8},"end":{"line":160,"column":8}}]},"17":{"line":164,"type":"if","locations":[{"start":{"line":164,"column":8},"end":{"line":164,"column":8}},{"start":{"line":164,"column":8},"end":{"line":164,"column":8}}]},"18":{"line":171,"type":"if","locations":[{"start":{"line":171,"column":8},"end":{"line":171,"column":8}},{"start":{"line":171,"column":8},"end":{"line":171,"column":8}}]},"19":{"line":182,"type":"if","locations":[{"start":{"line":182,"column":8},"end":{"line":182,"column":8}},{"start":{"line":182,"column":8},"end":{"line":182,"column":8}}]},"20":{"line":230,"type":"if","locations":[{"start":{"line":230,"column":8},"end":{"line":230,"column":8}},{"start":{"line":230,"column":8},"end":{"line":230,"column":8}}]},"21":{"line":231,"type":"if","locations":[{"start":{"line":231,"column":8},"end":{"line":231,"column":8}},{"start":{"line":231,"column":8},"end":{"line":231,"column":8}}]},"22":{"line":235,"type":"if","locations":[{"start":{"line":235,"column":60},"end":{"line":235,"column":60}},{"start":{"line":235,"column":60},"end":{"line":235,"column":60}}]},"23":{"line":239,"type":"if","locations":[{"start":{"line":239,"column":56},"end":{"line":239,"column":56}},{"start":{"line":239,"column":56},"end":{"line":239,"column":56}}]},"24":{"line":243,"type":"if","locations":[{"start":{"line":243,"column":53},"end":{"line":243,"column":53}},{"start":{"line":243,"column":53},"end":{"line":243,"column":53}}]},"25":{"line":244,"type":"if","locations":[{"start":{"line":244,"column":8},"end":{"line":244,"column":8}},{"start":{"line":244,"column":8},"end":{"line":244,"column":8}}]},"26":{"line":248,"type":"if","locations":[{"start":{"line":248,"column":57},"end":{"line":248,"column":57}},{"start":{"line":248,"column":57},"end":{"line":248,"column":57}}]},"27":{"line":249,"type":"if","locations":[{"start":{"line":249,"column":8},"end":{"line":249,"column":8}},{"start":{"line":249,"column":8},"end":{"line":249,"column":8}}]},"28":{"line":254,"type":"if","locations":[{"start":{"line":254,"column":63},"end":{"line":254,"column":63}},{"start":{"line":254,"column":63},"end":{"line":254,"column":63}}]},"29":{"line":255,"type":"if","locations":[{"start":{"line":255,"column":8},"end":{"line":255,"column":8}},{"start":{"line":255,"column":8},"end":{"line":255,"column":8}}]},"30":{"line":259,"type":"if","locations":[{"start":{"line":259,"column":54},"end":{"line":259,"column":54}},{"start":{"line":259,"column":54},"end":{"line":259,"column":54}}]}}},
"contracts/xBasket.sol":{"l":{"43":48,"44":48,"45":48,"46":48,"47":48,"48":48,"49":48,"50":48,"51":48,"52":48,"53":48,"54":48,"55":48,"56":48,"57":48,"58":48,"59":48,"60":48,"65":1,"70":1,"79":1,"87":16,"88":16,"89":16,"90":12,"92":4,"93":4,"94":4,"95":4,"96":4,"98":16,"107":1,"111":5,"112":5,"113":5,"114":2,"116":3,"117":3,"118":3,"119":3,"120":3,"121":3,"131":12,"141":3,"151":1,"161":2,"171":11,"181":2,"191":1,"201":1,"210":12,"215":11,"216":11,"218":11,"227":3,"229":2,"230":2,"232":2,"240":1,"245":1,"246":1,"248":1,"256":2,"258":1,"259":1,"261":1,"269":15,"270":15,"271":15,"272":15,"273":15,"279":15,"280":15,"281":15,"282":60,"283":0,"286":15,"295":13,"296":13,"297":13,"298":13,"299":13,"300":13,"301":13,"302":13,"303":13,"304":13,"314":2,"315":0,"317":2,"319":2,"320":2,"321":2,"322":2,"323":2,"324":2,"325":2,"326":2,"327":2,"328":2,"334":23,"335":23,"336":23,"337":23,"339":23,"340":23,"341":23,"342":23,"345":23,"346":23,"347":23,"348":23,"351":23,"352":23,"353":23,"354":23,"355":23,"356":23,"357":23,"363":23,"364":23,"365":23,"366":23,"367":23,"370":23,"371":23,"372":23,"373":23,"376":23,"377":23,"381":23,"385":23,"389":23,"393":23,"398":23,"399":23,"400":23,"401":23,"406":1,"407":1,"408":1,"409":0,"411":1,"412":1,"417":2,"418":2,"419":2,"420":2,"421":2,"422":2,"423":2,"424":2,"426":2,"427":2,"429":2,"430":2,"432":2,"433":2,"435":2,"436":2,"438":2,"439":2,"440":2,"441":2,"442":2,"443":2,"444":2,"445":2,"447":2,"451":8,"452":8,"456":8,"458":8,"459":8,"460":8,"462":8,"464":8,"475":8,"479":1,"489":1},"path":"/home/andrey/landx/land-x-smart-contracts/contracts/xBasket.sol","s":{"1":48,"2":48,"3":48,"4":48,"5":1,"6":1,"7":1,"8":16,"9":16,"10":16,"11":4,"12":4,"13":4,"14":4,"15":16,"16":1,"17":5,"18":5,"19":5,"20":2,"21":3,"22":3,"23":3,"24":3,"25":3,"26":3,"27":12,"28":3,"29":1,"30":2,"31":11,"32":2,"33":1,"34":1,"35":12,"36":11,"37":11,"38":11,"39":3,"40":2,"41":2,"42":2,"43":1,"44":1,"45":1,"46":1,"47":2,"48":1,"49":1,"50":1,"51":15,"52":15,"53":15,"54":15,"55":15,"56":15,"57":15,"58":15,"59":60,"60":15,"61":13,"62":13,"63":13,"64":13,"65":13,"66":13,"67":13,"68":13,"69":13,"70":13,"71":2,"72":0,"73":2,"74":2,"75":2,"76":2,"77":2,"78":2,"79":2,"80":2,"81":2,"82":2,"83":2,"84":23,"85":23,"86":23,"87":23,"88":23,"89":23,"90":23,"91":23,"92":23,"93":23,"94":23,"95":23,"96":23,"97":23,"98":23,"99":23,"100":23,"101":23,"102":23,"103":23,"104":23,"105":23,"106":23,"107":23,"108":23,"109":23,"110":23,"111":23,"112":23,"113":1,"114":1,"115":1,"116":0,"117":1,"118":1,"119":2,"120":2,"121":2,"122":2,"123":2,"124":2,"125":2,"126":2,"127":2,"128":2,"129":2,"130":2,"131":2,"132":2,"133":2,"134":2,"135":2,"136":2,"137":2,"138":2,"139":2,"140":2,"141":2,"142":2,"143":2,"144":8,"145":8,"146":8,"147":8,"148":8,"149":8,"150":8,"151":8,"152":8,"153":1,"154":1},"b":{"1":[48,0],"2":[48,0],"3":[48,0],"4":[48,0],"5":[12,4],"6":[2,3],"7":[11,1],"8":[2,1],"9":[1,0],"10":[1,1],"11":[0,60],"12":[0,2],"13":[0,1],"14":[1,0]},"f":{"1":48,"2":1,"3":1,"4":1,"5":16,"6":1,"7":5,"8":12,"9":3,"10":1,"11":2,"12":11,"13":2,"14":1,"15":1,"16":12,"17":3,"18":1,"19":2,"20":15,"21":13,"22":2,"23":23,"24":23,"25":23,"26":1,"27":2,"28":8,"29":8,"30":1,"31":1},"fnMap":{"1":{"name":"constructor","line":42,"loc":{"start":{"line":36,"column":4},"end":{"line":61,"column":4}}},"2":{"name":"asset","line":64,"loc":{"start":{"line":64,"column":4},"end":{"line":66,"column":4}}},"3":{"name":"totalAssets","line":69,"loc":{"start":{"line":69,"column":4},"end":{"line":71,"column":4}}},"4":{"name":"convertToShares","line":73,"loc":{"start":{"line":73,"column":4},"end":{"line":80,"column":4}}},"5":{"name":"_convertToShares","line":82,"loc":{"start":{"line":82,"column":4},"end":{"line":99,"column":4}}},"6":{"name":"convertToAssets","line":101,"loc":{"start":{"line":101,"column":4},"end":{"line":108,"column":4}}},"7":{"name":"_convertToAssets","line":110,"loc":{"start":{"line":110,"column":4},"end":{"line":122,"column":4}}},"8":{"name":"maxDeposit","line":124,"loc":{"start":{"line":124,"column":4},"end":{"line":132,"column":4}}},"9":{"name":"maxMint","line":134,"loc":{"start":{"line":134,"column":4},"end":{"line":142,"column":4}}},"10":{"name":"maxWithdraw","line":144,"loc":{"start":{"line":144,"column":4},"end":{"line":152,"column":4}}},"11":{"name":"maxRedeem","line":154,"loc":{"start":{"line":154,"column":4},"end":{"line":162,"column":4}}},"12":{"name":"previewDeposit","line":164,"loc":{"start":{"line":164,"column":4},"end":{"line":172,"column":4}}},"13":{"name":"previewMint","line":174,"loc":{"start":{"line":174,"column":4},"end":{"line":182,"column":4}}},"14":{"name":"previewWithdraw","line":184,"loc":{"start":{"line":184,"column":4},"end":{"line":192,"column":4}}},"15":{"name":"previewRedeem","line":194,"loc":{"start":{"line":194,"column":4},"end":{"line":202,"column":4}}},"16":{"name":"deposit","line":204,"loc":{"start":{"line":204,"column":4},"end":{"line":219,"column":4}}},"17":{"name":"mint","line":221,"loc":{"start":{"line":221,"column":4},"end":{"line":233,"column":4}}},"18":{"name":"withdraw","line":235,"loc":{"start":{"line":235,"column":4},"end":{"line":249,"column":4}}},"19":{"name":"redeem","line":251,"loc":{"start":{"line":251,"column":4},"end":{"line":262,"column":4}}},"20":{"name":"_findMinAssetBalanceValue","line":264,"loc":{"start":{"line":264,"column":4},"end":{"line":287,"column":4}}},"21":{"name":"_deposit","line":289,"loc":{"start":{"line":289,"column":4},"end":{"line":305,"column":4}}},"22":{"name":"_withdraw","line":307,"loc":{"start":{"line":307,"column":4},"end":{"line":329,"column":4}}},"23":{"name":"calculateCollateral","line":332,"loc":{"start":{"line":332,"column":4},"end":{"line":358,"column":4}}},"24":{"name":"calculateYield","line":361,"loc":{"start":{"line":361,"column":4},"end":{"line":394,"column":4}}},"25":{"name":"calculateTVL","line":397,"loc":{"start":{"line":397,"column":4},"end":{"line":402,"column":4}}},"26":{"name":"pricePerToken","line":405,"loc":{"start":{"line":405,"column":4},"end":{"line":413,"column":4}}},"27":{"name":"autoCompoundRewards","line":416,"loc":{"start":{"line":416,"column":4},"end":{"line":448,"column":4}}},"28":{"name":"quoteAmountOut","line":450,"loc":{"start":{"line":450,"column":5},"end":{"line":453,"column":4}}},"29":{"name":"_convertToXToken","line":455,"loc":{"start":{"line":455,"column":4},"end":{"line":476,"column":4}}},"30":{"name":"renounceOwnership","line":478,"loc":{"start":{"line":478,"column":4},"end":{"line":480,"column":4}}},"31":{"name":"decimals","line":482,"loc":{"start":{"line":482,"column":4},"end":{"line":490,"column":4}}}},"statementMap":{"1":{"start":{"line":43,"column":8},"end":{"line":43,"column":74}},"2":{"start":{"line":44,"column":8},"end":{"line":44,"column":74}},"3":{"start":{"line":45,"column":8},"end":{"line":45,"column":79}},"4":{"start":{"line":46,"column":8},"end":{"line":46,"column":75}},"5":{"start":{"line":65,"column":8},"end":{"line":65,"column":19}},"6":{"start":{"line":70,"column":8},"end":{"line":70,"column":29}},"7":{"start":{"line":79,"column":8},"end":{"line":79,"column":39}},"8":{"start":{"line":87,"column":8},"end":{"line":87,"column":50}},"9":{"start":{"line":88,"column":8},"end":{"line":88,"column":49}},"10":{"start":{"line":89,"column":8},"end":{"line":89,"column":3205}},"11":{"start":{"line":92,"column":12},"end":{"line":92,"column":69}},"12":{"start":{"line":93,"column":12},"end":{"line":93,"column":65}},"13":{"start":{"line":94,"column":12},"end":{"line":94,"column":67}},"14":{"start":{"line":95,"column":12},"end":{"line":95,"column":67}},"15":{"start":{"line":98,"column":8},"end":{"line":98,"column":21}},"16":{"start":{"line":107,"column":8},"end":{"line":107,"column":39}},"17":{"start":{"line":111,"column":8},"end":{"line":111,"column":50}},"18":{"start":{"line":112,"column":8},"end":{"line":112,"column":49}},"19":{"start":{"line":113,"column":8},"end":{"line":113,"column":4137}},"20":{"start":{"line":114,"column":12},"end":{"line":114,"column":29}},"21":{"start":{"line":116,"column":8},"end":{"line":116,"column":65}},"22":{"start":{"line":117,"column":8},"end":{"line":117,"column":61}},"23":{"start":{"line":118,"column":8},"end":{"line":118,"column":63}},"24":{"start":{"line":119,"column":8},"end":{"line":119,"column":63}},"25":{"start":{"line":120,"column":8},"end":{"line":120,"column":138}},"26":{"start":{"line":121,"column":8},"end":{"line":121,"column":27}},"27":{"start":{"line":131,"column":8},"end":{"line":131,"column":50}},"28":{"start":{"line":141,"column":8},"end":{"line":141,"column":68}},"29":{"start":{"line":151,"column":8},"end":{"line":151,"column":49}},"30":{"start":{"line":161,"column":8},"end":{"line":161,"column":31}},"31":{"start":{"line":171,"column":8},"end":{"line":171,"column":39}},"32":{"start":{"line":181,"column":8},"end":{"line":181,"column":39}},"33":{"start":{"line":191,"column":8},"end":{"line":191,"column":39}},"34":{"start":{"line":201,"column":8},"end":{"line":201,"column":39}},"35":{"start":{"line":210,"column":8},"end":{"line":210,"column":6289}},"36":{"start":{"line":215,"column":8},"end":{"line":215,"column":47}},"37":{"start":{"line":216,"column":8},"end":{"line":216,"column":53}},"38":{"start":{"line":218,"column":8},"end":{"line":218,"column":21}},"39":{"start":{"line":227,"column":8},"end":{"line":227,"column":76}},"40":{"start":{"line":229,"column":8},"end":{"line":229,"column":44}},"41":{"start":{"line":230,"column":8},"end":{"line":230,"column":53}},"42":{"start":{"line":232,"column":8},"end":{"line":232,"column":21}},"43":{"start":{"line":240,"column":8},"end":{"line":240,"column":7035}},"44":{"start":{"line":245,"column":8},"end":{"line":245,"column":48}},"45":{"start":{"line":246,"column":8},"end":{"line":246,"column":63}},"46":{"start":{"line":248,"column":8},"end":{"line":248,"column":21}},"47":{"start":{"line":256,"column":8},"end":{"line":256,"column":75}},"48":{"start":{"line":258,"column":8},"end":{"line":258,"column":46}},"49":{"start":{"line":259,"column":8},"end":{"line":259,"column":63}},"50":{"start":{"line":261,"column":8},"end":{"line":261,"column":21}},"51":{"start":{"line":269,"column":8},"end":{"line":269,"column":64}},"52":{"start":{"line":270,"column":8},"end":{"line":270,"column":60}},"53":{"start":{"line":271,"column":8},"end":{"line":271,"column":62}},"54":{"start":{"line":272,"column":8},"end":{"line":272,"column":62}},"55":{"start":{"line":273,"column":8},"end":{"line":273,"column":8039}},"56":{"start":{"line":279,"column":8},"end":{"line":279,"column":40}},"57":{"start":{"line":280,"column":8},"end":{"line":280,"column":17}},"58":{"start":{"line":281,"column":8},"end":{"line":281,"column":8252}},"59":{"start":{"line":282,"column":12},"end":{"line":282,"column":8308}},"60":{"start":{"line":286,"column":8},"end":{"line":286,"column":23}},"61":{"start":{"line":295,"column":8},"end":{"line":295,"column":54}},"62":{"start":{"line":296,"column":8},"end":{"line":296,"column":52}},"63":{"start":{"line":297,"column":8},"end":{"line":297,"column":53}},"64":{"start":{"line":298,"column":8},"end":{"line":298,"column":53}},"65":{"start":{"line":299,"column":8},"end":{"line":299,"column":36}},"66":{"start":{"line":300,"column":8},"end":{"line":300,"column":34}},"67":{"start":{"line":301,"column":8},"end":{"line":301,"column":35}},"68":{"start":{"line":302,"column":8},"end":{"line":302,"column":35}},"69":{"start":{"line":303,"column":8},"end":{"line":303,"column":30}},"70":{"start":{"line":304,"column":8},"end":{"line":304,"column":54}},"71":{"start":{"line":314,"column":8},"end":{"line":314,"column":9208}},"72":{"start":{"line":315,"column":12},"end":{"line":315,"column":49}},"73":{"start":{"line":317,"column":8},"end":{"line":317,"column":28}},"74":{"start":{"line":319,"column":8},"end":{"line":319,"column":27}},"75":{"start":{"line":320,"column":8},"end":{"line":320,"column":38}},"76":{"start":{"line":321,"column":8},"end":{"line":321,"column":36}},"77":{"start":{"line":322,"column":8},"end":{"line":322,"column":37}},"78":{"start":{"line":323,"column":8},"end":{"line":323,"column":37}},"79":{"start":{"line":324,"column":8},"end":{"line":324,"column":49}},"80":{"start":{"line":325,"column":8},"end":{"line":325,"column":47}},"81":{"start":{"line":326,"column":8},"end":{"line":326,"column":48}},"82":{"start":{"line":327,"column":8},"end":{"line":327,"column":48}},"83":{"start":{"line":328,"column":8},"end":{"line":328,"column":62}},"84":{"start":{"line":334,"column":8},"end":{"line":334,"column":72}},"85":{"start":{"line":335,"column":8},"end":{"line":335,"column":68}},"86":{"start":{"line":336,"column":8},"end":{"line":336,"column":70}},"87":{"start":{"line":337,"column":8},"end":{"line":337,"column":70}},"88":{"start":{"line":339,"column":8},"end":{"line":339,"column":72}},"89":{"start":{"line":340,"column":8},"end":{"line":340,"column":68}},"90":{"start":{"line":341,"column":8},"end":{"line":341,"column":70}},"91":{"start":{"line":342,"column":8},"end":{"line":342,"column":70}},"92":{"start":{"line":345,"column":8},"end":{"line":345,"column":65}},"93":{"start":{"line":346,"column":8},"end":{"line":346,"column":61}},"94":{"start":{"line":347,"column":8},"end":{"line":347,"column":63}},"95":{"start":{"line":348,"column":8},"end":{"line":348,"column":63}},"96":{"start":{"line":351,"column":8},"end":{"line":351,"column":26}},"97":{"start":{"line":357,"column":8},"end":{"line":357,"column":25}},"98":{"start":{"line":363,"column":8},"end":{"line":363,"column":79}},"99":{"start":{"line":364,"column":8},"end":{"line":364,"column":75}},"100":{"start":{"line":365,"column":8},"end":{"line":365,"column":77}},"101":{"start":{"line":366,"column":8},"end":{"line":366,"column":77}},"102":{"start":{"line":367,"column":8},"end":{"line":367,"column":67}},"103":{"start":{"line":370,"column":8},"end":{"line":370,"column":58}},"104":{"start":{"line":371,"column":8},"end":{"line":371,"column":54}},"105":{"start":{"line":372,"column":8},"end":{"line":372,"column":56}},"106":{"start":{"line":373,"column":8},"end":{"line":373,"column":56}},"107":{"start":{"line":376,"column":8},"end":{"line":376,"column":40}},"108":{"start":{"line":393,"column":8},"end":{"line":393,"column":25}},"109":{"start":{"line":398,"column":8},"end":{"line":398,"column":55}},"110":{"start":{"line":399,"column":8},"end":{"line":399,"column":45}},"111":{"start":{"line":400,"column":8},"end":{"line":400,"column":50}},"112":{"start":{"line":401,"column":8},"end":{"line":401,"column":18}},"113":{"start":{"line":406,"column":8},"end":{"line":406,"column":36}},"114":{"start":{"line":407,"column":8},"end":{"line":407,"column":49}},"115":{"start":{"line":408,"column":8},"end":{"line":408,"column":13403}},"116":{"start":{"line":409,"column":12},"end":{"line":409,"column":20}},"117":{"start":{"line":411,"column":8},"end":{"line":411,"column":62}},"118":{"start":{"line":412,"column":8},"end":{"line":412,"column":27}},"119":{"start":{"line":417,"column":8},"end":{"line":417,"column":30}},"120":{"start":{"line":418,"column":8},"end":{"line":418,"column":28}},"121":{"start":{"line":419,"column":8},"end":{"line":419,"column":29}},"122":{"start":{"line":420,"column":8},"end":{"line":420,"column":29}},"123":{"start":{"line":421,"column":8},"end":{"line":421,"column":71}},"124":{"start":{"line":422,"column":8},"end":{"line":422,"column":67}},"125":{"start":{"line":423,"column":8},"end":{"line":423,"column":69}},"126":{"start":{"line":424,"column":8},"end":{"line":424,"column":69}},"127":{"start":{"line":426,"column":8},"end":{"line":426,"column":48}},"128":{"start":{"line":427,"column":8},"end":{"line":427,"column":31}},"129":{"start":{"line":429,"column":8},"end":{"line":429,"column":44}},"130":{"start":{"line":430,"column":8},"end":{"line":430,"column":29}},"131":{"start":{"line":432,"column":8},"end":{"line":432,"column":46}},"132":{"start":{"line":433,"column":8},"end":{"line":433,"column":30}},"133":{"start":{"line":435,"column":8},"end":{"line":435,"column":46}},"134":{"start":{"line":436,"column":8},"end":{"line":436,"column":30}},"135":{"start":{"line":438,"column":8},"end":{"line":438,"column":72}},"136":{"start":{"line":439,"column":8},"end":{"line":439,"column":68}},"137":{"start":{"line":440,"column":8},"end":{"line":440,"column":70}},"138":{"start":{"line":441,"column":8},"end":{"line":441,"column":70}},"139":{"start":{"line":442,"column":8},"end":{"line":442,"column":43}},"140":{"start":{"line":443,"column":8},"end":{"line":443,"column":39}},"141":{"start":{"line":444,"column":8},"end":{"line":444,"column":41}},"142":{"start":{"line":445,"column":8},"end":{"line":445,"column":41}},"143":{"start":{"line":447,"column":8},"end":{"line":447,"column":83}},"144":{"start":{"line":451,"column":8},"end":{"line":451,"column":85}},"145":{"start":{"line":452,"column":8},"end":{"line":452,"column":24}},"146":{"start":{"line":456,"column":8},"end":{"line":456,"column":64}},"147":{"start":{"line":458,"column":8},"end":{"line":458,"column":65}},"148":{"start":{"line":459,"column":8},"end":{"line":459,"column":69}},"149":{"start":{"line":460,"column":8},"end":{"line":460,"column":78}},"150":{"start":{"line":462,"column":8},"end":{"line":462,"column":73}},"151":{"start":{"line":464,"column":8},"end":{"line":464,"column":15772}},"152":{"start":{"line":475,"column":8},"end":{"line":475,"column":53}},"153":{"start":{"line":479,"column":8},"end":{"line":479,"column":47}},"154":{"start":{"line":489,"column":8},"end":{"line":489,"column":16}}},"branchMap":{"1":{"line":43,"type":"if","locations":[{"start":{"line":43,"column":8},"end":{"line":43,"column":8}},{"start":{"line":43,"column":8},"end":{"line":43,"column":8}}]},"2":{"line":44,"type":"if","locations":[{"start":{"line":44,"column":8},"end":{"line":44,"column":8}},{"start":{"line":44,"column":8},"end":{"line":44,"column":8}}]},"3":{"line":45,"type":"if","locations":[{"start":{"line":45,"column":8},"end":{"line":45,"column":8}},{"start":{"line":45,"column":8},"end":{"line":45,"column":8}}]},"4":{"line":46,"type":"if","locations":[{"start":{"line":46,"column":8},"end":{"line":46,"column":8}},{"start":{"line":46,"column":8},"end":{"line":46,"column":8}}]},"5":{"line":89,"type":"if","locations":[{"start":{"line":89,"column":8},"end":{"line":89,"column":8}},{"start":{"line":89,"column":8},"end":{"line":89,"column":8}}]},"6":{"line":113,"type":"if","locations":[{"start":{"line":113,"column":8},"end":{"line":113,"column":8}},{"start":{"line":113,"column":8},"end":{"line":113,"column":8}}]},"7":{"line":210,"type":"if","locations":[{"start":{"line":210,"column":8},"end":{"line":210,"column":8}},{"start":{"line":210,"column":8},"end":{"line":210,"column":8}}]},"8":{"line":227,"type":"if","locations":[{"start":{"line":227,"column":8},"end":{"line":227,"column":8}},{"start":{"line":227,"column":8},"end":{"line":227,"column":8}}]},"9":{"line":240,"type":"if","locations":[{"start":{"line":240,"column":8},"end":{"line":240,"column":8}},{"start":{"line":240,"column":8},"end":{"line":240,"column":8}}]},"10":{"line":256,"type":"if","locations":[{"start":{"line":256,"column":8},"end":{"line":256,"column":8}},{"start":{"line":256,"column":8},"end":{"line":256,"column":8}}]},"11":{"line":282,"type":"if","locations":[{"start":{"line":282,"column":12},"end":{"line":282,"column":12}},{"start":{"line":282,"column":12},"end":{"line":282,"column":12}}]},"12":{"line":314,"type":"if","locations":[{"start":{"line":314,"column":8},"end":{"line":314,"column":8}},{"start":{"line":314,"column":8},"end":{"line":314,"column":8}}]},"13":{"line":408,"type":"if","locations":[{"start":{"line":408,"column":8},"end":{"line":408,"column":8}},{"start":{"line":408,"column":8},"end":{"line":408,"column":8}}]},"14":{"line":478,"type":"if","locations":[{"start":{"line":478,"column":54},"end":{"line":478,"column":54}},{"start":{"line":478,"column":54},"end":{"line":478,"column":54}}]}}},
"contracts/xToken.sol":{"l":{"76":117,"77":117,"78":117,"79":117,"80":117,"81":117,"82":117,"83":117,"84":117,"85":117,"86":117,"87":117,"88":117,"89":117,"90":117,"91":117,"96":23,"100":22,"101":21,"105":20,"110":19,"114":18,"119":17,"124":16,"127":16,"129":16,"132":16,"134":16,"135":16,"137":16,"138":16,"140":16,"143":16,"144":15,"149":15,"156":1,"157":1,"158":1,"160":1,"164":1,"168":1,"170":16,"175":16,"176":15,"178":16,"183":16,"184":16,"185":16,"186":16,"191":5,"196":4,"197":4,"199":3,"200":3,"201":1,"204":3,"205":3,"206":2,"209":3,"214":3,"215":2,"218":3,"221":3,"222":3,"225":3,"226":3,"230":3,"231":3,"232":3,"233":3,"235":2,"236":2,"237":1,"240":2,"242":2,"246":2,"251":6,"252":5,"253":5,"254":5,"255":5,"256":5,"257":5,"258":5,"259":5,"260":5,"264":1,"265":1,"266":1,"267":1,"268":1,"269":1,"270":1,"274":1,"275":1,"276":1,"280":1,"281":1,"282":1,"283":1,"284":1,"285":1,"289":1,"291":1,"293":1,"294":1,"295":1,"299":1,"306":1,"310":1,"315":7,"316":7,"317":7,"321":7,"322":7,"323":7,"327":2,"328":1,"333":4,"334":3,"338":20,"339":20,"343":20,"344":1,"346":19,"347":19,"348":0,"350":19,"354":2,"355":1,"364":20,"365":20,"367":20,"371":2,"372":2,"376":2,"377":2,"378":2,"380":2,"382":2,"393":2,"397":2,"398":2,"399":2,"401":2,"406":2,"417":2,"430":8,"431":7,"432":6,"437":5,"442":4,"445":4,"446":4,"448":4,"450":4,"451":4,"452":4,"456":4,"465":25,"466":25,"467":25,"468":25,"469":25,"473":1,"474":1,"475":1,"480":1,"481":0,"482":0,"483":0,"484":0,"488":1,"493":39,"494":39,"498":1},"path":"/home/andrey/landx/land-x-smart-contracts/contracts/xToken.sol","s":{"1":117,"2":117,"3":117,"4":117,"5":117,"6":117,"7":23,"8":22,"9":21,"10":20,"11":19,"12":18,"13":17,"14":16,"15":16,"16":16,"17":16,"18":16,"19":16,"20":16,"21":16,"22":16,"23":15,"24":15,"25":1,"26":1,"27":1,"28":1,"29":1,"30":1,"31":16,"32":16,"33":15,"34":16,"35":16,"36":16,"37":16,"38":5,"39":4,"40":3,"41":3,"42":3,"43":3,"44":3,"45":3,"46":2,"47":3,"48":3,"49":3,"50":3,"51":3,"52":3,"53":3,"54":3,"55":2,"56":2,"57":2,"58":2,"59":2,"60":6,"61":5,"62":5,"63":5,"64":1,"65":1,"66":1,"67":1,"68":1,"69":1,"70":1,"71":1,"72":1,"73":1,"74":1,"75":1,"76":1,"77":1,"78":1,"79":1,"80":1,"81":7,"82":7,"83":7,"84":7,"85":7,"86":7,"87":2,"88":1,"89":4,"90":20,"91":20,"92":20,"93":1,"94":19,"95":19,"96":0,"97":19,"98":2,"99":20,"100":20,"101":20,"102":2,"103":2,"104":2,"105":2,"106":2,"107":2,"108":2,"109":2,"110":2,"111":2,"112":2,"113":2,"11
[...]
laim","line":305,"loc":{"start":{"line":305,"column":4},"end":{"line":307,"column":4}}},"10":{"name":"totalAvailableToClaim","line":309,"loc":{"start":{"line":309,"column":4},"end":{"line":311,"column":4}}},"11":{"name":"_calculateYield","line":314,"loc":{"start":{"line":314,"column":4},"end":{"line":318,"column":4}}},"12":{"name":"_calculateTotalYield","line":320,"loc":{"start":{"line":320,"column":4},"end":{"line":324,"column":4}}},"13":{"name":"xBasketTransfer","line":326,"loc":{"start":{"line":326,"column":4},"end":{"line":329,"column":4}}},"14":{"name":"changeXBasketAddress","line":332,"loc":{"start":{"line":332,"column":4},"end":{"line":335,"column":4}}},"15":{"name":"_calcFee","line":337,"loc":{"start":{"line":337,"column":4},"end":{"line":340,"column":4}}},"16":{"name":"_validatorFee","line":342,"loc":{"start":{"line":342,"column":4},"end":{"line":351,"column":4}}},"17":{"name":"setXTokenRouter","line":353,"loc":{"start":{"line":353,"column":4},"end":{"line":356,"column":4}}},"18":{"name":"getAnnualRentAmount","line":359,"loc":{"start":{"line":359,"column":4},"end":{"line":368,"column":4}}},"19":{"name":"quoteAmountOut","line":370,"loc":{"start":{"line":370,"column":4},"end":{"line":373,"column":4}}},"20":{"name":"_convertToXToken","line":375,"loc":{"start":{"line":375,"column":4},"end":{"line":394,"column":4}}},"21":{"name":"_convertToUsdc","line":396,"loc":{"start":{"line":396,"column":4},"end":{"line":418,"column":4}}},"22":{"name":"preview","line":420,"loc":{"start":{"line":420,"column":4},"end":{"line":462,"column":4}}},"23":{"name":"_calculateNonDistributedYield","line":464,"loc":{"start":{"line":464,"column":4},"end":{"line":470,"column":4}}},"24":{"name":"previewNonDistributedYield","line":472,"loc":{"start":{"line":472,"column":4},"end":{"line":476,"column":4}}},"25":{"name":"getNonDistributedYield","line":479,"loc":{"start":{"line":479,"column":4},"end":{"line":485,"column":4}}},"26":{"name":"renounceOwnership","line":487,"loc":{"start":{"line":487,"column":4},"end":{"line":489,"column":4}}},"27":{"name":"updateUniswapContracts","line":492,"loc":{"start":{"line":492,"column":4},"end":{"line":495,"column":4}}},"28":{"name":"decimals","line":497,"loc":{"start":{"line":497,"column":4},"end":{"line":499,"column":4}}}},"statementMap":{"1":{"start":{"line":76,"column":8},"end":{"line":76,"column":70}},"2":{"start":{"line":77,"column":8},"end":{"line":77,"column":66}},"3":{"start":{"line":78,"column":8},"end":{"line":78,"column":66}},"4":{"start":{"line":79,"column":8},"end":{"line":79,"column":76}},"5":{"start":{"line":80,"column":8},"end":{"line":80,"column":74}},"6":{"start":{"line":81,"column":8},"end":{"line":81,"column":79}},"7":{"start":{"line":96,"column":8},"end":{"line":96,"column":3843}},"8":{"start":{"line":100,"column":8},"end":{"line":100,"column":77}},"9":{"start":{"line":101,"column":8},"end":{"line":101,"column":4039}},"10":{"start":{"line":105,"column":8},"end":{"line":105,"column":4164}},"11":{"start":{"line":110,"column":8},"end":{"line":110,"column":4331}},"12":{"start":{"line":114,"column":8},"end":{"line":114,"column":4465}},"13":{"start":{"line":119,"column":8},"end":{"line":119,"column":4583}},"14":{"start":{"line":127,"column":8},"end":{"line":127,"column":71}},"15":{"start":{"line":129,"column":8},"end":{"line":129,"column":4926}},"16":{"start":{"line":132,"column":8},"end":{"line":132,"column":35}},"17":{"start":{"line":134,"column":8},"end":{"line":134,"column":38}},"18":{"start":{"line":135,"column":8},"end":{"line":135,"column":57}},"19":{"start":{"line":137,"column":8},"end":{"line":137,"column":53}},"20":{"start":{"line":138,"column":8},"end":{"line":138,"column":5302}},"21":{"start":{"line":140,"column":8},"end":{"line":140,"column":5535}},"22":{"start":{"line":143,"column":8},"end":{"line":143,"column":5616}},"23":{"start":{"line":144,"column":12},"end":{"line":144,"column":5669}},"24":{"start":{"line":149,"column":12},"end":{"line":149,"column":5832}},"25":{"start":{"line":156,"column":12},"end":{"line":156,"column":49}},"26":{"start":{"line":157,"column":12},"end":{"line":157,"column":70}},"27":{"start":{"line":158,"column":12},"end":{"line":158,"column":6224}},"28":{"start":{"line":160,"column":12},"end":{"line":160,"column":6290}},"29":{"start":{"line":164,"column":12},"end":{"line":164,"column":6420}},"30":{"start":{"line":168,"column":12},"end":{"line":168,"column":35}},"31":{"start":{"line":170,"column":8},"end":{"line":170,"column":6595}},"32":{"start":{"line":175,"column":8},"end":{"line":175,"column":6744}},"33":{"start":{"line":176,"column":13},"end":{"line":176,"column":75}},"34":{"start":{"line":178,"column":8},"end":{"line":178,"column":6885}},"35":{"start":{"line":184,"column":8},"end":{"line":184,"column":53}},"36":{"start":{"line":185,"column":8},"end":{"line":185,"column":38}},"37":{"start":{"line":186,"column":8},"end":{"line":186,"column":43}},"38":{"start":{"line":191,"column":8},"end":{"line":191,"column":7400}},"39":{"start":{"line":196,"column":8},"end":{"line":196,"column":33}},"40":{"start":{"line":199,"column":8},"end":{"line":199,"column":70}},"41":{"start":{"line":200,"column":8},"end":{"line":200,"column":7690}},"42":{"start":{"line":204,"column":8},"end":{"line":204,"column":27}},"43":{"start":{"line":205,"column":8},"end":{"line":205,"column":7827}},"44":{"start":{"line":209,"column":8},"end":{"line":209,"column":7949}},"45":{"start":{"line":214,"column":8},"end":{"line":214,"column":8130}},"46":{"start":{"line":215,"column":12},"end":{"line":215,"column":84}},"47":{"start":{"line":218,"column":8},"end":{"line":218,"column":36}},"48":{"start":{"line":221,"column":8},"end":{"line":221,"column":55}},"49":{"start":{"line":222,"column":8},"end":{"line":222,"column":38}},"50":{"start":{"line":225,"column":8},"end":{"line":225,"column":71}},"51":{"start":{"line":226,"column":8},"end":{"line":226,"column":42}},"52":{"start":{"line":230,"column":8},"end":{"line":230,"column":18}},"53":{"start":{"line":231,"column":8},"end":{"line":231,"column":33}},"54":{"start":{"line":233,"column":8},"end":{"line":233,"column":40}},"55":{"start":{"line":235,"column":8},"end":{"line":235,"column":70}},"56":{"start":{"line":236,"column":8},"end":{"line":236,"column":8921}},"57":{"start":{"line":240,"column":8},"end":{"line":240,"column":94}},"58":{"start":{"line":242,"column":8},"end":{"line":242,"column":9165}},"59":{"start":{"line":246,"column":8},"end":{"line":246,"column":59}},"60":{"start":{"line":251,"column":8},"end":{"line":251,"column":51}},"61":{"start":{"line":252,"column":8},"end":{"line":252,"column":59}},"62":{"start":{"line":259,"column":8},"end":{"line":259,"column":38}},"63":{"start":{"line":260,"column":8},"end":{"line":260,"column":44}},"64":{"start":{"line":264,"column":8},"end":{"line":264,"column":51}},"65":{"start":{"line":265,"column":8},"end":{"line":265,"column":51}},"66":{"start":{"line":266,"column":8},"end":{"line":266,"column":14}},"67":{"start":{"line":269,"column":8},"end":{"line":269,"column":38}},"68":{"start":{"line":270,"column":8},"end":{"line":270,"column":41}},"69":{"start":{"line":274,"column":8},"end":{"line":274,"column":53}},"70":{"start":{"line":275,"column":8},"end":{"line":275,"column":59}},"71":{"start":{"line":280,"column":8},"end":{"line":280,"column":68}},"72":{"start":{"line":285,"column":8},"end":{"line":285,"column":44}},"73":{"start":{"line":289,"column":8},"end":{"line":289,"column":10883}},"74":{"start":{"line":291,"column":8},"end":{"line":291,"column":11030}},"75":{"start":{"line":293,"column":8},"end":{"line":293,"column":42}},"76":{"start":{"line":294,"column":8},"end":{"line":294,"column":43}},"77":{"start":{"line":295,"column":8},"end":{"line":295,"column":11172}},"78":{"start":{"line":299,"column":8},"end":{"line":299,"column":11296}},"79":{"start":{"line":306,"column":8},"end":{"line":306,"column":64}},"80":{"start":{"line":310,"column":8},"end":{"line":310,"column":50}},"81":{"start":{"line":315,"column":8},"end":{"line":315,"column":62}},"82":{"start":{"line":316,"column":8},"end":{"line":316,"column":40}},"83":{"start":{"line":317,"column":8},"end":{"line":317,"column":54}},"84":{"start":{"line":321,"column":8},"end":{"line":321,"column":72}},"85":{"start":{"line":322,"column":8},"end":{"line":322,"column":40}},"86":{"start":{"line":323,"column":8},"end":{"line":323,"column":64}},"87":{"start":{"line":327,"column":8},"end":{"line":327,"column":63}},"88":{"start":{"line":328,"column":8},"end":{"line":328,"column":48}},"89":{"start":{"line":333,"column":8},"end":{"line":333,"column":72}},"90":{"start":{"line":338,"column":8},"end":{"line":338,"column":55}},"91":{"start":{"line":339,"column":8},"end":{"line":339,"column":37}},"92":{"start":{"line":343,"column":8},"end":{"line":343,"column":12990}},"93":{"start":{"line":344,"column":12},"end":{"line":344,"column":20}},"94":{"start":{"line":346,"column":8},"end":{"line":346,"column":61}},"95":{"start":{"line":347,"column":8},"end":{"line":347,"column":13142}},"96":{"start":{"line":348,"column":12},"end":{"line":348,"column":20}},"97":{"start":{"line":350,"column":8},"end":{"line":350,"column":46}},"98":{"start":{"line":354,"column":8},"end":{"line":354,"column":68}},"99":{"start":{"line":364,"column":8},"end":{"line":364,"column":50}},"100":{"start":{"line":365,"column":8},"end":{"line":365,"column":53}},"101":{"start":{"line":367,"column":8},"end":{"line":367,"column":36}},"102":{"start":{"line":371,"column":8},"end":{"line":371,"column":92}},"103":{"start":{"line":372,"column":8},"end":{"line":372,"column":24}},"104":{"start":{"line":376,"column":8},"end":{"line":376,"column":65}},"105":{"start":{"line":377,"column":8},"end":{"line":377,"column":103}},"106":{"start":{"line":378,"column":8},"end":{"line":378,"column":78}},"107":{"start":{"line":380,"column":8},"end":{"line":380,"column":71}},"108":{"start":{"line":382,"column":8},"end":{"line":382,"column":14351}},"109":{"start":{"line":393,"column":8},"end":{"line":393,"column":53}},"110":{"start":{"line":397,"column":8},"end":{"line":397,"column":66}},"111":{"start":{"line":398,"column":8},"end":{"line":398,"column":59}},"112":{"start":{"line":399,"column":8},"end":{"line":399,"column":78}},"113":{"start":{"line":401,"column":8},"end":{"line":401,"column":14994}},"114":{"start":{"line":406,"column":8},"end":{"line":406,"column":15124}},"115":{"start":{"line":417,"column":8},"end":{"line":417,"column":53}},"116":{"start":{"line":430,"column":8},"end":{"line":430,"column":78}},"117":{"start":{"line":431,"column":8},"end":{"line":431,"column":76}},"118":{"start":{"line":432,"column":8},"end":{"line":432,"column":15822}},"119":{"start":{"line":437,"column":8},"end":{"line":437,"column":15988}},"120":{"start":{"line":442,"column":8},"end":{"line":442,"column":16152}},"121":{"start":{"line":445,"column":8},"end":{"line":445,"column":52}},"122":{"start":{"line":446,"column":8},"end":{"line":446,"column":16375}},"123":{"start":{"line":448,"column":8},"end":{"line":448,"column":16510}},"124":{"start":{"line":450,"column":8},"end":{"line":450,"column":38}},"125":{"start":{"line":451,"column":8},"end":{"line":451,"column":56}},"126":{"start":{"line":452,"column":8},"end":{"line":452,"column":16731}},"127":{"start":{"line":456,"column":8},"end":{"line":456,"column":16832}},"128":{"start":{"line":465,"column":8},"end":{"line":465,"column":76}},"129":{"start":{"line":466,"column":8},"end":{"line":466,"column":40}},"130":{"start":{"line":473,"column":8},"end":{"line":473,"column":76}},"131":{"start":{"line":474,"column":8},"end":{"line":474,"column":40}},"132":{"start":{"line":475,"column":8},"end":{"line":475,"column":88}},"133":{"start":{"line":480,"column":8},"end":{"line":480,"column":88}},"134":{"start":{"line":481,"column":8},"end":{"line":481,"column":38}},"135":{"start":{"line":482,"column":8},"end":{"line":482,"column":44}},"136":{"start":{"line":484,"column":8},"end":{"line":484,"column":21}},"137":{"start":{"line":488,"column":8},"end":{"line":488,"column":47}},"138":{"start":{"line":498,"column":8},"end":{"line":498,"column":16}}},"branchMap":{"1":{"line":76,"type":"if","locations":[{"start":{"line":76,"column":8},"end":{"line":76,"column":8}},{"start":{"line":76,"column":8},"end":{"line":76,"column":8}}]},"2":{"line":77,"type":"if","locations":[{"start":{"line":77,"column":8},"end":{"line":77,"column":8}},{"start":{"line":77,"column":8},"end":{"line":77,"column":8}}]},"3":{"line":78,"type":"if","locations":[{"start":{"line":78,"column":8},"end":{"line":78,"column":8}},{"start":{"line":78,"column":8},"end":{"line":78,"column":8}}]},"4":{"line":79,"type":"if","locations":[{"start":{"line":79,"column":8},"end":{"line":79,"column":8}},{"start":{"line":79,"column":8},"end":{"line":79,"column":8}}]},"5":{"line":80,"type":"if","locations":[{"start":{"line":80,"column":8},"end":{"line":80,"column":8}},{"start":{"line":80,"column":8},"end":{"line":80,"column":8}}]},"6":{"line":81,"type":"if","locations":[{"start":{"line":81,"column":8},"end":{"line":81,"column":8}},{"start":{"line":81,"column":8},"end":{"line":81,"column":8}}]},"7":{"line":96,"type":"if","locations":[{"start":{"line":96,"column":8},"end":{"line":96,"column":8}},{"start":{"line":96,"column":8},"end":{"line":96,"column":8}}]},"8":{"line":100,"type":"if","locations":[{"start":{"line":100,"column":8},"end":{"line":100,"column":8}},{"start":{"line":100,"column":8},"end":{"line":100,"column":8}}]},"9":{"line":101,"type":"if","locations":[{"start":{"line":101,"column":8},"end":{"line":101,"column":8}},{"start":{"line":101,"column":8},"end":{"line":101,"column":8}}]},"10":{"line":105,"type":"if","locations":[{"start":{"line":105,"column":8},"end":{"line":105,"column":8}},{"start":{"line":105,"column":8},"end":{"line":105,"column":8}}]},"11":{"line":110,"type":"if","locations":[{"start":{"line":110,"column":8},"end":{"line":110,"column":8}},{"start":{"line":110,"column":8},"end":{"line":110,"column":8}}]},"12":{"line":114,"type":"if","locations":[{"start":{"line":114,"column":8},"end":{"line":114,"column":8}},{"start":{"line":114,"column":8},"end":{"line":114,"column":8}}]},"13":{"line":119,"type":"if","locations":[{"start":{"line":119,"column":8},"end":{"line":119,"column":8}},{"start":{"line":119,"column":8},"end":{"line":119,"column":8}}]},"14":{"line":143,"type":"if","locations":[{"start":{"line":143,"column":8},"end":{"line":143,"column":8}},{"start":{"line":143,"column":8},"end":{"line":143,"column":8}}]},"15":{"line":175,"type":"if","locations":[{"start":{"line":175,"column":8},"end":{"line":175,"column":8}},{"start":{"line":175,"column":8},"end":{"line":175,"column":8}}]},"16":{"line":191,"type":"if","locations":[{"start":{"line":191,"column":8},"end":{"line":191,"column":8}},{"start":{"line":191,"column":8},"end":{"line":191,"column":8}}]},"17":{"line":200,"type":"if","locations":[{"start":{"line":200,"column":8},"end":{"line":200,"column":8}},{"start":{"line":200,"column":8},"end":{"line":200,"column":8}}]},"18":{"line":205,"type":"if","locations":[{"start":{"line":205,"column":8},"end":{"line":205,"column":8}},{"start":{"line":205,"column":8},"end":{"line":205,"column":8}}]},"19":{"line":214,"type":"if","locations":[{"start":{"line":214,"column":8},"end":{"line":214,"column":8}},{"start":{"line":214,"column":8},"end":{"line":214,"column":8}}]},"20":{"line":233,"type":"if","locations":[{"start":{"line":233,"column":8},"end":{"line":233,"column":8}},{"start":{"line":233,"column":8},"end":{"line":233,"column":8}}]},"21":{"line":236,"type":"if","locations":[{"start":{"line":236,"column":8},"end":{"line":236,"column":8}},{"start":{"line":236,"column":8},"end":{"line":236,"column":8}}]},"22":{"line":264,"type":"if","locations":[{"start":{"line":264,"column":8},"end":{"line":264,"column":8}},{"start":{"line":264,"column":8},"end":{"line":264,"column":8}}]},"23":{"line":327,"type":"if","locations":[{"start":{"line":327,"column":8},"end":{"line":327,"column":8}},{"start":{"line":327,"column":8},"end":{"line":327,"column":8}}]},"24":{"line":332,"type":"if","locations":[{"start":{"line":332,"column":62},"end":{"line":332,"column":62}},{"start":{"line":332,"column":62},"end":{"line":332,"column":62}}]},"25":{"line":333,"type":"if","locations":[{"start":{"line":333,"column":8},"end":{"line":333,"column":8}},{"start":{"line":333,"column":8},"end":{"line":333,"column":8}}]},"26":{"line":343,"type":"if","locations":[{"start":{"line":343,"column":8},"end":{"line":343,"column":8}},{"start":{"line":343,"column":8},"end":{"line":343,"column":8}}]},"27":{"line":347,"type":"if","locations":[{"start":{"line":347,"column":8},"end":{"line":347,"column":8}},{"start":{"line":347,"column":8},"end":{"line":347,"column":8}}]},"28":{"line":353,"type":"if","locations":[{"start":{"line":353,"column":53},"end":{"line":353,"column":53}},{"start":{"line":353,"column":53},"end":{"line":353,"column":53}}]},"29":{"line":354,"type":"if","locations":[{"start":{"line":354,"column":8},"end":{"line":354,"column":8}},{"start":{"line":354,"column":8},"end":{"line":354,"column":8}}]},"30":{"line":430,"type":"if","locations":[{"start":{"line":430,"column":8},"end":{"line":430,"column":8}},{"start":{"line":430,"column":8},"end":{"line":430,"column":8}}]},"31":{"line":431,"type":"if","locations":[{"start":{"line":431,"column":8},"end":{"line":431,"column":8}},{"start":{"line":431,"column":8},"end":{"line":431,"column":8}}]},"32":{"line":432,"type":"if","locations":[{"start":{"line":432,"column":8},"end":{"line":432,"column":8}},{"start":{"line":432,"column":8},"end":{"line":432,"column":8}}]},"33":{"line":437,"type":"if","locations":[{"start":{"line":437,"column":8},"end":{"line":437,"column":8}},{"start":{"line":437,"column":8},"end":{"line":437,"column":8}}]},"34":{"line":480,"type":"if","locations":[{"start":{"line":480,"column":8},"end":{"line":480,"column":8}},{"start":{"line":480,"column":8},"end":{"line":480,"column":8}}]},"35":{"line":487,"type":"if","locations":[{"start":{"line":487,"column":54},"end":{"line":487,"column":54}},{"start":{"line":487,"column":54},"end":{"line":487,"column":54}}]},"36":{"line":492,"type":"if","locations":[{"start":{"line":492,"column":84},"end":{"line":492,"column":84}},{"start":{"line":492,"column":84},"end":{"line":492,"column":84}}]}}},
"contracts/xTokenRouter.sol":{"l":{"24":4,"25":3,"26":2,"27":2,"31":2,"35":3,"39":1},"path":"/home/andrey/landx/land-x-smart-contracts/contracts/xTokenRouter.sol","s":{"1":4,"2":3,"3":2,"4":3,"5":1},"b":{"1":[4,1],"2":[3,1],"3":[2,1],"4":[1,0]},"f":{"1":4,"2":2,"3":3,"4":1},"fnMap":{"1":{"name":"setToken","line":23,"loc":{"start":{"line":19,"column":4},"end":{"line":28,"column":4}}},"2":{"name":"getXToken","line":30,"loc":{"start":{"line":30,"column":4},"end":{"line":32,"column":4}}},"3":{"name":"getCToken","line":34,"loc":{"start":{"line":34,"column":4},"end":{"line":36,"column":4}}},"4":{"name":"renounceOwnership","line":38,"loc":{"start":{"line":38,"column":4},"end":{"line":40,"column":4}}}},"statementMap":{"1":{"start":{"line":24,"column":8},"end":{"line":24,"column":67}},"2":{"start":{"line":25,"column":8},"end":{"line":25,"column":67}},"3":{"start":{"line":31,"column":8},"end":{"line":31,"column":34}},"4":{"start":{"line":35,"column":8},"end":{"line":35,"column":34}},"5":{"start":{"line":39,"column":8},"end":{"line":39,"column":47}}},"branchMap":{"1":{"line":23,"type":"if","locations":[{"start":{"line":23,"column":13},"end":{"line":23,"column":13}},{"start":{"line":23,"column":13},"end":{"line":23,"column":13}}]},"2":{"line":24,"type":"if","locations":[{"start":{"line":24,"column":8},"end":{"line":24,"column":8}},{"start":{"line":24,"column":8},"end":{"line":24,"column":8}}]},"3":{"line":25,"type":"if","locations":[{"start":{"line":25,"column":8},"end":{"line":25,"column":8}},{"start":{"line":25,"column":8},"end":{"line":25,"column":8}}]},"4":{"line":38,"type":"if","locations":[{"start":{"line":38,"column":54},"end":{"line":38,"column":54}},{"start":{"line":38,"column":54},"end":{"line":38,"column":54}}]}}}}
