TN:
SF:/home/andrey/landx/land-x-smart-contracts/contracts/cToken.sol
FN:17,constructor
FN:27,mint
FN:35,burn
FN:40,setRentFoundation
FN:45,setXTokenRouter
FN:50,decimals
FN:54,renounceOwnership
FNF:7
FNH:7
FNDA:48,constructor
FNDA:7,mint
FNDA:5,burn
FNDA:2,setRentFoundation
FNDA:2,setXTokenRouter
FNDA:1,decimals
FNDA:1,renounceOwnership
DA:19,48
DA:20,48
DA:21,48
DA:22,48
DA:23,48
DA:28,7
DA:32,6
DA:36,5
DA:37,2
DA:41,2
DA:42,1
DA:46,2
DA:47,1
DA:51,1
DA:55,1
LF:15
LH:15
BRDA:19,1,0,48
BRDA:19,1,1,0
BRDA:20,2,0,48
BRDA:20,2,1,0
BRDA:28,3,0,6
BRDA:28,3,1,1
BRDA:40,4,0,2
BRDA:40,4,1,1
BRDA:41,5,0,1
BRDA:41,5,1,1
BRDA:45,6,0,2
BRDA:45,6,1,1
BRDA:46,7,0,1
BRDA:46,7,1,1
BRDA:54,8,0,1
BRDA:54,8,1,0
BRF:16
BRH:13
end_of_record
TN:
SF:/home/andrey/landx/land-x-smart-contracts/contracts/KeyProtocolVariables.sol
FN:36,constructor
FN:59,updateXTokenMintFee
FN:65,updateCTokenSellFee
FN:71,updateValidatorCommission
FN:77,updateMaxValidatorFee
FN:83,updateSellXTokenSlippage
FN:89,updateBuyXTokenSlippage
FN:95,updatePayRentFee
FN:101,updateHedgeFundAllocation
FN:107,updateSecurityDepositMonths
FN:112,updateFeeDistributionPercentage
FN:129,updateHedgeFundWallet
FN:135,updateLandxOperationalWallet
FN:141,updateLandxChoiceWallet
FN:147,updateXTokensSecurityWallet
FN:153,updateValidatorCommisionWallet
FN:159,launch
FNF:17
FNH:17
FNDA:138,constructor
FNDA:3,updateXTokenMintFee
FNDA:3,updateCTokenSellFee
FNDA:3,updateValidatorCommission
FNDA:3,updateMaxValidatorFee
FNDA:3,updateSellXTokenSlippage
FNDA:3,updateBuyXTokenSlippage
FNDA:3,updatePayRentFee
FNDA:3,updateHedgeFundAllocation
FNDA:2,updateSecurityDepositMonths
FNDA:3,updateFeeDistributionPercentage
FNDA:3,updateHedgeFundWallet
FNDA:3,updateLandxOperationalWallet
FNDA:3,updateLandxChoiceWallet
FNDA:3,updateXTokensSecurityWallet
FNDA:3,updateValidatorCommisionWallet
FNDA:2,launch
DA:44,138
DA:46,138
DA:47,138
DA:48,138
DA:49,138
DA:50,138
DA:52,138
DA:53,138
DA:54,138
DA:55,138
DA:56,138
DA:60,3
DA:61,2
DA:62,1
DA:66,3
DA:67,2
DA:68,1
DA:72,3
DA:73,2
DA:74,1
DA:78,3
DA:79,2
DA:80,1
DA:84,3
DA:85,2
DA:86,1
DA:90,3
DA:91,2
DA:92,1
DA:96,3
DA:97,2
DA:98,1
DA:102,3
DA:103,2
DA:104,1
DA:108,2
DA:109,1
DA:116,3
DA:117,2
DA:121,1
DA:122,1
DA:123,1
DA:130,3
DA:131,2
DA:132,1
DA:136,3
DA:137,2
DA:138,1
DA:142,3
DA:143,2
DA:144,1
DA:148,3
DA:149,2
DA:150,1
DA:154,3
DA:155,2
DA:156,1
DA:160,2
DA:161,1
LF:59
LH:59
BRDA:46,1,0,138
BRDA:46,1,1,0
BRDA:47,2,0,138
BRDA:47,2,1,0
BRDA:48,3,0,138
BRDA:48,3,1,0
BRDA:49,4,0,138
BRDA:49,4,1,0
BRDA:50,5,0,138
BRDA:50,5,1,0
BRDA:60,6,0,2
BRDA:60,6,1,1
BRDA:61,7,0,1
BRDA:61,7,1,1
BRDA:66,8,0,2
BRDA:66,8,1,1
BRDA:67,9,0,1
BRDA:67,9,1,1
BRDA:72,10,0,2
BRDA:72,10,1,1
BRDA:73,11,0,1
BRDA:73,11,1,1
BRDA:78,12,0,2
BRDA:78,12,1,1
BRDA:79,13,0,1
BRDA:79,13,1,1
BRDA:84,14,0,2
BRDA:84,14,1,1
BRDA:85,15,0,1
BRDA:85,15,1,1
BRDA:90,16,0,2
BRDA:90,16,1,1
BRDA:91,17,0,1
BRDA:91,17,1,1
BRDA:96,18,0,2
BRDA:96,18,1,1
BRDA:97,19,0,1
BRDA:97,19,1,1
BRDA:102,20,0,2
BRDA:102,20,1,1
BRDA:103,21,0,1
BRDA:103,21,1,1
BRDA:108,22,0,1
BRDA:108,22,1,1
BRDA:116,23,0,2
BRDA:116,23,1,1
BRDA:117,24,0,1
BRDA:117,24,1,1
BRDA:130,25,0,2
BRDA:130,25,1,1
BRDA:131,26,0,1
BRDA:131,26,1,1
BRDA:136,27,0,2
BRDA:136,27,1,1
BRDA:137,28,0,1
BRDA:137,28,1,1
BRDA:142,29,0,2
BRDA:142,29,1,1
BRDA:143,30,0,1
BRDA:143,30,1,1
BRDA:148,31,0,2
BRDA:148,31,1,1
BRDA:149,32,0,1
BRDA:149,32,1,1
BRDA:154,33,0,2
BRDA:154,33,1,1
BRDA:155,34,0,1
BRDA:155,34,1,1
BRDA:160,35,0,1
BRDA:160,35,1,1
BRF:70
BRH:65
end_of_record
TN:
SF:/home/andrey/landx/land-x-smart-contracts/contracts/LandXNFT.sol
FN:31,constructor
FN:52,setDetailsAndMint
FN:72,burn
FN:85,setBaseURI
FN:90,uri
FN:94,setXTokenRouter
FN:99,supportsInterface
FNF:7
FNH:6
FNDA:162,constructor
FNDA:57,setDetailsAndMint
FNDA:3,burn
FNDA:4,setBaseURI
FNDA:2,uri
FNDA:2,setXTokenRouter
FNDA:0,supportsInterface
DA:33,162
DA:34,162
DA:35,162
DA:36,162
DA:37,162
DA:53,57
DA:54,56
DA:58,55
DA:59,54
DA:60,54
DA:61,54
DA:62,54
DA:63,54
DA:64,54
DA:65,54
DA:66,54
DA:67,54
DA:68,54
DA:77,3
DA:81,2
DA:82,2
DA:86,4
DA:87,3
DA:91,2
DA:95,2
DA:96,1
DA:100,0
LF:27
LH:26
BRDA:52,1,0,57
BRDA:52,1,1,0
BRDA:53,2,0,56
BRDA:53,2,1,1
BRDA:54,3,0,55
BRDA:54,3,1,1
BRDA:58,4,0,54
BRDA:58,4,1,1
BRDA:77,5,0,2
BRDA:77,5,1,1
BRDA:78,6,0,1
BRDA:78,6,1,1
BRDA:85,7,0,4
BRDA:85,7,1,1
BRDA:86,8,0,3
BRDA:86,8,1,1
BRDA:94,9,0,2
BRDA:94,9,1,1
BRDA:95,10,0,1
BRDA:95,10,1,1
BRF:20
BRH:19
end_of_record
TN:
SF:/home/andrey/landx/land-x-smart-contracts/contracts/LNDX.sol
FN:93,constructor
FN:118,grantLNDX
FN:174,claimVestedTokens
FN:206,computeGrantReward
FN:218,computeGrantFee
FN:226,_rewardsToDistribute
FN:270,calculateGrantClaim
FN:298,feeToDistribute
FN:309,stakeLNDX
FN:337,unstake
FN:365,_rewardsToDistributePreview
FN:407,unstakePreview
FN:427,computeStakeReward
FN:435,computeStakeFee
FN:443,_calculateEndDate
FN:460,decimals
FN:464,renounceOwnership
FNF:17
FNH:17
FNDA:96,constructor
FNDA:38,grantLNDX
FNDA:7,claimVestedTokens
FNDA:5,computeGrantReward
FNDA:5,computeGrantFee
FNDA:66,_rewardsToDistribute
FNDA:7,calculateGrantClaim
FNDA:7,feeToDistribute
FNDA:20,stakeLNDX
FNDA:6,unstake
FNDA:12,_rewardsToDistributePreview
FNDA:12,unstakePreview
FNDA:3,computeStakeReward
FNDA:15,computeStakeFee
FNDA:20,_calculateEndDate
FNDA:1,decimals
FNDA:1,renounceOwnership
DA:94,96
DA:95,96
DA:96,96
DA:97,96
DA:98,96
DA:99,96
DA:100,96
DA:101,96
DA:103,96
DA:104,96
DA:106,0
DA:119,38
DA:120,38
DA:124,37
DA:125,11
DA:126,11
DA:127,11
DA:130,26
DA:131,25
DA:132,24
DA:133,22
DA:135,22
DA:136,22
DA:137,15
DA:140,1
DA:142,6
DA:145,22
DA:146,22
DA:147,22
DA:149,22
DA:151,22
DA:153,22
DA:154,22
DA:156,22
DA:159,22
DA:170,22
DA:171,22
DA:175,7
DA:176,7
DA:177,7
DA:178,6
DA:179,5
DA:180,5
DA:181,5
DA:182,5
DA:183,5
DA:186,5
DA:187,2
DA:190,5
DA:192,5
DA:193,5
DA:194,5
DA:195,5
DA:197,5
DA:198,5
DA:199,5
DA:201,5
DA:202,5
DA:203,5
DA:211,5
DA:212,5
DA:219,5
DA:220,5
DA:227,66
DA:228,1
DA:231,65
DA:232,28
DA:235,65
DA:236,28
DA:239,65
DA:241,65
DA:243,65
DA:244,26
DA:245,26
DA:247,26
DA:248,2
DA:249,2
DA:252,26
DA:253,26
DA:254,26
DA:256,26
DA:258,26
DA:259,26
DA:260,1
DA:261,1
DA:263,25
DA:266,25
DA:271,7
DA:272,7
DA:274,6
DA:275,1
DA:279,5
DA:282,5
DA:283,2
DA:284,2
DA:286,3
DA:287,3
DA:288,3
DA:289,3
DA:300,7
DA:301,7
DA:302,2
DA:303,2
DA:305,5
DA:306,5
DA:310,20
DA:311,20
DA:312,20
DA:313,20
DA:314,20
DA:315,20
DA:323,20
DA:324,20
DA:326,20
DA:327,20
DA:329,20
DA:330,20
DA:334,20
DA:338,6
DA:339,5
DA:340,4
DA:342,3
DA:343,3
DA:344,3
DA:346,3
DA:348,3
DA:349,3
DA:351,3
DA:352,3
DA:354,3
DA:356,3
DA:357,3
DA:359,3
DA:360,3
DA:361,3
DA:362,3
DA:366,12
DA:367,0
DA:370,12
DA:371,12
DA:373,12
DA:374,0
DA:377,12
DA:378,0
DA:381,12
DA:383,12
DA:385,12
DA:386,6
DA:387,6
DA:389,6
DA:390,0
DA:391,0
DA:394,6
DA:395,6
DA:396,6
DA:397,0
DA:398,0
DA:400,6
DA:404,6
DA:416,12
DA:418,12
DA:419,12
DA:421,12
DA:422,12
DA:424,12
DA:428,3
DA:429,3
DA:436,15
DA:437,15
DA:448,20
DA:449,8
DA:451,12
DA:452,6
DA:454,6
DA:455,6
DA:457,0
DA:461,1
DA:465,1
LF:178
LH:169
BRDA:94,1,0,96
BRDA:94,1,1,0
BRDA:95,2,0,96
BRDA:95,2,1,0
BRDA:103,3,0,96
BRDA:103,3,1,0
BRDA:118,4,0,38
BRDA:118,4,1,1
BRDA:120,5,0,37
BRDA:120,5,1,1
BRDA:124,6,0,11
BRDA:124,6,1,26
BRDA:130,7,0,25
BRDA:130,7,1,1
BRDA:131,8,0,24
BRDA:131,8,1,1
BRDA:132,9,0,22
BRDA:132,9,1,2
BRDA:136,10,0,15
BRDA:136,10,1,7
BRDA:139,11,0,1
BRDA:139,11,1,6
BRDA:178,12,0,5
BRDA:178,12,1,1
BRDA:186,13,0,2
BRDA:186,13,1,3
BRDA:227,14,0,1
BRDA:227,14,1,65
BRDA:231,15,0,28
BRDA:231,15,1,37
BRDA:235,16,0,28
BRDA:235,16,1,37
BRDA:243,17,0,26
BRDA:243,17,1,39
BRDA:247,18,0,2
BRDA:247,18,1,24
BRDA:259,19,0,1
BRDA:259,19,1,25
BRDA:272,20,0,6
BRDA:272,20,1,1
BRDA:274,21,0,1
BRDA:274,21,1,5
BRDA:282,22,0,2
BRDA:282,22,1,3
BRDA:298,23,0,7
BRDA:298,23,1,1
BRDA:301,24,0,2
BRDA:301,24,1,5
BRDA:310,25,0,20
BRDA:310,25,1,0
BRDA:338,26,0,5
BRDA:338,26,1,1
BRDA:339,27,0,4
BRDA:339,27,1,1
BRDA:340,28,0,3
BRDA:340,28,1,1
BRDA:366,29,0,0
BRDA:366,29,1,12
BRDA:373,30,0,0
BRDA:373,30,1,12
BRDA:377,31,0,0
BRDA:377,31,1,12
BRDA:385,32,0,6
BRDA:385,32,1,6
BRDA:389,33,0,0
BRDA:389,33,1,6
BRDA:396,34,0,0
BRDA:396,34,1,6
BRDA:416,35,0,12
BRDA:416,35,1,0
BRDA:448,36,0,8
BRDA:448,36,1,12
BRDA:451,37,0,6
BRDA:451,37,1,6
BRDA:454,38,0,6
BRDA:454,38,1,0
BRDA:464,39,0,1
BRDA:464,39,1,0
BRF:78
BRH:66
end_of_record
TN:
SF:/home/andrey/landx/land-x-smart-contracts/contracts/OraclePrices.sol
FN:25,constructor
FN:46,setGrainPrice
FN:52,setXTokenPrice
FN:59,getXTokenPrice
FN:83,getXtokenPool
FNF:5
FNH:5
FNDA:36,constructor
FNDA:3,setGrainPrice
FNDA:52,setXTokenPrice
FNDA:4,getXTokenPrice
FNDA:4,getXtokenPool
DA:31,36
DA:32,36
DA:33,36
DA:34,36
DA:36,36
DA:37,36
DA:38,36
DA:39,36
DA:41,36
DA:42,36
DA:43,36
DA:47,3
DA:48,2
DA:49,1
DA:53,52
DA:54,51
DA:55,50
DA:56,49
DA:60,4
DA:61,1
DA:64,3
DA:65,3
DA:66,1
DA:69,2
DA:70,2
DA:72,2
DA:73,2
DA:74,1
DA:79,1
DA:84,4
LF:30
LH:30
BRDA:31,1,0,36
BRDA:31,1,1,0
BRDA:32,2,0,36
BRDA:32,2,1,0
BRDA:33,3,0,36
BRDA:33,3,1,0
BRDA:47,4,0,2
BRDA:47,4,1,1
BRDA:48,5,0,1
BRDA:48,5,1,1
BRDA:53,6,0,51
BRDA:53,6,1,1
BRDA:54,7,0,50
BRDA:54,7,1,1
BRDA:55,8,0,49
BRDA:55,8,1,1
BRDA:60,9,0,1
BRDA:60,9,1,3
BRDA:65,10,0,1
BRDA:65,10,1,2
BRDA:73,11,0,1
BRDA:73,11,1,1
BRF:22
BRH:19
end_of_record
TN:
SF:/home/andrey/landx/land-x-smart-contracts/contracts/RentFoundation.sol
FN:46,constructor
FN:71,payRent
FN:101,payInitialRent
FN:118,getDepositBalance
FN:129,buyOut
FN:158,buyOutPreview
FN:180,sellCToken
FN:190,_feeDistributor
FN:207,previewSurplusUSDC
FN:218,_getSurplusUSDC
FN:229,withdrawSurplusUSDC
FN:235,updateDistributor
FN:239,updateCrops
FN:243,setXTokenRouter
FN:248,setGrainPrices
FN:254,changeLandXNFTAddress
FN:259,renounceOwnership
FNF:17
FNH:12
FNDA:90,constructor
FNDA:10,payRent
FNDA:16,payInitialRent
FNDA:8,getDepositBalance
FNDA:4,buyOut
FNDA:4,buyOutPreview
FNDA:2,sellCToken
FNDA:8,_feeDistributor
FNDA:0,previewSurplusUSDC
FNDA:0,_getSurplusUSDC
FNDA:0,withdrawSurplusUSDC
FNDA:0,updateDistributor
FNDA:0,updateCrops
FNDA:2,setXTokenRouter
FNDA:2,setGrainPrices
FNDA:2,changeLandXNFTAddress
FNDA:1,renounceOwnership
DA:55,90
DA:56,90
DA:57,90
DA:58,90
DA:59,90
DA:60,90
DA:61,90
DA:62,90
DA:63,90
DA:64,90
DA:65,90
DA:66,90
DA:67,90
DA:72,10
DA:73,9
DA:74,3
DA:75,2
DA:77,8
DA:81,7
DA:82,7
DA:84,7
DA:89,7
DA:93,7
DA:95,7
DA:96,7
DA:97,7
DA:102,16
DA:103,16
DA:107,15
DA:111,14
DA:112,14
DA:113,14
DA:114,14
DA:115,14
DA:119,8
DA:120,8
DA:121,8
DA:123,8
DA:130,4
DA:131,4
DA:135,3
DA:140,2
DA:142,2
DA:143,1
DA:146,1
DA:149,1
DA:150,1
DA:151,1
DA:152,1
DA:154,1
DA:155,1
DA:159,4
DA:160,4
DA:164,3
DA:169,2
DA:171,2
DA:172,1
DA:175,1
DA:177,1
DA:181,2
DA:182,2
DA:183,1
DA:184,1
DA:186,1
DA:187,1
DA:191,8
DA:193,8
DA:195,8
DA:196,8
DA:197,8
DA:201,8
DA:208,0
DA:209,0
DA:210,0
DA:211,0
DA:212,0
DA:213,0
DA:215,0
DA:219,0
DA:220,0
DA:221,0
DA:222,0
DA:223,0
DA:224,0
DA:226,0
DA:230,0
DA:231,0
DA:232,0
DA:236,0
DA:240,0
DA:244,2
DA:245,1
DA:249,2
DA:250,1
DA:255,2
DA:256,1
DA:260,1
LF:97
LH:78
BRDA:55,1,0,90
BRDA:55,1,1,0
BRDA:56,2,0,90
BRDA:56,2,1,0
BRDA:57,3,0,90
BRDA:57,3,1,0
BRDA:58,4,0,90
BRDA:58,4,1,0
BRDA:59,5,0,90
BRDA:59,5,1,0
BRDA:60,6,0,90
BRDA:60,6,1,0
BRDA:72,7,0,9
BRDA:72,7,1,1
BRDA:73,8,0,3
BRDA:73,8,1,6
BRDA:74,9,0,2
BRDA:74,9,1,1
BRDA:77,10,0,7
BRDA:77,10,1,1
BRDA:103,11,0,15
BRDA:103,11,1,1
BRDA:107,12,0,14
BRDA:107,12,1,1
BRDA:131,13,0,3
BRDA:131,13,1,1
BRDA:135,14,0,2
BRDA:135,14,1,1
BRDA:142,15,0,1
BRDA:142,15,1,1
BRDA:160,16,0,3
BRDA:160,16,1,1
BRDA:164,17,0,2
BRDA:164,17,1,1
BRDA:171,18,0,1
BRDA:171,18,1,1
BRDA:182,19,0,1
BRDA:182,19,1,1
BRDA:230,20,0,0
BRDA:230,20,1,0
BRDA:231,21,0,0
BRDA:231,21,1,0
BRDA:235,22,0,0
BRDA:235,22,1,0
BRDA:239,23,0,0
BRDA:239,23,1,0
BRDA:243,24,0,2
BRDA:243,24,1,1
BRDA:244,25,0,1
BRDA:244,25,1,1
BRDA:248,26,0,2
BRDA:248,26,1,1
BRDA:249,27,0,1
BRDA:249,27,1,1
BRDA:254,28,0,2
BRDA:254,28,1,1
BRDA:255,29,0,1
BRDA:255,29,1,1
BRDA:259,30,0,1
BRDA:259,30,1,0
BRF:60
BRH:45
end_of_record
TN:
SF:/home/andrey/landx/land-x-smart-contracts/contracts/xBasket.sol
FN:42,constructor
FN:64,asset
FN:69,totalAssets
FN:73,convertToShares
FN:82,_convertToShares
FN:101,convertToAssets
FN:110,_convertToAssets
FN:124,maxDeposit
FN:134,maxMint
FN:144,maxWithdraw
FN:154,maxRedeem
FN:164,previewDeposit
FN:174,previewMint
FN:184,previewWithdraw
FN:194,previewRedeem
FN:204,deposit
FN:221,mint
FN:235,withdraw
FN:251,redeem
FN:264,_findMinAssetBalanceValue
FN:289,_deposit
FN:307,_withdraw
FN:332,calculateCollateral
FN:361,calculateYield
FN:397,calculateTVL
FN:405,pricePerToken
FN:416,autoCompoundRewards
FN:450,quoteAmountOut
FN:455,_convertToXToken
FN:478,renounceOwnership
FN:482,decimals
FNF:31
FNH:31
FNDA:48,constructor
FNDA:1,asset
FNDA:1,totalAssets
FNDA:1,convertToShares
FNDA:16,_convertToShares
FNDA:1,convertToAssets
FNDA:5,_convertToAssets
FNDA:12,maxDeposit
FNDA:3,maxMint
FNDA:1,maxWithdraw
FNDA:2,maxRedeem
FNDA:11,previewDeposit
FNDA:2,previewMint
FNDA:1,previewWithdraw
FNDA:1,previewRedeem
FNDA:12,deposit
FNDA:3,mint
FNDA:1,withdraw
FNDA:2,redeem
FNDA:15,_findMinAssetBalanceValue
FNDA:13,_deposit
FNDA:2,_withdraw
FNDA:23,calculateCollateral
FNDA:23,calculateYield
FNDA:23,calculateTVL
FNDA:1,pricePerToken
FNDA:2,autoCompoundRewards
FNDA:8,quoteAmountOut
FNDA:8,_convertToXToken
FNDA:1,renounceOwnership
FNDA:1,decimals
DA:43,48
DA:44,48
DA:45,48
DA:46,48
DA:47,48
DA:48,48
DA:49,48
DA:50,48
DA:51,48
DA:52,48
DA:53,48
DA:54,48
DA:55,48
DA:56,48
DA:57,48
DA:58,48
DA:59,48
DA:60,48
DA:65,1
DA:70,1
DA:79,1
DA:87,16
DA:88,16
DA:89,16
DA:90,12
DA:92,4
DA:93,4
DA:94,4
DA:95,4
DA:96,4
DA:98,16
DA:107,1
DA:111,5
DA:112,5
DA:113,5
DA:114,2
DA:116,3
DA:117,3
DA:118,3
DA:119,3
DA:120,3
DA:121,3
DA:131,12
DA:141,3
DA:151,1
DA:161,2
DA:171,11
DA:181,2
DA:191,1
DA:201,1
DA:210,12
DA:215,11
DA:216,11
DA:218,11
DA:227,3
DA:229,2
DA:230,2
DA:232,2
DA:240,1
DA:245,1
DA:246,1
DA:248,1
DA:256,2
DA:258,1
DA:259,1
DA:261,1
DA:269,15
DA:270,15
DA:271,15
DA:272,15
DA:273,15
DA:279,15
DA:280,15
DA:281,15
DA:282,60
DA:283,0
DA:286,15
DA:295,13
DA:296,13
DA:297,13
DA:298,13
DA:299,13
DA:300,13
DA:301,13
DA:302,13
DA:303,13
DA:304,13
DA:314,2
DA:315,0
DA:317,2
DA:319,2
DA:320,2
DA:321,2
DA:322,2
DA:323,2
DA:324,2
DA:325,2
DA:326,2
DA:327,2
DA:328,2
DA:334,23
DA:335,23
DA:336,23
DA:337,23
DA:339,23
DA:340,23
DA:341,23
DA:342,23
DA:345,23
DA:346,23
DA:347,23
DA:348,23
DA:351,23
DA:352,23
DA:353,23
DA:354,23
DA:355,23
DA:356,23
DA:357,23
DA:363,23
DA:364,23
DA:365,23
DA:366,23
DA:367,23
DA:370,23
DA:371,23
DA:372,23
DA:373,23
DA:376,23
DA:377,23
DA:381,23
DA:385,23
DA:389,23
DA:393,23
DA:398,23
DA:399,23
DA:400,23
DA:401,23
DA:406,1
DA:407,1
DA:408,1
DA:409,0
DA:411,1
DA:412,1
DA:417,2
DA:418,2
DA:419,2
DA:420,2
DA:421,2
DA:422,2
DA:423,2
DA:424,2
DA:426,2
DA:427,2
DA:429,2
DA:430,2
DA:432,2
DA:433,2
DA:435,2
DA:436,2
DA:438,2
DA:439,2
DA:440,2
DA:441,2
DA:442,2
DA:443,2
DA:444,2
DA:445,2
DA:447,2
DA:451,8
DA:452,8
DA:456,8
DA:458,8
DA:459,8
DA:460,8
DA:462,8
DA:464,8
DA:475,8
DA:479,1
DA:489,1
LF:180
LH:177
BRDA:43,1,0,48
BRDA:43,1,1,0
BRDA:44,2,0,48
BRDA:44,2,1,0
BRDA:45,3,0,48
BRDA:45,3,1,0
BRDA:46,4,0,48
BRDA:46,4,1,0
BRDA:89,5,0,12
BRDA:89,5,1,4
BRDA:113,6,0,2
BRDA:113,6,1,3
BRDA:210,7,0,11
BRDA:210,7,1,1
BRDA:227,8,0,2
BRDA:227,8,1,1
BRDA:240,9,0,1
BRDA:240,9,1,0
BRDA:256,10,0,1
BRDA:256,10,1,1
BRDA:282,11,0,0
BRDA:282,11,1,60
BRDA:314,12,0,0
BRDA:314,12,1,2
BRDA:408,13,0,0
BRDA:408,13,1,1
BRDA:478,14,0,1
BRDA:478,14,1,0
BRF:28
BRH:19
end_of_record
TN:
SF:/home/andrey/landx/land-x-smart-contracts/contracts/xToken.sol
FN:75,constructor
FN:95,getShards
FN:190,getTheNFT
FN:229,getTheNFTPreview
FN:250,stake
FN:263,unstake
FN:273,claim
FN:288,_feeDistributor
FN:305,availableToClaim
FN:309,totalAvailableToClaim
FN:314,_calculateYield
FN:320,_calculateTotalYield
FN:326,xBasketTransfer
FN:332,changeXBasketAddress
FN:337,_calcFee
FN:342,_validatorFee
FN:353,setXTokenRouter
FN:359,getAnnualRentAmount
FN:370,quoteAmountOut
FN:375,_convertToXToken
FN:396,_convertToUsdc
FN:420,preview
FN:464,_calculateNonDistributedYield
FN:472,previewNonDistributedYield
FN:479,getNonDistributedYield
FN:487,renounceOwnership
FN:492,updateUniswapContracts
FN:497,decimals
FNF:28
FNH:28
FNDA:117,constructor
FNDA:23,getShards
FNDA:5,getTheNFT
FNDA:3,getTheNFTPreview
FNDA:6,stake
FNDA:1,unstake
FNDA:1,claim
FNDA:1,_feeDistributor
FNDA:1,availableToClaim
FNDA:1,totalAvailableToClaim
FNDA:7,_calculateYield
FNDA:7,_calculateTotalYield
FNDA:2,xBasketTransfer
FNDA:4,changeXBasketAddress
FNDA:20,_calcFee
FNDA:20,_validatorFee
FNDA:2,setXTokenRouter
FNDA:20,getAnnualRentAmount
FNDA:2,quoteAmountOut
FNDA:2,_convertToXToken
FNDA:2,_convertToUsdc
FNDA:8,preview
FNDA:25,_calculateNonDistributedYield
FNDA:1,previewNonDistributedYield
FNDA:1,getNonDistributedYield
FNDA:1,renounceOwnership
FNDA:39,updateUniswapContracts
FNDA:1,decimals
DA:76,117
DA:77,117
DA:78,117
DA:79,117
DA:80,117
DA:81,117
DA:82,117
DA:83,117
DA:84,117
DA:85,117
DA:86,117
DA:87,117
DA:88,117
DA:89,117
DA:90,117
DA:91,117
DA:96,23
DA:100,22
DA:101,21
DA:105,20
DA:110,19
DA:114,18
DA:119,17
DA:124,16
DA:127,16
DA:129,16
DA:132,16
DA:134,16
DA:135,16
DA:137,16
DA:138,16
DA:140,16
DA:143,16
DA:144,15
DA:149,15
DA:156,1
DA:157,1
DA:158,1
DA:160,1
DA:164,1
DA:168,1
DA:170,16
DA:175,16
DA:176,15
DA:178,16
DA:183,16
DA:184,16
DA:185,16
DA:186,16
DA:191,5
DA:196,4
DA:197,4
DA:199,3
DA:200,3
DA:201,1
DA:204,3
DA:205,3
DA:206,2
DA:209,3
DA:214,3
DA:215,2
DA:218,3
DA:221,3
DA:222,3
DA:225,3
DA:226,3
DA:230,3
DA:231,3
DA:232,3
DA:233,3
DA:235,2
DA:236,2
DA:237,1
DA:240,2
DA:242,2
DA:246,2
DA:251,6
DA:252,5
DA:253,5
DA:254,5
DA:255,5
DA:256,5
DA:257,5
DA:258,5
DA:259,5
DA:260,5
DA:264,1
DA:265,1
DA:266,1
DA:267,1
DA:268,1
DA:269,1
DA:270,1
DA:274,1
DA:275,1
DA:276,1
DA:280,1
DA:281,1
DA:282,1
DA:283,1
DA:284,1
DA:285,1
DA:289,1
DA:291,1
DA:293,1
DA:294,1
DA:295,1
DA:299,1
DA:306,1
DA:310,1
DA:315,7
DA:316,7
DA:317,7
DA:321,7
DA:322,7
DA:323,7
DA:327,2
DA:328,1
DA:333,4
DA:334,3
DA:338,20
DA:339,20
DA:343,20
DA:344,1
DA:346,19
DA:347,19
DA:348,0
DA:350,19
DA:354,2
DA:355,1
DA:364,20
DA:365,20
DA:367,20
DA:371,2
DA:372,2
DA:376,2
DA:377,2
DA:378,2
DA:380,2
DA:382,2
DA:393,2
DA:397,2
DA:398,2
DA:399,2
DA:401,2
DA:406,2
DA:417,2
DA:430,8
DA:431,7
DA:432,6
DA:437,5
DA:442,4
DA:445,4
DA:446,4
DA:448,4
DA:450,4
DA:451,4
DA:452,4
DA:456,4
DA:465,25
DA:466,25
DA:467,25
DA:468,25
DA:469,25
DA:473,1
DA:474,1
DA:475,1
DA:480,1
DA:481,0
DA:482,0
DA:483,0
DA:484,0
DA:488,1
DA:493,39
DA:494,39
DA:498,1
LF:176
LH:171
BRDA:76,1,0,117
BRDA:76,1,1,0
BRDA:77,2,0,117
BRDA:77,2,1,0
BRDA:78,3,0,117
BRDA:78,3,1,0
BRDA:79,4,0,117
BRDA:79,4,1,0
BRDA:80,5,0,117
BRDA:80,5,1,0
BRDA:81,6,0,117
BRDA:81,6,1,0
BRDA:96,7,0,22
BRDA:96,7,1,1
BRDA:100,8,0,21
BRDA:100,8,1,1
BRDA:101,9,0,20
BRDA:101,9,1,1
BRDA:105,10,0,19
BRDA:105,10,1,1
BRDA:110,11,0,18
BRDA:110,11,1,1
BRDA:114,12,0,17
BRDA:114,12,1,1
BRDA:119,13,0,16
BRDA:119,13,1,1
BRDA:143,14,0,15
BRDA:143,14,1,1
BRDA:175,15,0,15
BRDA:175,15,1,1
BRDA:191,16,0,4
BRDA:191,16,1,1
BRDA:200,17,0,1
BRDA:200,17,1,2
BRDA:205,18,0,2
BRDA:205,18,1,1
BRDA:214,19,0,2
BRDA:214,19,1,1
BRDA:233,20,0,2
BRDA:233,20,1,1
BRDA:236,21,0,1
BRDA:236,21,1,1
BRDA:264,22,0,1
BRDA:264,22,1,0
BRDA:327,23,0,1
BRDA:327,23,1,1
BRDA:332,24,0,4
BRDA:332,24,1,1
BRDA:333,25,0,3
BRDA:333,25,1,1
BRDA:343,26,0,1
BRDA:343,26,1,19
BRDA:347,27,0,0
BRDA:347,27,1,19
BRDA:353,28,0,2
BRDA:353,28,1,1
BRDA:354,29,0,1
BRDA:354,29,1,1
BRDA:430,30,0,7
BRDA:430,30,1,1
BRDA:431,31,0,6
BRDA:431,31,1,1
BRDA:432,32,0,5
BRDA:432,32,1,1
BRDA:437,33,0,4
BRDA:437,33,1,1
BRDA:480,34,0,0
BRDA:480,34,1,1
BRDA:487,35,0,1
BRDA:487,35,1,0
BRDA:492,36,0,39
BRDA:492,36,1,0
BRF:72
BRH:61
end_of_record
TN:
SF:/home/andrey/landx/land-x-smart-contracts/contracts/xTokenRouter.sol
FN:23,setToken
FN:30,getXToken
FN:34,getCToken
FN:38,renounceOwnership
FNF:4
FNH:4
FNDA:4,setToken
FNDA:2,getXToken
FNDA:3,getCToken
FNDA:1,renounceOwnership
DA:24,4
DA:25,3
DA:26,2
DA:27,2
DA:31,2
DA:35,3
DA:39,1
LF:7
LH:7
BRDA:23,1,0,4
BRDA:23,1,1,1
BRDA:24,2,0,3
BRDA:24,2,1,1
BRDA:25,3,0,2
BRDA:25,3,1,1
BRDA:38,4,0,1
BRDA:38,4,1,0
BRF:8
BRH:7
end_of_record
