{"contracts/cToken.sol":{"l":{"25":0,"26":0,"31":0,"35":0,"39":0,"40":0,"44":0,"48":0,"52":0},"path":"/home/andrey/landx/land-x-smart-contracts/contracts/cToken.sol","s":{"1":0,"2":0,"3":0,"4":0,"5":0},"b":{"1":[0,0],"2":[0,0],"3":[0,0]},"f":{"1":0,"2":0,"3":0,"4":0,"5":0,"6":0},"fnMap":{"1":{"name":"constructor","line":23,"loc":{"start":{"line":22,"column":4},"end":{"line":27,"column":4}}},"2":{"name":"mint","line":30,"loc":{"start":{"line":30,"column":4},"end":{"line":36,"column":4}}},"3":{"name":"burn","line":38,"loc":{"start":{"line":38,"column":4},"end":{"line":41,"column":4}}},"4":{"name":"setRentFoundation","line":43,"loc":{"start":{"line":43,"column":4},"end":{"line":45,"column":4}}},"5":{"name":"setXTokenRouter","line":47,"loc":{"start":{"line":47,"column":4},"end":{"line":49,"column":4}}},"6":{"name":"decimals","line":51,"loc":{"start":{"line":51,"column":4},"end":{"line":53,"column":4}}}},"statementMap":{"1":{"start":{"line":31,"column":8},"end":{"line":31,"column":1074}},"2":{"start":{"line":35,"column":8},"end":{"line":35,"column":29}},"3":{"start":{"line":39,"column":8},"end":{"line":39,"column":52}},"4":{"start":{"line":40,"column":8},"end":{"line":40,"column":32}},"5":{"start":{"line":52,"column":8},"end":{"line":52,"column":16}}},"branchMap":{"1":{"line":31,"type":"if","locations":[{"start":{"line":31,"column":8},"end":{"line":31,"column":8}},{"start":{"line":31,"column":8},"end":{"line":31,"column":8}}]},"2":{"line":43,"type":"if","locations":[{"start":{"line":43,"column":56},"end":{"line":43,"column":56}},{"start":{"line":43,"column":56},"end":{"line":43,"column":56}}]},"3":{"line":47,"type":"if","locations":[{"start":{"line":47,"column":53},"end":{"line":47,"column":53}},{"start":{"line":47,"column":53},"end":{"line":47,"column":53}}]}}},"contracts/KeyProtocolVariables.sol":{"l":{"42":0,"43":0,"44":0,"45":0,"46":0,"48":0,"49":0,"50":0,"51":0,"52":0,"56":0,"57":0,"61":0,"62":0,"66":0,"67":0,"73":0,"74":0,"78":0,"79":0,"83":0,"84":0,"91":0,"92":0,"96":0,"97":0,"98":0,"105":0,"106":0,"110":0,"111":0,"115":0,"116":0,"120":0,"121":0,"125":0,"126":0,"130":0,"131":0},"path":"/home/andrey/landx/land-x-smart-contracts/contracts/KeyProtocolVariables.sol","s":{"1":0,"2":0,"3":0,"4":0,"5":0,"6":0,"7":0,"8":0,"9":0,"10":0,"11":0,"12":0,"13":0,"14":0},"b":{"1":[0,0],"2":[0,0],"3":[0,0],"4":[0,0],"5":[0,0],"6":[0,0],"7":[0,0],"8":[0,0],"9":[0,0],"10":[0,0],"11":[0,0],"12":[0,0],"13":[0,0],"14":[0,0]},"f":{"1":0,"2":0,"3":0,"4":0,"5":0,"6":0,"7":0,"8":0,"9":0,"10":0,"11":0,"12":0,"13":0,"14":0},"fnMap":{"1":{"name":"constructor","line":34,"loc":{"start":{"line":34,"column":4},"end":{"line":53,"column":4}}},"2":{"name":"updateXTokenMintFee","line":55,"loc":{"start":{"line":55,"column":4},"end":{"line":58,"column":4}}},"3":{"name":"updateCTokenSellFee","line":60,"loc":{"start":{"line":60,"column":4},"end":{"line":63,"column":4}}},"4":{"name":"updatePayRentFee","line":65,"loc":{"start":{"line":65,"column":4},"end":{"line":68,"column":4}}},"5":{"name":"updateMaxAllowableCropShare","line":70,"loc":{"start":{"line":70,"column":4},"end":{"line":75,"column":4}}},"6":{"name":"updateHedgeFundAllocation","line":77,"loc":{"start":{"line":77,"column":4},"end":{"line":80,"column":4}}},"7":{"name":"updateSecurityDepositMonths","line":82,"loc":{"start":{"line":82,"column":4},"end":{"line":85,"column":4}}},"8":{"name":"updateFeeDistributionPercentage","line":87,"loc":{"start":{"line":87,"column":4},"end":{"line":102,"column":4}}},"9":{"name":"updateHedgeFundWallet","line":104,"loc":{"start":{"line":104,"column":4},"end":{"line":107,"column":4}}},"10":{"name":"updateLandxOperationalWallet","line":109,"loc":{"start":{"line":109,"column":4},"end":{"line":112,"column":4}}},"11":{"name":"updateLandxChoiceWallet","line":114,"loc":{"start":{"line":114,"column":4},"end":{"line":117,"column":4}}},"12":{"name":"updateXTokensSecurityWallet","line":119,"loc":{"start":{"line":119,"column":4},"end":{"line":122,"column":4}}},"13":{"name":"updateValidatorCommisionWallet","line":124,"loc":{"start":{"line":124,"column":4},"end":{"line":127,"column":4}}},"14":{"name":"launch","line":129,"loc":{"start":{"line":129,"column":4},"end":{"line":132,"column":4}}}},"statementMap":{"1":{"start":{"line":56,"column":8},"end":{"line":56,"column":62}},"2":{"start":{"line":61,"column":8},"end":{"line":61,"column":62}},"3":{"start":{"line":66,"column":8},"end":{"line":66,"column":62}},"4":{"start":{"line":73,"column":8},"end":{"line":73,"column":62}},"5":{"start":{"line":78,"column":8},"end":{"line":78,"column":62}},"6":{"start":{"line":83,"column":8},"end":{"line":83,"column":62}},"7":{"start":{"line":91,"column":8},"end":{"line":91,"column":62}},"8":{"start":{"line":92,"column":8},"end":{"line":92,"column":2962}},"9":{"start":{"line":105,"column":8},"end":{"line":105,"column":62}},"10":{"start":{"line":110,"column":8},"end":{"line":110,"column":62}},"11":{"start":{"line":115,"column":8},"end":{"line":115,"column":62}},"12":{"start":{"line":120,"column":8},"end":{"line":120,"column":62}},"13":{"start":{"line":125,"column":8},"end":{"line":125,"column":62}},"14":{"start":{"line":130,"column":8},"end":{"line":130,"column":62}}},"branchMap":{"1":{"line":56,"type":"if","locations":[{"start":{"line":56,"column":8},"end":{"line":56,"column":8}},{"start":{"line":56,"column":8},"end":{"line":56,"column":8}}]},"2":{"line":61,"type":"if","locations":[{"start":{"line":61,"column":8},"end":{"line":61,"column":8}},{"start":{"line":61,"column":8},"end":{"line":61,"column":8}}]},"3":{"line":66,"type":"if","locations":[{"start":{"line":66,"column":8},"end":{"line":66,"column":8}},{"start":{"line":66,"column":8},"end":{"line":66,"column":8}}]},"4":{"line":73,"type":"if","locations":[{"start":{"line":73,"column":8},"end":{"line":73,"column":8}},{"start":{"line":73,"column":8},"end":{"line":73,"column":8}}]},"5":{"line":78,"type":"if","locations":[{"start":{"line":78,"column":8},"end":{"line":78,"column":8}},{"start":{"line":78,"column":8},"end":{"line":78,"column":8}}]},"6":{"line":83,"type":"if","locations":[{"start":{"line":83,"column":8},"end":{"line":83,"column":8}},{"start":{"line":83,"column":8},"end":{"line":83,"column":8}}]},"7":{"line":91,"type":"if","locations":[{"start":{"line":91,"column":8},"end":{"line":91,"column":8}},{"start":{"line":91,"column":8},"end":{"line":91,"column":8}}]},"8":{"line":92,"type":"if","locations":[{"start":{"line":92,"column":8},"end":{"line":92,"column":8}},{"start":{"line":92,"column":8},"end":{"line":92,"column":8}}]},"9":{"line":105,"type":"if","locations":[{"start":{"line":105,"column":8},"end":{"line":105,"column":8}},{"start":{"line":105,"column":8},"end":{"line":105,"column":8}}]},"10":{"line":110,"type":"if","locations":[{"start":{"line":110,"column":8},"end":{"line":110,"column":8}},{"start":{"line":110,"column":8},"end":{"line":110,"column":8}}]},"11":{"line":115,"type":"if","locations":[{"start":{"line":115,"column":8},"end":{"line":115,"column":8}},{"start":{"line":115,"column":8},"end":{"line":115,"column":8}}]},"12":{"line":120,"type":"if","locations":[{"start":{"line":120,"column":8},"end":{"line":120,"column":8}},{"start":{"line":120,"column":8},"end":{"line":120,"column":8}}]},"13":{"line":125,"type":"if","locations":[{"start":{"line":125,"column":8},"end":{"line":125,"column":8}},{"start":{"line":125,"column":8},"end":{"line":125,"column":8}}]},"14":{"line":130,"type":"if","locations":[{"start":{"line":130,"column":8},"end":{"line":130,"column":8}},{"start":{"line":130,"column":8},"end":{"line":130,"column":8}}]}}},"contracts/LNDX.sol":{"l":{"13":0,"14":0,"16":0,"18":0,"26":0,"27":0,"28":0,"29":0,"30":0,"31":0,"32":0,"33":0,"37":0,"41":0,"42":0,"43":0,"44":0,"45":0,"47":0,"48":0,"49":0,"53":0,"57":0},"path":"/home/andrey/landx/land-x-smart-contracts/contracts/LNDX.sol","s":{"1":0,"2":0,"3":0,"4":0,"5":0,"6":0,"7":0,"8":0,"9":0,"10":0,"11":0,"12":0,"13":0,"14":0,"15":0,"16":0,"17":0,"18":0},"b":{"1":[0,0],"2":[0,0],"3":[0,0],"4":[0,0],"5":[0,0],"6":[0,0]},"f":{"1":0,"2":0,"3":0,"4":0,"5":0},"fnMap":{"1":{"name":"constructor","line":12,"loc":{"start":{"line":12,"column":4},"end":{"line":19,"column":4}}},"2":{"name":"stake","line":25,"loc":{"start":{"line":25,"column":4},"end":{"line":34,"column":4}}},"3":{"name":"unstake","line":36,"loc":{"start":{"line":36,"column":4},"end":{"line":50,"column":4}}},"4":{"name":"calculateShare","line":52,"loc":{"start":{"line":52,"column":4},"end":{"line":54,"column":4}}},"5":{"name":"decimals","line":56,"loc":{"start":{"line":56,"column":4},"end":{"line":58,"column":4}}}},"statementMap":{"1":{"start":{"line":13,"column":8},"end":{"line":13,"column":42}},"2":{"start":{"line":14,"column":8},"end":{"line":14,"column":509}},"3":{"start":{"line":16,"column":8},"end":{"line":16,"column":615}},"4":{"start":{"line":18,"column":8},"end":{"line":18,"column":65}},"5":{"start":{"line":26,"column":8},"end":{"line":26,"column":55}},"6":{"start":{"line":29,"column":8},"end":{"line":29,"column":67}},"7":{"start":{"line":30,"column":8},"end":{"line":30,"column":45}},"8":{"start":{"line":31,"column":8},"end":{"line":31,"column":62}},"9":{"start":{"line":33,"column":8},"end":{"line":33,"column":39}},"10":{"start":{"line":37,"column":8},"end":{"line":37,"column":1403}},"11":{"start":{"line":43,"column":8},"end":{"line":43,"column":67}},"12":{"start":{"line":44,"column":8},"end":{"line":44,"column":45}},"13":{"start":{"line":45,"column":8},"end":{"line":45,"column":1728}},"14":{"start":{"line":47,"column":8},"end":{"line":47,"column":36}},"15":{"start":{"line":48,"column":8},"end":{"line":48,"column":50}},"16":{"start":{"line":49,"column":8},"end":{"line":49,"column":51}},"17":{"start":{"line":53,"column":8},"end":{"line":53,"column":61}},"18":{"start":{"line":57,"column":8},"end":{"line":57,"column":16}}},"branchMap":{"1":{"line":14,"type":"if","locations":[{"start":{"line":14,"column":8},"end":{"line":14,"column":8}},{"start":{"line":14,"column":8},"end":{"line":14,"column":8}}]},"2":{"line":16,"type":"if","locations":[{"start":{"line":16,"column":8},"end":{"line":16,"column":8}},{"start":{"line":16,"column":8},"end":{"line":16,"column":8}}]},"3":{"line":18,"type":"if","locations":[{"start":{"line":18,"column":8},"end":{"line":18,"column":8}},{"start":{"line":18,"column":8},"end":{"line":18,"column":8}}]},"4":{"line":30,"type":"if","locations":[{"start":{"line":30,"column":8},"end":{"line":30,"column":8}},{"start":{"line":30,"column":8},"end":{"line":30,"column":8}}]},"5":{"line":37,"type":"if","locations":[{"start":{"line":37,"column":8},"end":{"line":37,"column":8}},{"start":{"line":37,"column":8},"end":{"line":37,"column":8}}]},"6":{"line":44,"type":"if","locations":[{"start":{"line":44,"column":8},"end":{"line":44,"column":8}},{"start":{"line":44,"column":8},"end":{"line":44,"column":8}}]}}},"contracts/nft.sol":{"l":{"34":0,"35":0,"49":0,"50":0,"54":0,"55":0,"56":0,"57":0,"58":0,"59":0,"60":0,"61":0,"62":0,"71":0,"75":0,"76":0,"80":0,"84":0,"88":0,"100":0,"101":0,"103":0,"104":0,"105":0,"106":0,"107":0,"109":0,"110":0,"111":0,"112":0,"113":0,"114":0,"115":0,"116":0,"118":0},"path":"/home/andrey/landx/land-x-smart-contracts/contracts/nft.sol","s":{"1":0,"2":0,"3":0,"4":0,"5":0,"6":0,"7":0,"8":0,"9":0,"10":0,"11":0,"12":0,"13":0,"14":0,"15":0,"16":0,"17":0},"b":{"1":[0,0],"2":[0,0],"3":[0,0],"4":[0,0],"5":[0,0],"6":[0,0],"7":[0,0],"8":[0,0]},"f":{"1":0,"2":0,"3":0,"4":0,"5":0,"6":0,"7":0},"fnMap":{"1":{"name":"constructor","line":32,"loc":{"start":{"line":31,"column":4},"end":{"line":36,"column":4}}},"2":{"name":"setDetailsAndMint","line":48,"loc":{"start":{"line":39,"column":4},"end":{"line":63,"column":4}}},"3":{"name":"burn","line":66,"loc":{"start":{"line":66,"column":4},"end":{"line":77,"column":4}}},"4":{"name":"setBaseURI","line":79,"loc":{"start":{"line":79,"column":4},"end":{"line":81,"column":4}}},"5":{"name":"uri","line":83,"loc":{"start":{"line":83,"column":4},"end":{"line":85,"column":4}}},"6":{"name":"setXTokenRouter","line":87,"loc":{"start":{"line":87,"column":4},"end":{"line":89,"column":4}}},"7":{"name":"uint2str","line":95,"loc":{"start":{"line":95,"column":4},"end":{"line":119,"column":4}}}},"statementMap":{"1":{"start":{"line":49,"column":8},"end":{"line":49,"column":66}},"2":{"start":{"line":50,"column":8},"end":{"line":50,"column":1807}},"3":{"start":{"line":62,"column":8},"end":{"line":62,"column":38}},"4":{"start":{"line":71,"column":8},"end":{"line":71,"column":2448}},"5":{"start":{"line":75,"column":8},"end":{"line":75,"column":32}},"6":{"start":{"line":84,"column":8},"end":{"line":84,"column":73}},"7":{"start":{"line":100,"column":8},"end":{"line":100,"column":3282}},"8":{"start":{"line":101,"column":12},"end":{"line":101,"column":22}},"9":{"start":{"line":103,"column":8},"end":{"line":103,"column":22}},"10":{"start":{"line":104,"column":8},"end":{"line":104,"column":19}},"11":{"start":{"line":105,"column":8},"end":{"line":105,"column":3384}},"12":{"start":{"line":109,"column":8},"end":{"line":109,"column":42}},"13":{"start":{"line":110,"column":8},"end":{"line":110,"column":23}},"14":{"start":{"line":111,"column":8},"end":{"line":111,"column":3528}},"15":{"start":{"line":113,"column":12},"end":{"line":113,"column":58}},"16":{"start":{"line":114,"column":12},"end":{"line":114,"column":36}},"17":{"start":{"line":118,"column":8},"end":{"line":118,"column":27}}},"branchMap":{"1":{"line":48,"type":"if","locations":[{"start":{"line":48,"column":13},"end":{"line":48,"column":13}},{"start":{"line":48,"column":13},"end":{"line":48,"column":13}}]},"2":{"line":49,"type":"if","locations":[{"start":{"line":49,"column":8},"end":{"line":49,"column":8}},{"start":{"line":49,"column":8},"end":{"line":49,"column":8}}]},"3":{"line":50,"type":"if","locations":[{"start":{"line":50,"column":8},"end":{"line":50,"column":8}},{"start":{"line":50,"column":8},"end":{"line":50,"column":8}}]},"4":{"line":71,"type":"if","locations":[{"start":{"line":71,"column":8},"end":{"line":71,"column":8}},{"start":{"line":71,"column":8},"end":{"line":71,"column":8}}]},"5":{"line":72,"type":"cond-expr","locations":[{"start":{"line":72,"column":12},"end":{"line":72,"column":34}},{"start":{"line":72,"column":39},"end":{"line":72,"column":77}}]},"6":{"line":79,"type":"if","locations":[{"start":{"line":79,"column":53},"end":{"line":79,"column":53}},{"start":{"line":79,"column":53},"end":{"line":79,"column":53}}]},"7":{"line":87,"type":"if","locations":[{"start":{"line":87,"column":53},"end":{"line":87,"column":53}},{"start":{"line":87,"column":53},"end":{"line":87,"column":53}}]},"8":{"line":100,"type":"if","locations":[{"start":{"line":100,"column":8},"end":{"line":100,"column":8}},{"start":{"line":100,"column":8},"end":{"line":100,"column":8}}]}}},"contracts/OraclePrices.sol":{"l":{"59":0,"61":0,"62":0,"63":0,"64":0,"66":0,"67":0,"68":0,"69":0,"70":0,"71":0,"75":0,"76":0,"77":0,"81":0,"82":0,"83":0,"87":0,"88":0,"91":0,"92":0,"93":0,"96":0,"97":0,"99":0,"100":0,"101":0,"106":0,"111":0},"path":"/home/andrey/landx/land-x-smart-contracts/contracts/OraclePrices.sol","s":{"1":0,"2":0,"3":0,"4":0,"5":0,"6":0,"7":0,"8":0,"9":0,"10":0,"11":0,"12":0,"13":0,"14":0,"15":0,"16":0},"b":{"1":[0,0],"2":[0,0],"3":[0,0],"4":[0,0],"5":[0,0],"6":[0,0],"7":[0,0]},"f":{"1":0,"2":0,"3":0,"4":0,"5":0},"fnMap":{"1":{"name":"constructor","line":50,"loc":{"start":{"line":50,"column":4},"end":{"line":72,"column":4}}},"2":{"name":"setGrainPrice","line":74,"loc":{"start":{"line":74,"column":4},"end":{"line":78,"column":4}}},"3":{"name":"setXTokenPrice","line":80,"loc":{"start":{"line":80,"column":4},"end":{"line":84,"column":4}}},"4":{"name":"getXTokenPrice","line":86,"loc":{"start":{"line":86,"column":4},"end":{"line":108,"column":4}}},"5":{"name":"getXtokenPool","line":110,"loc":{"start":{"line":110,"column":4},"end":{"line":112,"column":4}}}},"statementMap":{"1":{"start":{"line":59,"column":8},"end":{"line":59,"column":47}},"2":{"start":{"line":75,"column":8},"end":{"line":75,"column":74}},"3":{"start":{"line":76,"column":8},"end":{"line":76,"column":65}},"4":{"start":{"line":81,"column":8},"end":{"line":81,"column":74}},"5":{"start":{"line":82,"column":8},"end":{"line":82,"column":65}},"6":{"start":{"line":87,"column":8},"end":{"line":87,"column":2637}},"7":{"start":{"line":88,"column":12},"end":{"line":88,"column":39}},"8":{"start":{"line":91,"column":8},"end":{"line":91,"column":44}},"9":{"start":{"line":92,"column":8},"end":{"line":92,"column":2788}},"10":{"start":{"line":93,"column":12},"end":{"line":93,"column":39}},"11":{"start":{"line":96,"column":8},"end":{"line":96,"column":56}},"12":{"start":{"line":97,"column":8},"end":{"line":97,"column":28}},"13":{"start":{"line":100,"column":8},"end":{"line":100,"column":3028}},"14":{"start":{"line":101,"column":12},"end":{"line":101,"column":3087}},"15":{"start":{"line":106,"column":8},"end":{"line":106,"column":3232}},"16":{"start":{"line":111,"column":8},"end":{"line":111,"column":76}}},"branchMap":{"1":{"line":75,"type":"if","locations":[{"start":{"line":75,"column":8},"end":{"line":75,"column":8}},{"start":{"line":75,"column":8},"end":{"line":75,"column":8}}]},"2":{"line":76,"type":"if","locations":[{"start":{"line":76,"column":8},"end":{"line":76,"column":8}},{"start":{"line":76,"column":8},"end":{"line":76,"column":8}}]},"3":{"line":81,"type":"if","locations":[{"start":{"line":81,"column":8},"end":{"line":81,"column":8}},{"start":{"line":81,"column":8},"end":{"line":81,"column":8}}]},"4":{"line":82,"type":"if","locations":[{"start":{"line":82,"column":8},"end":{"line":82,"column":8}},{"start":{"line":82,"column":8},"end":{"line":82,"column":8}}]},"5":{"line":87,"type":"if","locations":[{"start":{"line":87,"column":8},"end":{"line":87,"column":8}},{"start":{"line":87,"column":8},"end":{"line":87,"column":8}}]},"6":{"line":92,"type":"if","locations":[{"start":{"line":92,"column":8},"end":{"line":92,"column":8}},{"start":{"line":92,"column":8},"end":{"line":92,"column":8}}]},"7":{"line":100,"type":"if","locations":[{"start":{"line":100,"column":8},"end":{"line":100,"column":8}},{"start":{"line":100,"column":8},"end":{"line":100,"column":8}}]}}},"contracts/rentFoundation.sol":{"l":{"84":0,"85":0,"86":0,"91":0,"92":0,"96":0,"97":0,"99":0,"104":0,"108":0,"110":0,"111":0,"112":0,"117":0,"118":0,"122":0,"126":0,"127":0,"128":0,"129":0,"133":0,"134":0,"135":0,"137":0,"143":0,"144":0,"145":0,"146":0,"148":0,"149":0,"153":0,"155":0,"157":0,"158":0,"162":0,"169":0,"173":0,"178":0},"path":"/home/andrey/landx/land-x-smart-contracts/contracts/rentFoundation.sol","s":{"1":0,"2":0,"3":0,"4":0,"5":0,"6":0,"7":0,"8":0,"9":0,"10":0,"11":0,"12":0,"13":0,"14":0,"15":0,"16":0,"17":0,"18":0,"19":0,"20":0,"21":0,"22":0,"23":0,"24":0,"25":0,"26":0,"27":0,"28":0},"b":{"1":[0,0],"2":[0,0],"3":[0,0],"4":[0,0],"5":[0,0],"6":[0,0],"7":[0,0],"8":[0,0]},"f":{"1":0,"2":0,"3":0,"4":0,"5":0,"6":0,"7":0,"8":0,"9":0},"fnMap":{"1":{"name":"constructor","line":79,"loc":{"start":{"line":79,"column":4},"end":{"line":87,"column":4}}},"2":{"name":"payRent","line":90,"loc":{"start":{"line":90,"column":4},"end":{"line":113,"column":4}}},"3":{"name":"payInitialRent","line":116,"loc":{"start":{"line":116,"column":4},"end":{"line":130,"column":4}}},"4":{"name":"getDepositBalance","line":132,"loc":{"start":{"line":132,"column":4},"end":{"line":140,"column":4}}},"5":{"name":"sellCToken","line":142,"loc":{"start":{"line":142,"column":4},"end":{"line":150,"column":4}}},"6":{"name":"feeDistributor","line":152,"loc":{"start":{"line":152,"column":4},"end":{"line":166,"column":4}}},"7":{"name":"setXTokenRouter","line":168,"loc":{"start":{"line":168,"column":4},"end":{"line":170,"column":4}}},"8":{"name":"setGrainPrices","line":172,"loc":{"start":{"line":172,"column":4},"end":{"line":174,"column":4}}},"9":{"name":"changeLandXNFTAddress","line":177,"loc":{"start":{"line":177,"column":4},"end":{"line":179,"column":4}}}},"statementMap":{"1":{"start":{"line":91,"column":8},"end":{"line":91,"column":75}},"2":{"start":{"line":92,"column":8},"end":{"line":92,"column":2688}},"3":{"start":{"line":96,"column":8},"end":{"line":96,"column":79}},"4":{"start":{"line":97,"column":8},"end":{"line":97,"column":2945}},"5":{"start":{"line":99,"column":8},"end":{"line":99,"column":2996}},"6":{"start":{"line":104,"column":8},"end":{"line":104,"column":3197}},"7":{"start":{"line":108,"column":8},"end":{"line":108,"column":3360}},"8":{"start":{"line":110,"column":8},"end":{"line":110,"column":34}},"9":{"start":{"line":112,"column":8},"end":{"line":112,"column":43}},"10":{"start":{"line":117,"column":8},"end":{"line":117,"column":53}},"11":{"start":{"line":118,"column":8},"end":{"line":118,"column":3753}},"12":{"start":{"line":122,"column":8},"end":{"line":122,"column":3869}},"13":{"start":{"line":129,"column":8},"end":{"line":129,"column":45}},"14":{"start":{"line":133,"column":8},"end":{"line":133,"column":78}},"15":{"start":{"line":134,"column":8},"end":{"line":134,"column":40}},"16":{"start":{"line":135,"column":8},"end":{"line":135,"column":4435}},"17":{"start":{"line":137,"column":8},"end":{"line":137,"column":4545}},"18":{"start":{"line":143,"column":8},"end":{"line":143,"column":53}},"19":{"start":{"line":144,"column":8},"end":{"line":144,"column":77}},"20":{"start":{"line":145,"column":8},"end":{"line":145,"column":74}},"21":{"start":{"line":146,"column":8},"end":{"line":146,"column":4947}},"22":{"start":{"line":148,"column":8},"end":{"line":148,"column":56}},"23":{"start":{"line":149,"column":8},"end":{"line":149,"column":35}},"24":{"start":{"line":153,"column":8},"end":{"line":153,"column":5168}},"25":{"start":{"line":155,"column":8},"end":{"line":155,"column":5316}},"26":{"start":{"line":157,"column":8},"end":{"line":157,"column":35}},"27":{"start":{"line":158,"column":8},"end":{"line":158,"column":5405}},"28":{"start":{"line":162,"column":8},"end":{"line":162,"column":5522}}},"branchMap":{"1":{"line":91,"type":"if","locations":[{"start":{"line":91,"column":8},"end":{"line":91,"column":8}},{"start":{"line":91,"column":8},"end":{"line":91,"column":8}}]},"2":{"line":92,"type":"if","locations":[{"start":{"line":92,"column":8},"end":{"line":92,"column":8}},{"start":{"line":92,"column":8},"end":{"line":92,"column":8}}]},"3":{"line":118,"type":"if","locations":[{"start":{"line":118,"column":8},"end":{"line":118,"column":8}},{"start":{"line":118,"column":8},"end":{"line":118,"column":8}}]},"4":{"line":122,"type":"if","locations":[{"start":{"line":122,"column":8},"end":{"line":122,"column":8}},{"start":{"line":122,"column":8},"end":{"line":122,"column":8}}]},"5":{"line":144,"type":"if","locations":[{"start":{"line":144,"column":8},"end":{"line":144,"column":8}},{"start":{"line":144,"column":8},"end":{"line":144,"column":8}}]},"6":{"line":168,"type":"if","locations":[{"start":{"line":168,"column":53},"end":{"line":168,"column":53}},{"start":{"line":168,"column":53},"end":{"line":168,"column":53}}]},"7":{"line":172,"type":"if","locations":[{"start":{"line":172,"column":57},"end":{"line":172,"column":57}},{"start":{"line":172,"column":57},"end":{"line":172,"column":57}}]},"8":{"line":177,"type":"if","locations":[{"start":{"line":177,"column":63},"end":{"line":177,"column":63}},{"start":{"line":177,"column":63},"end":{"line":177,"column":63}}]}}},"contracts/usdc.sol":{"l":{"30":0,"31":0,"32":0,"36":0,"40":0,"41":0,"45":0,"49":0,"53":0,"57":0,"58":0,"66":0,"67":0,"68":0},"path":"/home/andrey/landx/land-x-smart-contracts/contracts/usdc.sol","s":{"1":0,"2":0,"3":0,"4":0,"5":0,"6":0,"7":0,"8":0,"9":0,"10":0,"11":0,"12":0,"13":0},"b":{"1":[0,0],"2":[0,0],"3":[0,0],"4":[0,0],"5":[0,0],"6":[0,0],"7":[0,0]},"f":{"1":0,"2":0,"3":0,"4":0,"5":0,"6":0,"7":0,"8":0},"fnMap":{"1":{"name":"constructor","line":28,"loc":{"start":{"line":26,"column":4},"end":{"line":33,"column":4}}},"2":{"name":"decimals","line":35,"loc":{"start":{"line":35,"column":4},"end":{"line":37,"column":4}}},"3":{"name":"mint","line":39,"loc":{"start":{"line":39,"column":4},"end":{"line":42,"column":4}}},"4":{"name":"pause","line":44,"loc":{"start":{"line":44,"column":4},"end":{"line":46,"column":4}}},"5":{"name":"unpause","line":48,"loc":{"start":{"line":48,"column":4},"end":{"line":50,"column":4}}},"6":{"name":"snapshot","line":52,"loc":{"start":{"line":52,"column":4},"end":{"line":54,"column":4}}},"7":{"name":"setBlacklist","line":56,"loc":{"start":{"line":56,"column":4},"end":{"line":59,"column":4}}},"8":{"name":"_beforeTokenTransfer","line":61,"loc":{"start":{"line":61,"column":4},"end":{"line":69,"column":4}}}},"statementMap":{"1":{"start":{"line":30,"column":8},"end":{"line":30,"column":47}},"2":{"start":{"line":31,"column":8},"end":{"line":31,"column":40}},"3":{"start":{"line":32,"column":8},"end":{"line":32,"column":45}},"4":{"start":{"line":36,"column":8},"end":{"line":36,"column":16}},"5":{"start":{"line":40,"column":8},"end":{"line":40,"column":64}},"6":{"start":{"line":41,"column":8},"end":{"line":41,"column":24}},"7":{"start":{"line":45,"column":8},"end":{"line":45,"column":15}},"8":{"start":{"line":49,"column":8},"end":{"line":49,"column":17}},"9":{"start":{"line":53,"column":8},"end":{"line":53,"column":18}},"10":{"start":{"line":57,"column":8},"end":{"line":57,"column":74}},"11":{"start":{"line":66,"column":8},"end":{"line":66,"column":58}},"12":{"start":{"line":67,"column":8},"end":{"line":67,"column":57}},"13":{"start":{"line":68,"column":8},"end":{"line":68,"column":51}}},"branchMap":{"1":{"line":40,"type":"if","locations":[{"start":{"line":40,"column":8},"end":{"line":40,"column":8}},{"start":{"line":40,"column":8},"end":{"line":40,"column":8}}]},"2":{"line":44,"type":"if","locations":[{"start":{"line":44,"column":28},"end":{"line":44,"column":28}},{"start":{"line":44,"column":28},"end":{"line":44,"column":28}}]},"3":{"line":48,"type":"if","locations":[{"start":{"line":48,"column":30},"end":{"line":48,"column":30}},{"start":{"line":48,"column":30},"end":{"line":48,"column":30}}]},"4":{"line":52,"type":"if","locations":[{"start":{"line":52,"column":31},"end":{"line":52,"column":31}},{"start":{"line":52,"column":31},"end":{"line":52,"column":31}}]},"5":{"line":57,"type":"if","locations":[{"start":{"line":57,"column":8},"end":{"line":57,"column":8}},{"start":{"line":57,"column":8},"end":{"line":57,"column":8}}]},"6":{"line":66,"type":"if","locations":[{"start":{"line":66,"column":8},"end":{"line":66,"column":8}},{"start":{"line":66,"column":8},"end":{"line":66,"column":8}}]},"7":{"line":67,"type":"if","locations":[{"start":{"line":67,"column":8},"end":{"line":67,"column":8}},{"start":{"line":67,"column":8},"end":{"line":67,"column":8}}]}}},"contracts/xBasket.sol":{"l":{"63":33,"64":33,"65":33,"66":33,"67":33,"68":33,"69":33,"70":33,"71":33,"72":33,"73":33,"74":33,"79":1,"84":0,"93":1,"101":12,"102":12,"103":12,"104":8,"106":4,"108":12,"117":1,"121":4,"122":4,"123":4,"124":2,"126":2,"127":2,"137":8,"147":3,"157":1,"167":0,"177":7,"187":2,"197":1,"207":0,"216":8,"221":7,"222":7,"224":7,"233":3,"235":2,"236":2,"238":2,"246":1,"251":1,"252":1,"254":0,"262":0,"264":0,"265":0,"267":0,"275":11,"276":11,"277":11,"278":11,"279":11,"285":11,"286":11,"287":11,"288":44,"289":0,"292":11,"301":9,"302":9,"303":9,"304":9,"305":9,"306":9,"307":9,"308":9,"309":9,"310":9,"320":1,"321":0,"323":1,"325":0,"326":0,"327":0,"328":0,"329":0,"330":0,"331":0,"332":0,"333":0,"334":0,"340":16,"341":16,"342":16,"343":16,"345":16,"346":16,"347":16,"348":16,"351":16,"352":16,"353":16,"354":16,"357":16,"358":16,"359":16,"360":16,"361":16,"362":16,"368":16,"369":16,"370":16,"371":16,"372":16,"375":16,"376":16,"377":16,"378":16,"381":16,"382":16,"386":16,"390":16,"394":16,"398":16,"403":16,"404":16,"405":16,"406":16,"411":0,"412":0,"413":0,"414":0,"419":1,"420":1,"421":1,"422":1,"423":1,"424":1,"425":1,"426":1,"428":1,"429":1,"431":0,"432":0,"434":0,"435":0,"437":0,"438":0,"440":0,"441":0,"442":0,"443":0,"444":0,"445":0,"446":0,"447":0,"451":1,"452":1,"453":1,"464":1,"474":1},"path":"/home/andrey/landx/land-x-smart-contracts/contracts/xBasket.sol","s":{"1":1,"2":0,"3":1,"4":12,"5":12,"6":12,"7":12,"8":1,"9":4,"10":4,"11":4,"12":2,"13":2,"14":2,"15":8,"16":3,"17":1,"18":0,"19":7,"20":2,"21":1,"22":0,"23":8,"24":7,"25":7,"26":7,"27":3,"28":2,"29":2,"30":2,"31":1,"32":1,"33":1,"34":0,"35":0,"36":0,"37":0,"38":0,"39":11,"40":11,"41":11,"42":11,"43":11,"44":11,"45":11,"46":11,"47":44,"48":11,"49":9,"50":9,"51":9,"52":9,"53":9,"54":9,"55":9,"56":9,"57":9,"58":9,"59":1,"60":0,"61":1,"62":0,"63":0,"64":0,"65":0,"66":0,"67":0,"68":0,"69":0,"70":0,"71":0,"72":16,"73":16,"74":16,"75":16,"76":16,"77":16,"78":16,"79":16,"80":16,"81":16,"82":16,"83":16,"84":16,"85":16,"86":16,"87":16,"88":16,"89":16,"90":16,"91":16,"92":16,"93":16,"94":16,"95":16,"96":16,"97":16,"98":16,"99":16,"100":16,"101":0,"102":0,"103":0,"104":0,"105":1,"106":1,"107":1,"108":1,"109":1,"110":1,"111":1,"112":1,"113":1,"114":1,"115":0,"116":0,"117":0,"118":0,"119":0,"120":0,"121":0,"122":0,"123":0,"124":0,"125":0,"126":0,"127":0,"128":0,"129":1,"130":1,"131":1,"132":1,"133":1},"b":{"1":[8,4],"2":[2,2],"3":[7,1],"4":[2,1],"5":[1,0],"6":[0,0],"7":[0,44],"8":[0,1]},"f":{"1":33,"2":1,"3":0,"4":1,"5":12,"6":1,"7":4,"8":8,"9":3,"10":1,"11":0,"12":7,"13":2,"14":1,"15":0,"16":8,"17":3,"18":1,"19":0,"20":11,"21":9,"22":1,"23":16,"24":16,"25":16,"26":0,"27":1,"28":1,"29":1},"fnMap":{"1":{"name":"constructor","line":62,"loc":{"start":{"line":58,"column":4},"end":{"line":75,"column":4}}},"2":{"name":"asset","line":78,"loc":{"start":{"line":78,"column":4},"end":{"line":80,"column":4}}},"3":{"name":"totalAssets","line":83,"loc":{"start":{"line":83,"column":4},"end":{"line":85,"column":4}}},"4":{"name":"convertToShares","line":87,"loc":{"start":{"line":87,"column":4},"end":{"line":94,"column":4}}},"5":{"name":"_convertToShares","line":96,"loc":{"start":{"line":96,"column":4},"end":{"line":109,"column":4}}},"6":{"name":"convertToAssets","line":111,"loc":{"start":{"line":111,"column":4},"end":{"line":118,"column":4}}},"7":{"name":"_convertToAssets","line":120,"loc":{"start":{"line":120,"column":4},"end":{"line":128,"column":4}}},"8":{"name":"maxDeposit","line":130,"loc":{"start":{"line":130,"column":4},"end":{"line":138,"column":4}}},"9":{"name":"maxMint","line":140,"loc":{"start":{"line":140,"column":4},"end":{"line":148,"column":4}}},"10":{"name":"maxWithdraw","line":150,"loc":{"start":{"line":150,"column":4},"end":{"line":158,"column":4}}},"11":{"name":"maxRedeem","line":160,"loc":{"start":{"line":160,"column":4},"end":{"line":168,"column":4}}},"12":{"name":"previewDeposit","line":170,"loc":{"start":{"line":170,"column":4},"end":{"line":178,"column":4}}},"13":{"name":"previewMint","line":180,"loc":{"start":{"line":180,"column":4},"end":{"line":188,"column":4}}},"14":{"name":"previewWithdraw","line":190,"loc":{"start":{"line":190,"column":4},"end":{"line":198,"column":4}}},"15":{"name":"previewRedeem","line":200,"loc":{"start":{"line":200,"column":4},"end":{"line":208,"column":4}}},"16":{"name":"deposit","line":210,"loc":{"start":{"line":210,"column":4},"end":{"line":225,"column":4}}},"17":{"name":"mint","line":227,"loc":{"start":{"line":227,"column":4},"end":{"line":239,"column":4}}},"18":{"name":"withdraw","line":241,"loc":{"start":{"line":241,"column":4},"end":{"line":255,"column":4}}},"19":{"name":"redeem","line":257,"loc":{"start":{"line":257,"column":4},"end":{"line":268,"column":4}}},"20":{"name":"_findMinAssetBalanceValue","line":270,"loc":{"start":{"line":270,"column":4},"end":{"line":293,"column":4}}},"21":{"name":"_deposit","line":295,"loc":{"start":{"line":295,"column":4},"end":{"line":311,"column":4}}},"22":{"name":"_withdraw","line":313,"loc":{"start":{"line":313,"column":4},"end":{"line":335,"column":4}}},"23":{"name":"calculateCollateral","line":338,"loc":{"start":{"line":338,"column":4},"end":{"line":363,"column":4}}},"24":{"name":"calculateYield","line":366,"loc":{"start":{"line":366,"column":4},"end":{"line":399,"column":4}}},"25":{"name":"calculateTVL","line":402,"loc":{"start":{"line":402,"column":4},"end":{"line":407,"column":4}}},"26":{"name":"pricePerToken","line":410,"loc":{"start":{"line":410,"column":4},"end":{"line":415,"column":4}}},"27":{"name":"autoCompoundRewards","line":418,"loc":{"start":{"line":418,"column":4},"end":{"line":448,"column":4}}},"28":{"name":"convertToXToken","line":450,"loc":{"start":{"line":450,"column":4},"end":{"line":465,"column":4}}},"29":{"name":"decimals","line":467,"loc":{"start":{"line":467,"column":4},"end":{"line":475,"column":4}}}},"statementMap":{"1":{"start":{"line":79,"column":8},"end":{"line":79,"column":19}},"2":{"start":{"line":84,"column":8},"end":{"line":84,"column":36}},"3":{"start":{"line":93,"column":8},"end":{"line":93,"column":39}},"4":{"start":{"line":101,"column":8},"end":{"line":101,"column":50}},"5":{"start":{"line":102,"column":8},"end":{"line":102,"column":49}},"6":{"start":{"line":103,"column":8},"end":{"line":103,"column":3177}},"7":{"start":{"line":108,"column":8},"end":{"line":108,"column":21}},"8":{"start":{"line":117,"column":8},"end":{"line":117,"column":39}},"9":{"start":{"line":121,"column":8},"end":{"line":121,"column":50}},"10":{"start":{"line":122,"column":8},"end":{"line":122,"column":49}},"11":{"start":{"line":123,"column":8},"end":{"line":123,"column":3772}},"12":{"start":{"line":124,"column":12},"end":{"line":124,"column":25}},"13":{"start":{"line":126,"column":8},"end":{"line":126,"column":79}},"14":{"start":{"line":127,"column":8},"end":{"line":127,"column":27}},"15":{"start":{"line":137,"column":8},"end":{"line":137,"column":50}},"16":{"start":{"line":147,"column":8},"end":{"line":147,"column":68}},"17":{"start":{"line":157,"column":8},"end":{"line":157,"column":49}},"18":{"start":{"line":167,"column":8},"end":{"line":167,"column":31}},"19":{"start":{"line":177,"column":8},"end":{"line":177,"column":39}},"20":{"start":{"line":187,"column":8},"end":{"line":187,"column":39}},"21":{"start":{"line":197,"column":8},"end":{"line":197,"column":39}},"22":{"start":{"line":207,"column":8},"end":{"line":207,"column":39}},"23":{"start":{"line":216,"column":8},"end":{"line":216,"column":5601}},"24":{"start":{"line":221,"column":8},"end":{"line":221,"column":47}},"25":{"start":{"line":222,"column":8},"end":{"line":222,"column":55}},"26":{"start":{"line":224,"column":8},"end":{"line":224,"column":21}},"27":{"start":{"line":233,"column":8},"end":{"line":233,"column":74}},"28":{"start":{"line":235,"column":8},"end":{"line":235,"column":44}},"29":{"start":{"line":236,"column":8},"end":{"line":236,"column":55}},"30":{"start":{"line":238,"column":8},"end":{"line":238,"column":21}},"31":{"start":{"line":246,"column":8},"end":{"line":246,"column":6347}},"32":{"start":{"line":251,"column":8},"end":{"line":251,"column":48}},"33":{"start":{"line":252,"column":8},"end":{"line":252,"column":63}},"34":{"start":{"line":254,"column":8},"end":{"line":254,"column":21}},"35":{"start":{"line":262,"column":8},"end":{"line":262,"column":75}},"36":{"start":{"line":264,"column":8},"end":{"line":264,"column":46}},"37":{"start":{"line":265,"column":8},"end":{"line":265,"column":63}},"38":{"start":{"line":267,"column":8},"end":{"line":267,"column":21}},"39":{"start":{"line":275,"column":8},"end":{"line":275,"column":64}},"40":{"start":{"line":276,"column":8},"end":{"line":276,"column":60}},"41":{"start":{"line":277,"column":8},"end":{"line":277,"column":62}},"42":{"start":{"line":278,"column":8},"end":{"line":278,"column":62}},"43":{"start":{"line":279,"column":8},"end":{"line":279,"column":7351}},"44":{"start":{"line":285,"column":8},"end":{"line":285,"column":40}},"45":{"start":{"line":286,"column":8},"end":{"line":286,"column":17}},"46":{"start":{"line":287,"column":8},"end":{"line":287,"column":7564}},"47":{"start":{"line":288,"column":12},"end":{"line":288,"column":7620}},"48":{"start":{"line":292,"column":8},"end":{"line":292,"column":23}},"49":{"start":{"line":301,"column":8},"end":{"line":301,"column":54}},"50":{"start":{"line":302,"column":8},"end":{"line":302,"column":52}},"51":{"start":{"line":303,"column":8},"end":{"line":303,"column":53}},"52":{"start":{"line":304,"column":8},"end":{"line":304,"column":53}},"53":{"start":{"line":305,"column":8},"end":{"line":305,"column":36}},"54":{"start":{"line":306,"column":8},"end":{"line":306,"column":34}},"55":{"start":{"line":307,"column":8},"end":{"line":307,"column":35}},"56":{"start":{"line":308,"column":8},"end":{"line":308,"column":35}},"57":{"start":{"line":309,"column":8},"end":{"line":309,"column":32}},"58":{"start":{"line":310,"column":8},"end":{"line":310,"column":54}},"59":{"start":{"line":320,"column":8},"end":{"line":320,"column":8522}},"60":{"start":{"line":321,"column":12},"end":{"line":321,"column":49}},"61":{"start":{"line":323,"column":8},"end":{"line":323,"column":28}},"62":{"start":{"line":325,"column":8},"end":{"line":325,"column":27}},"63":{"start":{"line":326,"column":8},"end":{"line":326,"column":38}},"64":{"start":{"line":327,"column":8},"end":{"line":327,"column":36}},"65":{"start":{"line":328,"column":8},"end":{"line":328,"column":37}},"66":{"start":{"line":329,"column":8},"end":{"line":329,"column":37}},"67":{"start":{"line":330,"column":8},"end":{"line":330,"column":49}},"68":{"start":{"line":331,"column":8},"end":{"line":331,"column":47}},"69":{"start":{"line":332,"column":8},"end":{"line":332,"column":48}},"70":{"start":{"line":333,"column":8},"end":{"line":333,"column":48}},"71":{"start":{"line":334,"column":8},"end":{"line":334,"column":62}},"72":{"start":{"line":340,"column":8},"end":{"line":340,"column":72}},"73":{"start":{"line":341,"column":8},"end":{"line":341,"column":68}},"74":{"start":{"line":342,"column":8},"end":{"line":342,"column":70}},"75":{"start":{"line":343,"column":8},"end":{"line":343,"column":70}},"76":{"start":{"line":345,"column":8},"end":{"line":345,"column":72}},"77":{"start":{"line":346,"column":8},"end":{"line":346,"column":68}},"78":{"start":{"line":347,"column":8},"end":{"line":347,"column":70}},"79":{"start":{"line":348,"column":8},"end":{"line":348,"column":70}},"80":{"start":{"line":351,"column":8},"end":{"line":351,"column":65}},"81":{"start":{"line":352,"column":8},"end":{"line":352,"column":61}},"82":{"start":{"line":353,"column":8},"end":{"line":353,"column":63}},"83":{"start":{"line":354,"column":8},"end":{"line":354,"column":63}},"84":{"start":{"line":357,"column":8},"end":{"line":357,"column":26}},"85":{"start":{"line":362,"column":8},"end":{"line":362,"column":25}},"86":{"start":{"line":368,"column":8},"end":{"line":368,"column":79}},"87":{"start":{"line":369,"column":8},"end":{"line":369,"column":75}},"88":{"start":{"line":370,"column":8},"end":{"line":370,"column":77}},"89":{"start":{"line":371,"column":8},"end":{"line":371,"column":77}},"90":{"start":{"line":372,"column":8},"end":{"line":372,"column":67}},"91":{"start":{"line":375,"column":8},"end":{"line":375,"column":58}},"92":{"start":{"line":376,"column":8},"end":{"line":376,"column":54}},"93":{"start":{"line":377,"column":8},"end":{"line":377,"column":56}},"94":{"start":{"line":378,"column":8},"end":{"line":378,"column":56}},"95":{"start":{"line":381,"column":8},"end":{"line":381,"column":40}},"96":{"start":{"line":398,"column":8},"end":{"line":398,"column":25}},"97":{"start":{"line":403,"column":8},"end":{"line":403,"column":55}},"98":{"start":{"line":404,"column":8},"end":{"line":404,"column":45}},"99":{"start":{"line":405,"column":8},"end":{"line":405,"column":50}},"100":{"start":{"line":406,"column":8},"end":{"line":406,"column":18}},"101":{"start":{"line":411,"column":8},"end":{"line":411,"column":36}},"102":{"start":{"line":412,"column":8},"end":{"line":412,"column":49}},"103":{"start":{"line":413,"column":8},"end":{"line":413,"column":62}},"104":{"start":{"line":414,"column":8},"end":{"line":414,"column":27}},"105":{"start":{"line":419,"column":8},"end":{"line":419,"column":30}},"106":{"start":{"line":420,"column":8},"end":{"line":420,"column":28}},"107":{"start":{"line":421,"column":8},"end":{"line":421,"column":29}},"108":{"start":{"line":422,"column":8},"end":{"line":422,"column":29}},"109":{"start":{"line":423,"column":8},"end":{"line":423,"column":71}},"110":{"start":{"line":424,"column":8},"end":{"line":424,"column":67}},"111":{"start":{"line":425,"column":8},"end":{"line":425,"column":69}},"112":{"start":{"line":426,"column":8},"end":{"line":426,"column":69}},"113":{"start":{"line":428,"column":8},"end":{"line":428,"column":48}},"114":{"start":{"line":429,"column":8},"end":{"line":429,"column":30}},"115":{"start":{"line":431,"column":8},"end":{"line":431,"column":44}},"116":{"start":{"line":432,"column":8},"end":{"line":432,"column":28}},"117":{"start":{"line":434,"column":8},"end":{"line":434,"column":46}},"118":{"start":{"line":435,"column":8},"end":{"line":435,"column":29}},"119":{"start":{"line":437,"column":8},"end":{"line":437,"column":46}},"120":{"start":{"line":438,"column":8},"end":{"line":438,"column":29}},"121":{"start":{"line":440,"column":8},"end":{"line":440,"column":72}},"122":{"start":{"line":441,"column":8},"end":{"line":441,"column":68}},"123":{"start":{"line":442,"column":8},"end":{"line":442,"column":70}},"124":{"start":{"line":443,"column":8},"end":{"line":443,"column":70}},"125":{"start":{"line":444,"column":8},"end":{"line":444,"column":43}},"126":{"start":{"line":445,"column":8},"end":{"line":445,"column":39}},"127":{"start":{"line":446,"column":8},"end":{"line":446,"column":41}},"128":{"start":{"line":447,"column":8},"end":{"line":447,"column":41}},"129":{"start":{"line":451,"column":8},"end":{"line":451,"column":64}},"130":{"start":{"line":452,"column":8},"end":{"line":452,"column":73}},"131":{"start":{"line":453,"column":8},"end":{"line":453,"column":14382}},"132":{"start":{"line":464,"column":8},"end":{"line":464,"column":53}},"133":{"start":{"line":474,"column":8},"end":{"line":474,"column":16}}},"branchMap":{"1":{"line":103,"type":"if","locations":[{"start":{"line":103,"column":8},"end":{"line":103,"column":8}},{"start":{"line":103,"column":8},"end":{"line":103,"column":8}}]},"2":{"line":123,"type":"if","locations":[{"start":{"line":123,"column":8},"end":{"line":123,"column":8}},{"start":{"line":123,"column":8},"end":{"line":123,"column":8}}]},"3":{"line":216,"type":"if","locations":[{"start":{"line":216,"column":8},"end":{"line":216,"column":8}},{"start":{"line":216,"column":8},"end":{"line":216,"column":8}}]},"4":{"line":233,"type":"if","locations":[{"start":{"line":233,"column":8},"end":{"line":233,"column":8}},{"start":{"line":233,"column":8},"end":{"line":233,"column":8}}]},"5":{"line":246,"type":"if","locations":[{"start":{"line":246,"column":8},"end":{"line":246,"column":8}},{"start":{"line":246,"column":8},"end":{"line":246,"column":8}}]},"6":{"line":262,"type":"if","locations":[{"start":{"line":262,"column":8},"end":{"line":262,"column":8}},{"start":{"line":262,"column":8},"end":{"line":262,"column":8}}]},"7":{"line":288,"type":"if","locations":[{"start":{"line":288,"column":12},"end":{"line":288,"column":12}},{"start":{"line":288,"column":12},"end":{"line":288,"column":12}}]},"8":{"line":320,"type":"if","locations":[{"start":{"line":320,"column":8},"end":{"line":320,"column":8}},{"start":{"line":320,"column":8},"end":{"line":320,"column":8}}]}}},"contracts/xToken.sol":{"l":{"128":0,"129":0,"130":0,"131":0,"132":0,"133":0,"134":0,"135":0,"140":0,"144":0,"145":0,"149":0,"154":0,"158":0,"163":0,"168":0,"171":0,"173":0,"176":0,"178":0,"180":0,"181":0,"183":0,"186":0,"187":0,"192":0,"199":0,"200":0,"201":0,"203":0,"207":0,"211":0,"213":0,"218":0,"223":0,"224":0,"229":0,"234":0,"239":0,"242":0,"243":0,"247":0,"248":0,"249":0,"250":0,"251":0,"252":0,"253":0,"254":0,"258":0,"259":0,"260":0,"261":0,"262":0,"266":0,"267":0,"268":0,"272":0,"273":0,"274":0,"275":0,"276":0,"280":0,"282":0,"284":0,"285":0,"289":0,"296":0,"300":0,"305":0,"306":0,"307":0,"311":0,"312":0,"313":0,"317":0,"318":0,"323":0,"328":0,"332":0,"336":0,"340":0,"341":0,"345":0,"354":0,"355":0,"357":0,"361":0,"366":0,"377":0,"390":0,"391":0,"392":0,"396":0,"399":0,"400":0,"402":0,"404":0,"405":0,"409":0,"418":0},"path":"/home/andrey/landx/land-x-smart-contracts/contracts/xToken.sol","s":{"1":0,"2":0,"3":0,"4":0,"5":0,"6":0,"7":0,"8":0,"9":0,"10":0,"11":0,"12":0,"13":0,"14":0,"15":0,"16":0,"17":0,"18":0,"19":0,"20":0,"21":0,"22":0,"23":0,"24":0,"25":0,"26":0,"27":0,"28":0,"29":0,"30":0,"31":0,"32":0,"33":0,"34":0,"35":0,"36":0,"37":0,"38":0,"39":0,"40":0,"41":0,"42":0,"43":0,"44":0,"45":0,"46":0,"47":0,"48":0,"49":0,"50":0,"51":0,"52":0,"53":0,"54":0,"55":0,"56":0,"57":0,"58":0,"59":0,"60":0,"61":0,"62":0,"63":0,"64":0,"65":0,"66":0,"67":0,"68":0,"69":0,"70":0,"71":0,"72":0,"73":0,"74":0},"b":{"1":[0,0],"2":[0,0],"3":[0,0],"4":[0,0],"5":[0,0],"6":[0,0],"7":[0,0],"8":[0,0],"9":[0,0],"10":[0,0],"11":[0,0],"12":[0,0],"13":[0,0],"14":[0,0],"15":[0,0],"16":[0,0],"17":[0,0],"18":[0,0],"19":[0,0]},"f":{"1":0,"2":0,"3":0,"4":0,"5":0,"6":0,"7":0,"8":0,"9":0,"10":0,"11":0,"12":0,"13":0,"14":0,"15":0,"16":0,"17":0,"18":0,"19":0,"20":0,"21":0,"22":0},"fnMap":{"1":{"name":"constructor","line":127,"loc":{"start":{"line":117,"column":4},"end":{"line":136,"column":4}}},"2":{"name":"getShards","line":139,"loc":{"start":{"line":139,"column":4},"end":{"line":225,"column":4}}},"3":{"name":"getTheNFT","line":228,"loc":{"start":{"line":228,"column":4},"end":{"line":244,"column":4}}},"4":{"name":"stake","line":246,"loc":{"start":{"line":246,"column":4},"end":{"line":255,"column":4}}},"5":{"name":"unstake","line":257,"loc":{"start":{"line":257,"column":4},"end":{"line":263,"column":4}}},"6":{"name":"claim","line":265,"loc":{"start":{"line":265,"column":4},"end":{"line":277,"column":4}}},"7":{"name":"feeDistributor","line":279,"loc":{"start":{"line":279,"column":4},"end":{"line":293,"column":4}}},"8":{"name":"availableToClaim","line":295,"loc":{"start":{"line":295,"column":4},"end":{"line":297,"column":4}}},"9":{"name":"totalAvailableToClaim","line":299,"loc":{"start":{"line":299,"column":4},"end":{"line":301,"column":4}}},"10":{"name":"calculateYield","line":304,"loc":{"start":{"line":304,"column":4},"end":{"line":308,"column":4}}},"11":{"name":"calculateTotalYield","line":310,"loc":{"start":{"line":310,"column":4},"end":{"line":314,"column":4}}},"12":{"name":"xBasketTransfer","line":316,"loc":{"start":{"line":316,"column":4},"end":{"line":319,"column":4}}},"13":{"name":"changeLandXNFTAddress","line":322,"loc":{"start":{"line":322,"column":4},"end":{"line":324,"column":4}}},"14":{"name":"changeXBasketAddress","line":327,"loc":{"start":{"line":327,"column":4},"end":{"line":329,"column":4}}},"15":{"name":"setRentFoundation","line":331,"loc":{"start":{"line":331,"column":4},"end":{"line":333,"column":4}}},"16":{"name":"setOraclePrices","line":335,"loc":{"start":{"line":335,"column":4},"end":{"line":337,"column":4}}},"17":{"name":"_calcFee","line":339,"loc":{"start":{"line":339,"column":4},"end":{"line":342,"column":4}}},"18":{"name":"setXTokenRouter","line":344,"loc":{"start":{"line":344,"column":4},"end":{"line":346,"column":4}}},"19":{"name":"getAnnualRentAmount","line":349,"loc":{"start":{"line":349,"column":4},"end":{"line":358,"column":4}}},"20":{"name":"convertToUsdc","line":360,"loc":{"start":{"line":360,"column":4},"end":{"line":378,"column":4}}},"21":{"name":"preview","line":380,"loc":{"start":{"line":380,"column":4},"end":{"line":415,"column":4}}},"22":{"name":"decimals","line":417,"loc":{"start":{"line":417,"column":4},"end":{"line":419,"column":4}}}},"statementMap":{"1":{"start":{"line":140,"column":8},"end":{"line":140,"column":4532}},"2":{"start":{"line":144,"column":8},"end":{"line":144,"column":77}},"3":{"start":{"line":145,"column":8},"end":{"line":145,"column":4728}},"4":{"start":{"line":149,"column":8},"end":{"line":149,"column":4853}},"5":{"start":{"line":154,"column":8},"end":{"line":154,"column":5020}},"6":{"start":{"line":158,"column":8},"end":{"line":158,"column":5154}},"7":{"start":{"line":163,"column":8},"end":{"line":163,"column":5272}},"8":{"start":{"line":171,"column":8},"end":{"line":171,"column":71}},"9":{"start":{"line":173,"column":8},"end":{"line":173,"column":5627}},"10":{"start":{"line":176,"column":8},"end":{"line":176,"column":35}},"11":{"start":{"line":178,"column":8},"end":{"line":178,"column":38}},"12":{"start":{"line":180,"column":8},"end":{"line":180,"column":53}},"13":{"start":{"line":181,"column":8},"end":{"line":181,"column":5935}},"14":{"start":{"line":183,"column":8},"end":{"line":183,"column":6070}},"15":{"start":{"line":186,"column":8},"end":{"line":186,"column":6151}},"16":{"start":{"line":187,"column":12},"end":{"line":187,"column":6204}},"17":{"start":{"line":192,"column":12},"end":{"line":192,"column":6367}},"18":{"start":{"line":199,"column":12},"end":{"line":199,"column":48}},"19":{"start":{"line":200,"column":12},"end":{"line":200,"column":69}},"20":{"start":{"line":201,"column":12},"end":{"line":201,"column":6757}},"21":{"start":{"line":203,"column":12},"end":{"line":203,"column":6823}},"22":{"start":{"line":207,"column":12},"end":{"line":207,"column":6953}},"23":{"start":{"line":211,"column":12},"end":{"line":211,"column":34}},"24":{"start":{"line":213,"column":8},"end":{"line":213,"column":7127}},"25":{"start":{"line":218,"column":8},"end":{"line":218,"column":7276}},"26":{"start":{"line":223,"column":8},"end":{"line":223,"column":53}},"27":{"start":{"line":224,"column":8},"end":{"line":224,"column":43}},"28":{"start":{"line":229,"column":8},"end":{"line":229,"column":7661}},"29":{"start":{"line":234,"column":8},"end":{"line":234,"column":7816}},"30":{"start":{"line":239,"column":8},"end":{"line":239,"column":19}},"31":{"start":{"line":242,"column":8},"end":{"line":242,"column":71}},"32":{"start":{"line":243,"column":8},"end":{"line":243,"column":42}},"33":{"start":{"line":247,"column":8},"end":{"line":247,"column":51}},"34":{"start":{"line":248,"column":8},"end":{"line":248,"column":58}},"35":{"start":{"line":258,"column":8},"end":{"line":258,"column":51}},"36":{"start":{"line":259,"column":8},"end":{"line":259,"column":51}},"37":{"start":{"line":260,"column":8},"end":{"line":260,"column":14}},"38":{"start":{"line":266,"column":8},"end":{"line":266,"column":53}},"39":{"start":{"line":267,"column":8},"end":{"line":267,"column":58}},"40":{"start":{"line":272,"column":8},"end":{"line":272,"column":68}},"41":{"start":{"line":280,"column":8},"end":{"line":280,"column":9419}},"42":{"start":{"line":282,"column":8},"end":{"line":282,"column":9567}},"43":{"start":{"line":284,"column":8},"end":{"line":284,"column":42}},"44":{"start":{"line":285,"column":8},"end":{"line":285,"column":9663}},"45":{"start":{"line":289,"column":8},"end":{"line":289,"column":9787}},"46":{"start":{"line":296,"column":8},"end":{"line":296,"column":63}},"47":{"start":{"line":300,"column":8},"end":{"line":300,"column":49}},"48":{"start":{"line":305,"column":8},"end":{"line":305,"column":62}},"49":{"start":{"line":306,"column":8},"end":{"line":306,"column":40}},"50":{"start":{"line":307,"column":8},"end":{"line":307,"column":54}},"51":{"start":{"line":311,"column":8},"end":{"line":311,"column":72}},"52":{"start":{"line":312,"column":8},"end":{"line":312,"column":40}},"53":{"start":{"line":313,"column":8},"end":{"line":313,"column":64}},"54":{"start":{"line":317,"column":8},"end":{"line":317,"column":63}},"55":{"start":{"line":318,"column":8},"end":{"line":318,"column":48}},"56":{"start":{"line":340,"column":8},"end":{"line":340,"column":55}},"57":{"start":{"line":341,"column":8},"end":{"line":341,"column":37}},"58":{"start":{"line":354,"column":8},"end":{"line":354,"column":50}},"59":{"start":{"line":355,"column":8},"end":{"line":355,"column":53}},"60":{"start":{"line":357,"column":8},"end":{"line":357,"column":36}},"61":{"start":{"line":361,"column":8},"end":{"line":361,"column":12224}},"62":{"start":{"line":366,"column":8},"end":{"line":366,"column":12354}},"63":{"start":{"line":377,"column":8},"end":{"line":377,"column":53}},"64":{"start":{"line":390,"column":8},"end":{"line":390,"column":78}},"65":{"start":{"line":391,"column":8},"end":{"line":391,"column":76}},"66":{"start":{"line":392,"column":8},"end":{"line":392,"column":13041}},"67":{"start":{"line":396,"column":8},"end":{"line":396,"column":13196}},"68":{"start":{"line":399,"column":8},"end":{"line":399,"column":52}},"69":{"start":{"line":400,"column":8},"end":{"line":400,"column":13419}},"70":{"start":{"line":402,"column":8},"end":{"line":402,"column":13554}},"71":{"start":{"line":404,"column":8},"end":{"line":404,"column":38}},"72":{"start":{"line":405,"column":8},"end":{"line":405,"column":13702}},"73":{"start":{"line":409,"column":8},"end":{"line":409,"column":13803}},"74":{"start":{"line":418,"column":8},"end":{"line":418,"column":16}}},"branchMap":{"1":{"line":140,"type":"if","locations":[{"start":{"line":140,"column":8},"end":{"line":140,"column":8}},{"start":{"line":140,"column":8},"end":{"line":140,"column":8}}]},"2":{"line":144,"type":"if","locations":[{"start":{"line":144,"column":8},"end":{"line":144,"column":8}},{"start":{"line":144,"column":8},"end":{"line":144,"column":8}}]},"3":{"line":145,"type":"if","locations":[{"start":{"line":145,"column":8},"end":{"line":145,"column":8}},{"start":{"line":145,"column":8},"end":{"line":145,"column":8}}]},"4":{"line":149,"type":"if","locations":[{"start":{"line":149,"column":8},"end":{"line":149,"column":8}},{"start":{"line":149,"column":8},"end":{"line":149,"column":8}}]},"5":{"line":154,"type":"if","locations":[{"start":{"line":154,"column":8},"end":{"line":154,"column":8}},{"start":{"line":154,"column":8},"end":{"line":154,"column":8}}]},"6":{"line":158,"type":"if","locations":[{"start":{"line":158,"column":8},"end":{"line":158,"column":8}},{"start":{"line":158,"column":8},"end":{"line":158,"column":8}}]},"7":{"line":163,"type":"if","locations":[{"start":{"line":163,"column":8},"end":{"line":163,"column":8}},{"start":{"line":163,"column":8},"end":{"line":163,"column":8}}]},"8":{"line":186,"type":"if","locations":[{"start":{"line":186,"column":8},"end":{"line":186,"column":8}},{"start":{"line":186,"column":8},"end":{"line":186,"column":8}}]},"9":{"line":229,"type":"if","locations":[{"start":{"line":229,"column":8},"end":{"line":229,"column":8}},{"start":{"line":229,"column":8},"end":{"line":229,"column":8}}]},"10":{"line":258,"type":"if","locations":[{"start":{"line":258,"column":8},"end":{"line":258,"column":8}},{"start":{"line":258,"column":8},"end":{"line":258,"column":8}}]},"11":{"line":317,"type":"if","locations":[{"start":{"line":317,"column":8},"end":{"line":317,"column":8}},{"start":{"line":317,"column":8},"end":{"line":317,"column":8}}]},"12":{"line":322,"type":"if","locations":[{"start":{"line":322,"column":63},"end":{"line":322,"column":63}},{"start":{"line":322,"column":63},"end":{"line":322,"column":63}}]},"13":{"line":327,"type":"if","locations":[{"start":{"line":327,"column":62},"end":{"line":327,"column":62}},{"start":{"line":327,"column":62},"end":{"line":327,"column":62}}]},"14":{"line":331,"type":"if","locations":[{"start":{"line":331,"column":56},"end":{"line":331,"column":56}},{"start":{"line":331,"column":56},"end":{"line":331,"column":56}}]},"15":{"line":335,"type":"if","locations":[{"start":{"line":335,"column":59},"end":{"line":335,"column":59}},{"start":{"line":335,"column":59},"end":{"line":335,"column":59}}]},"16":{"line":344,"type":"if","locations":[{"start":{"line":344,"column":53},"end":{"line":344,"column":53}},{"start":{"line":344,"column":53},"end":{"line":344,"column":53}}]},"17":{"line":390,"type":"if","locations":[{"start":{"line":390,"column":8},"end":{"line":390,"column":8}},{"start":{"line":390,"column":8},"end":{"line":390,"column":8}}]},"18":{"line":391,"type":"if","locations":[{"start":{"line":391,"column":8},"end":{"line":391,"column":8}},{"start":{"line":391,"column":8},"end":{"line":391,"column":8}}]},"19":{"line":392,"type":"if","locations":[{"start":{"line":392,"column":8},"end":{"line":392,"column":8}},{"start":{"line":392,"column":8},"end":{"line":392,"column":8}}]}}},"contracts/xTokenRouter.sol":{"l":{"23":0,"24":0,"28":0,"32":0},"path":"/home/andrey/landx/land-x-smart-contracts/contracts/xTokenRouter.sol","s":{"1":0,"2":0},"b":{"1":[0,0]},"f":{"1":0,"2":0,"3":0},"fnMap":{"1":{"name":"setToken","line":22,"loc":{"start":{"line":18,"column":4},"end":{"line":25,"column":4}}},"2":{"name":"getXToken","line":27,"loc":{"start":{"line":27,"column":4},"end":{"line":29,"column":4}}},"3":{"name":"getCToken","line":31,"loc":{"start":{"line":31,"column":4},"end":{"line":33,"column":4}}}},"statementMap":{"1":{"start":{"line":28,"column":8},"end":{"line":28,"column":34}},"2":{"start":{"line":32,"column":8},"end":{"line":32,"column":34}}},"branchMap":{"1":{"line":22,"type":"if","locations":[{"start":{"line":22,"column":13},"end":{"line":22,"column":13}},{"start":{"line":22,"column":13},"end":{"line":22,"column":13}}]}}}}