{
"contracts/cToken.sol":{"l":{"29":33,"30":33,"35":6,"36":5,"40":4,"41":2,"45":1,"49":1,"53":1},"path":"/home/andrey/landx/land-x-smart-contracts/contracts/cToken.sol","s":{"1":6,"2":5,"3":4,"4":2,"5":1},"b":{"1":[5,1],"2":[1,1],"3":[1,1]},"f":{"1":33,"2":6,"3":4,"4":1,"5":1,"6":1},"fnMap":{"1":{"name":"constructor","line":27,"loc":{"start":{"line":26,"column":4},"end":{"line":31,"column":4}}},"2":{"name":"mint","line":34,"loc":{"start":{"line":34,"column":4},"end":{"line":37,"column":4}}},"3":{"name":"burn","line":39,"loc":{"start":{"line":39,"column":4},"end":{"line":42,"column":4}}},"4":{"name":"setRentFoundation","line":44,"loc":{"start":{"line":44,"column":4},"end":{"line":46,"column":4}}},"5":{"name":"setXTokenRouter","line":48,"loc":{"start":{"line":48,"column":4},"end":{"line":50,"column":4}}},"6":{"name":"decimals","line":52,"loc":{"start":{"line":52,"column":4},"end":{"line":54,"column":1}}}},"statementMap":{"1":{"start":{"line":35,"column":8},"end":{"line":35,"column":83}},"2":{"start":{"line":36,"column":8},"end":{"line":36,"column":29}},"3":{"start":{"line":40,"column":8},"end":{"line":40,"column":52}},"4":{"start":{"line":41,"column":8},"end":{"line":41,"column":32}},"5":{"start":{"line":53,"column":8},"end":{"line":53,"column":16}}},"branchMap":{"1":{"line":35,"type":"if","locations":[{"start":{"line":35,"column":8},"end":{"line":35,"column":8}},{"start":{"line":35,"column":8},"end":{"line":35,"column":8}}]},"2":{"line":44,"type":"if","locations":[{"start":{"line":44,"column":56},"end":{"line":44,"column":56}},{"start":{"line":44,"column":56},"end":{"line":44,"column":56}}]},"3":{"line":48,"type":"if","locations":[{"start":{"line":48,"column":53},"end":{"line":48,"column":53}},{"start":{"line":48,"column":53},"end":{"line":48,"column":53}}]}}},
"contracts/KeyProtocolVariables.sol":{"l":{"45":81,"46":81,"47":81,"48":81,"49":81,"51":81,"52":81,"53":81,"54":81,"55":81,"59":2,"60":1,"64":2,"65":1,"69":2,"70":1,"74":2,"75":1,"79":2,"80":1,"84":2,"85":1,"89":3,"90":2,"91":1,"92":1,"93":1,"97":2,"98":1,"102":2,"103":1,"107":2,"108":1,"112":2,"113":1,"117":2,"118":1,"122":2,"123":1},"path":"/home/andrey/landx/land-x-smart-contracts/contracts/KeyProtocolVariables.sol","s":{"1":2,"2":2,"3":2,"4":2,"5":2,"6":2,"7":3,"8":2,"9":2,"10":2,"11":2,"12":2,"13":2,"14":2},"b":{"1":[1,1],"2":[1,1],"3":[1,1],"4":[1,1],"5":[1,1],"6":[1,1],"7":[2,1],"8":[1,1],"9":[1,1],"10":[1,1],"11":[1,1],"12":[1,1],"13":[1,1],"14":[1,1]},"f":{"1":81,"2":2,"3":2,"4":2,"5":2,"6":2,"7":2,"8":3,"9":2,"10":2,"11":2,"12":2,"13":2,"14":2},"fnMap":{"1":{"name":"constructor","line":37,"loc":{"start":{"line":37,"column":4},"end":{"line":56,"column":4}}},"2":{"name":"updateXTokenMintFee","line":58,"loc":{"start":{"line":58,"column":4},"end":{"line":61,"column":4}}},"3":{"name":"updateCTokenSellFee","line":63,"loc":{"start":{"line":63,"column":4},"end":{"line":66,"column":4}}},"4":{"name":"updatePayRentFee","line":68,"loc":{"start":{"line":68,"column":4},"end":{"line":71,"column":4}}},"5":{"name":"updateMaxAllowableCropShare","line":73,"loc":{"start":{"line":73,"column":4},"end":{"line":76,"column":4}}},"6":{"name":"updateHedgeFundAllocation","line":78,"loc":{"start":{"line":78,"column":4},"end":{"line":81,"column":4}}},"7":{"name":"updateSecurityDepositMonths","line":83,"loc":{"start":{"line":83,"column":4},"end":{"line":86,"column":4}}},"8":{"name":"updateFeeDistributionPercentage","line":88,"loc":{"start":{"line":88,"column":4},"end":{"line":94,"column":4}}},"9":{"name":"updateHedgeFundWallet","line":96,"loc":{"start":{"line":96,"column":4},"end":{"line":99,"column":4}}},"10":{"name":"updateLandxOperationalWallet","line":101,"loc":{"start":{"line":101,"column":4},"end":{"line":104,"column":4}}},"11":{"name":"updateLandxChoiceWallet","line":106,"loc":{"start":{"line":106,"column":4},"end":{"line":109,"column":4}}},"12":{"name":"updateXTokensSecurityWallet","line":111,"loc":{"start":{"line":111,"column":4},"end":{"line":114,"column":4}}},"13":{"name":"updateValidatorCommisionWallet","line":116,"loc":{"start":{"line":116,"column":4},"end":{"line":119,"column":4}}},"14":{"name":"launch","line":121,"loc":{"start":{"line":121,"column":5},"end":{"line":124,"column":4}}}},"statementMap":{"1":{"start":{"line":59,"column":8},"end":{"line":59,"column":62}},"2":{"start":{"line":64,"column":8},"end":{"line":64,"column":62}},"3":{"start":{"line":69,"column":8},"end":{"line":69,"column":62}},"4":{"start":{"line":74,"column":8},"end":{"line":74,"column":62}},"5":{"start":{"line":79,"column":8},"end":{"line":79,"column":62}},"6":{"start":{"line":84,"column":8},"end":{"line":84,"column":62}},"7":{"start":{"line":89,"column":8},"end":{"line":89,"column":62}},"8":{"start":{"line":90,"column":8},"end":{"line":90,"column":99}},"9":{"start":{"line":97,"column":8},"end":{"line":97,"column":62}},"10":{"start":{"line":102,"column":8},"end":{"line":102,"column":62}},"11":{"start":{"line":107,"column":8},"end":{"line":107,"column":62}},"12":{"start":{"line":112,"column":8},"end":{"line":112,"column":62}},"13":{"start":{"line":117,"column":8},"end":{"line":117,"column":62}},"14":{"start":{"line":122,"column":8},"end":{"line":122,"column":62}}},"branchMap":{"1":{"line":59,"type":"if","locations":[{"start":{"line":59,"column":8},"end":{"line":59,"column":8}},{"start":{"line":59,"column":8},"end":{"line":59,"column":8}}]},"2":{"line":64,"type":"if","locations":[{"start":{"line":64,"column":8},"end":{"line":64,"column":8}},{"start":{"line":64,"column":8},"end":{"line":64,"column":8}}]},"3":{"line":69,"type":"if","locations":[{"start":{"line":69,"column":8},"end":{"line":69,"column":8}},{"start":{"line":69,"column":8},"end":{"line":69,"column":8}}]},"4":{"line":74,"type":"if","locations":[{"start":{"line":74,"column":8},"end":{"line":74,"column":8}},{"start":{"line":74,"column":8},"end":{"line":74,"column":8}}]},"5":{"line":79,"type":"if","locations":[{"start":{"line":79,"column":8},"end":{"line":79,"column":8}},{"start":{"line":79,"column":8},"end":{"line":79,"column":8}}]},"6":{"line":84,"type":"if","locations":[{"start":{"line":84,"column":8},"end":{"line":84,"column":8}},{"start":{"line":84,"column":8},"end":{"line":84,"column":8}}]},"7":{"line":89,"type":"if","locations":[{"start":{"line":89,"column":8},"end":{"line":89,"column":8}},{"start":{"line":89,"column":8},"end":{"line":89,"column":8}}]},"8":{"line":90,"type":"if","locations":[{"start":{"line":90,"column":8},"end":{"line":90,"column":8}},{"start":{"line":90,"column":8},"end":{"line":90,"column":8}}]},"9":{"line":97,"type":"if","locations":[{"start":{"line":97,"column":8},"end":{"line":97,"column":8}},{"start":{"line":97,"column":8},"end":{"line":97,"column":8}}]},"10":{"line":102,"type":"if","locations":[{"start":{"line":102,"column":8},"end":{"line":102,"column":8}},{"start":{"line":102,"column":8},"end":{"line":102,"column":8}}]},"11":{"line":107,"type":"if","locations":[{"start":{"line":107,"column":8},"end":{"line":107,"column":8}},{"start":{"line":107,"column":8},"end":{"line":107,"column":8}}]},"12":{"line":112,"type":"if","locations":[{"start":{"line":112,"column":8},"end":{"line":112,"column":8}},{"start":{"line":112,"column":8},"end":{"line":112,"column":8}}]},"13":{"line":117,"type":"if","locations":[{"start":{"line":117,"column":8},"end":{"line":117,"column":8}},{"start":{"line":117,"column":8},"end":{"line":117,"column":8}}]},"14":{"line":122,"type":"if","locations":[{"start":{"line":122,"column":8},"end":{"line":122,"column":8}},{"start":{"line":122,"column":8},"end":{"line":122,"column":8}}]}}},
"contracts/LNDX.sol":{"l":{"15":0,"16":0,"17":0,"18":0,"19":0,"27":0,"28":0,"29":0,"30":0,"31":0,"32":0,"33":0,"34":0,"38":0,"39":0,"40":0,"41":0,"42":0,"43":0,"44":0,"45":0,"46":0},"path":"/home/andrey/landx/land-x-smart-contracts/contracts/LNDX.sol","s":{"1":0,"2":0,"3":0,"4":0,"5":0,"6":0,"7":0,"8":0,"9":0,"10":0,"11":0,"12":0,"13":0,"14":0,"15":0,"16":0,"17":0},"b":{"1":[0,0],"2":[0,0],"3":[0,0],"4":[0,0],"5":[0,0],"6":[0,0],"7":[0,0]},"f":{"1":0,"2":0,"3":0},"fnMap":{"1":{"name":"constructor","line":14,"loc":{"start":{"line":14,"column":4},"end":{"line":20,"column":4}}},"2":{"name":"stake","line":26,"loc":{"start":{"line":26,"column":4},"end":{"line":35,"column":4}}},"3":{"name":"unstake","line":37,"loc":{"start":{"line":37,"column":4},"end":{"line":47,"column":4}}}},"statementMap":{"1":{"start":{"line":15,"column":8},"end":{"line":15,"column":41}},"2":{"start":{"line":16,"column":8},"end":{"line":16,"column":81}},"3":{"start":{"line":17,"column":8},"end":{"line":17,"column":81}},"4":{"start":{"line":18,"column":8},"end":{"line":18,"column":81}},"5":{"start":{"line":19,"column":8},"end":{"line":19,"column":65}},"6":{"start":{"line":27,"column":8},"end":{"line":27,"column":55}},"7":{"start":{"line":30,"column":8},"end":{"line":30,"column":67}},"8":{"start":{"line":31,"column":8},"end":{"line":31,"column":45}},"9":{"start":{"line":32,"column":8},"end":{"line":32,"column":60}},"10":{"start":{"line":34,"column":8},"end":{"line":34,"column":39}},"11":{"start":{"line":38,"column":8},"end":{"line":38,"column":79}},"12":{"start":{"line":41,"column":8},"end":{"line":41,"column":67}},"13":{"start":{"line":42,"column":8},"end":{"line":42,"column":45}},"14":{"start":{"line":43,"column":8},"end":{"line":43,"column":79}},"15":{"start":{"line":44,"column":8},"end":{"line":44,"column":36}},"16":{"start":{"line":45,"column":8},"end":{"line":45,"column":49}},"17":{"start":{"line":46,"column":8},"end":{"line":46,"column":51}}},"branchMap":{"1":{"line":16,"type":"if","locations":[{"start":{"line":16,"column":8},"end":{"line":16,"column":8}},{"start":{"line":16,"column":8},"end":{"line":16,"column":8}}]},"2":{"line":17,"type":"if","locations":[{"start":{"line":17,"column":8},"end":{"line":17,"column":8}},{"start":{"line":17,"column":8},"end":{"line":17,"column":8}}]},"3":{"line":18,"type":"if","locations":[{"start":{"line":18,"column":8},"end":{"line":18,"column":8}},{"start":{"line":18,"column":8},"end":{"line":18,"column":8}}]},"4":{"line":19,"type":"if","locations":[{"start":{"line":19,"column":8},"end":{"line":19,"column":8}},{"start":{"line":19,"column":8},"end":{"line":19,"column":8}}]},"5":{"line":31,"type":"if","locations":[{"start":{"line":31,"column":8},"end":{"line":31,"column":8}},{"start":{"line":31,"column":8},"end":{"line":31,"column":8}}]},"6":{"line":38,"type":"if","locations":[{"start":{"line":38,"column":8},"end":{"line":38,"column":8}},{"start":{"line":38,"column":8},"end":{"line":38,"column":8}}]},"7":{"line":42,"type":"if","locations":[{"start":{"line":42,"column":8},"end":{"line":42,"column":8}},{"start":{"line":42,"column":8},"end":{"line":42,"column":8}}]}}},
"contracts/mocks/ERC1155Mock.sol":{"l":{"9":0,"10":0,"11":0,"12":0,"13":0,"14":0,"23":0},"path":"/home/andrey/landx/land-x-smart-contracts/contracts/mocks/ERC1155Mock.sol","s":{"1":0,"2":0,"3":0,"4":0,"5":0,"6":0,"7":0},"b":{"1":[0,0]},"f":{"1":0,"2":0},"fnMap":{"1":{"name":"constructor","line":8,"loc":{"start":{"line":8,"column":4},"end":{"line":15,"column":4}}},"2":{"name":"mint","line":22,"loc":{"start":{"line":17,"column":4},"end":{"line":24,"column":4}}}},"statementMap":{"1":{"start":{"line":9,"column":8},"end":{"line":9,"column":35}},"2":{"start":{"line":10,"column":8},"end":{"line":10,"column":36}},"3":{"start":{"line":11,"column":8},"end":{"line":11,"column":37}},"4":{"start":{"line":12,"column":8},"end":{"line":12,"column":37}},"5":{"start":{"line":13,"column":8},"end":{"line":13,"column":37}},"6":{"start":{"line":14,"column":8},"end":{"line":14,"column":37}},"7":{"start":{"line":23,"column":8},"end":{"line":23,"column":34}}},"branchMap":{"1":{"line":22,"type":"if","locations":[{"start":{"line":22,"column":21},"end":{"line":22,"column":21}},{"start":{"line":22,"column":21},"end":{"line":22,"column":21}}]}}},
"contracts/mocks/ERC20Mock.sol":{"l":{"12":0},"path":"/home/andrey/landx/land-x-smart-contracts/contracts/mocks/ERC20Mock.sol","s":{"1":0},"b":{},"f":{"1":0},"fnMap":{"1":{"name":"constructor","line":11,"loc":{"start":{"line":7,"column":4},"end":{"line":13,"column":4}}}},"statementMap":{"1":{"start":{"line":12,"column":8},"end":{"line":12,"column":32}}},"branchMap":{}},
"contracts/nft.sol":{"l":{"32":126,"33":126,"47":41,"48":40,"49":39,"50":39,"51":39,"52":39,"53":39,"54":39,"55":39,"56":39,"57":39,"66":3,"70":2,"71":2,"75":3,"79":2,"83":1,"95":2,"96":1,"98":1,"99":1,"100":1,"101":1,"102":1,"104":1,"105":1,"106":1,"107":1,"108":1,"109":1,"110":1,"111":1,"113":1},"path":"/home/andrey/landx/land-x-smart-contracts/contracts/nft.sol","s":{"1":41,"2":40,"3":39,"4":3,"5":2,"6":2,"7":2,"8":1,"9":1,"10":1,"11":1,"12":1,"13":1,"14":1,"15":1,"16":1,"17":1},"b":{"1":[41,0],"2":[40,1],"3":[39,1],"4":[2,1],"5":[1,1],"6":[3,1],"7":[1,1],"8":[1,1]},"f":{"1":126,"2":41,"3":3,"4":3,"5":2,"6":1,"7":2},"fnMap":{"1":{"name":"constructor","line":31,"loc":{"start":{"line":31,"column":4},"end":{"line":34,"column":4}}},"2":{"name":"setDetailsAndMint","line":46,"loc":{"start":{"line":37,"column":4},"end":{"line":58,"column":4}}},"3":{"name":"burn","line":61,"loc":{"start":{"line":61,"column":4},"end":{"line":72,"column":4}}},"4":{"name":"setBaseURI","line":74,"loc":{"start":{"line":74,"column":4},"end":{"line":76,"column":4}}},"5":{"name":"uri","line":78,"loc":{"start":{"line":78,"column":4},"end":{"line":80,"column":4}}},"6":{"name":"setXTokenRouter","line":82,"loc":{"start":{"line":82,"column":4},"end":{"line":84,"column":4}}},"7":{"name":"uint2str","line":90,"loc":{"start":{"line":90,"column":4},"end":{"line":114,"column":4}}}},"statementMap":{"1":{"start":{"line":47,"column":8},"end":{"line":47,"column":66}},"2":{"start":{"line":48,"column":8},"end":{"line":48,"column":84}},"3":{"start":{"line":57,"column":8},"end":{"line":57,"column":38}},"4":{"start":{"line":66,"column":8},"end":{"line":66,"column":2403}},"5":{"start":{"line":70,"column":8},"end":{"line":70,"column":32}},"6":{"start":{"line":79,"column":8},"end":{"line":79,"column":73}},"7":{"start":{"line":95,"column":8},"end":{"line":95,"column":3237}},"8":{"start":{"line":96,"column":12},"end":{"line":96,"column":22}},"9":{"start":{"line":98,"column":8},"end":{"line":98,"column":22}},"10":{"start":{"line":99,"column":8},"end":{"line":99,"column":19}},"11":{"start":{"line":100,"column":8},"end":{"line":100,"column":3339}},"12":{"start":{"line":104,"column":8},"end":{"line":104,"column":42}},"13":{"start":{"line":105,"column":8},"end":{"line":105,"column":23}},"14":{"start":{"line":106,"column":8},"end":{"line":106,"column":3483}},"15":{"start":{"line":108,"column":12},"end":{"line":108,"column":58}},"16":{"start":{"line":109,"column":12},"end":{"line":109,"column":36}},"17":{"start":{"line":113,"column":8},"end":{"line":113,"column":27}}},"branchMap":{"1":{"line":46,"type":"if","locations":[{"start":{"line":46,"column":13},"end":{"line":46,"column":13}},{"start":{"line":46,"column":13},"end":{"line":46,"column":13}}]},"2":{"line":47,"type":"if","locations":[{"start":{"line":47,"column":8},"end":{"line":47,"column":8}},{"start":{"line":47,"column":8},"end":{"line":47,"column":8}}]},"3":{"line":48,"type":"if","locations":[{"start":{"line":48,"column":8},"end":{"line":48,"column":8}},{"start":{"line":48,"column":8},"end":{"line":48,"column":8}}]},"4":{"line":66,"type":"if","locations":[{"start":{"line":66,"column":8},"end":{"line":66,"column":8}},{"start":{"line":66,"column":8},"end":{"line":66,"column":8}}]},"5":{"line":67,"type":"cond-expr","locations":[{"start":{"line":67,"column":12},"end":{"line":67,"column":34}},{"start":{"line":67,"column":39},"end":{"line":67,"column":77}}]},"6":{"line":74,"type":"if","locations":[{"start":{"line":74,"column":53},"end":{"line":74,"column":53}},{"start":{"line":74,"column":53},"end":{"line":74,"column":53}}]},"7":{"line":82,"type":"if","locations":[{"start":{"line":82,"column":53},"end":{"line":82,"column":53}},{"start":{"line":82,"column":53},"end":{"line":82,"column":53}}]},"8":{"line":95,"type":"if","locations":[{"start":{"line":95,"column":8},"end":{"line":95,"column":8}},{"start":{"line":95,"column":8},"end":{"line":95,"column":8}}]}}},
"contracts/OraclePrices.sol":{"l":{"40":33,"42":33,"43":33,"44":33,"45":3,"47":3,"48":3,"49":3,"50":2,"51":2,"52":2,"56":1,"57":3,"58":2,"62":1,"63":4,"64":3,"68":3,"69":1,"72":2,"73":2,"74":2,"77":1,"78":1,"80":1,"81":1,"82":4,"84":0,"88":0},"path":"/home/andrey/landx/land-x-smart-contracts/contracts/OraclePrices.sol","s":{"1":33,"2":3,"3":2,"4":4,"5":1,"6":3,"7":1,"8":2,"9":2,"10":2,"11":1,"12":1,"13":4,"14":0,"15":0,"16":0},"b":{"1":[3,-2],"2":[2,1],"3":[4,-3],"4":[1,0],"5":[3,1],"6":[2,2],"7":[4,0]},"f":{"1":33,"2":2,"3":2,"4":3,"5":0},"fnMap":{"1":{"name":"constructor","line":38,"loc":{"start":{"line":38,"column":4},"end":{"line":53,"column":1}}},"2":{"name":"setGrainPrice","line":55,"loc":{"start":{"line":55,"column":4},"end":{"line":59,"column":4}}},"3":{"name":"setXTokenPrice","line":61,"loc":{"start":{"line":61,"column":4},"end":{"line":65,"column":4}}},"4":{"name":"getXTokenPrice","line":67,"loc":{"start":{"line":67,"column":4},"end":{"line":85,"column":4}}},"5":{"name":"getXtokenPool","line":87,"loc":{"start":{"line":87,"column":4},"end":{"line":89,"column":4}}}},"statementMap":{"1":{"start":{"line":40,"column":8},"end":{"line":40,"column":47}},"2":{"start":{"line":56,"column":8},"end":{"line":56,"column":74}},"3":{"start":{"line":57,"column":8},"end":{"line":57,"column":65}},"4":{"start":{"line":62,"column":8},"end":{"line":62,"column":74}},"5":{"start":{"line":63,"column":8},"end":{"line":63,"column":65}},"6":{"start":{"line":68,"column":8},"end":{"line":68,"column":2438}},"7":{"start":{"line":69,"column":12},"end":{"line":69,"column":39}},"8":{"start":{"line":72,"column":8},"end":{"line":72,"column":44}},"9":{"start":{"line":73,"column":8},"end":{"line":73,"column":2588}},"10":{"start":{"line":74,"column":13},"end":{"line":74,"column":40}},"11":{"start":{"line":77,"column":8},"end":{"line":77,"column":56}},"12":{"start":{"line":78,"column":8},"end":{"line":78,"column":28}},"13":{"start":{"line":81,"column":8},"end":{"line":81,"column":2832}},"14":{"start":{"line":82,"column":11},"end":{"line":82,"column":86}},"15":{"start":{"line":84,"column":8},"end":{"line":84,"column":76}},"16":{"start":{"line":88,"column":8},"end":{"line":88,"column":76}}},"branchMap":{"1":{"line":56,"type":"if","locations":[{"start":{"line":56,"column":8},"end":{"line":56,"column":8}},{"start":{"line":56,"column":8},"end":{"line":56,"column":8}}]},"2":{"line":57,"type":"if","locations":[{"start":{"line":57,"column":8},"end":{"line":57,"column":8}},{"start":{"line":57,"column":8},"end":{"line":57,"column":8}}]},"3":{"line":62,"type":"if","locations":[{"start":{"line":62,"column":8},"end":{"line":62,"column":8}},{"start":{"line":62,"column":8},"end":{"line":62,"column":8}}]},"4":{"line":63,"type":"if","locations":[{"start":{"line":63,"column":8},"end":{"line":63,"column":8}},{"start":{"line":63,"column":8},"end":{"line":63,"column":8}}]},"5":{"line":68,"type":"if","locations":[{"start":{"line":68,"column":8},"end":{"line":68,"column":8}},{"start":{"line":68,"column":8},"end":{"line":68,"column":8}}]},"6":{"line":73,"type":"if","locations":[{"start":{"line":73,"column":8},"end":{"line":73,"column":8}},{"start":{"line":73,"column":8},"end":{"line":73,"column":8}}]},"7":{"line":81,"type":"if","locations":[{"start":{"line":81,"column":8},"end":{"line":81,"column":8}},{"start":{"line":81,"column":8},"end":{"line":81,"column":8}}]}}},
"contracts/rentFoundation.sol":{"l":{"73":0,"74":0,"75":0,"80":0,"81":0,"82":0,"83":0,"84":0,"85":0,"86":0,"87":0,"88":0,"89":0,"94":0,"95":0,"96":0,"97":0,"98":0,"99":0,"100":0,"104":0,"105":0,"106":0,"107":0,"111":0,"112":0,"113":0,"114":0,"115":0,"116":0,"120":0,"121":0,"122":0,"123":0,"124":0,"128":0,"132":0,"137":0},"path":"/home/andrey/landx/land-x-smart-contracts/contracts/rentFoundation.sol","s":{"1":0,"2":0,"3":0,"4":0,"5":0,"6":0,"7":0,"8":0,"9":0,"10":0,"11":0,"12":0,"13":0,"14":0,"15":0,"16":0,"17":0,"18":0,"19":0,"20":0,"21":0,"22":0,"23":0,"24":0,"25":0,"26":0,"27":0,"28":0},"b":{"1":[0,0],"2":[0,0],"3":[0,0],"4":[0,0],"5":[0,0],"6":[0,0],"7":[0,0],"8":[0,0]},"f":{"1":0,"2":0,"3":0,"4":0,"5":0,"6":0,"7":0,"8":0,"9":0},"fnMap":{"1":{"name":"constructor","line":71,"loc":{"start":{"line":71,"column":4},"end":{"line":76,"column":1}}},"2":{"name":"payRent","line":79,"loc":{"start":{"line":79,"column":4},"end":{"line":90,"column":4}}},"3":{"name":"payInitialRent","line":93,"loc":{"start":{"line":93,"column":3},"end":{"line":101,"column":4}}},"4":{"name":"getDepositBalance","line":103,"loc":{"start":{"line":103,"column":4},"end":{"line":108,"column":4}}},"5":{"name":"sellCToken","line":110,"loc":{"start":{"line":110,"column":4},"end":{"line":117,"column":4}}},"6":{"name":"feeDistributor","line":119,"loc":{"start":{"line":119,"column":5},"end":{"line":125,"column":4}}},"7":{"name":"setXTokenRouter","line":127,"loc":{"start":{"line":127,"column":4},"end":{"line":129,"column":4}}},"8":{"name":"setGrainPrices","line":131,"loc":{"start":{"line":131,"column":4},"end":{"line":133,"column":4}}},"9":{"name":"changeLandXNFTAddress","line":136,"loc":{"start":{"line":136,"column":4},"end":{"line":138,"column":4}}}},"statementMap":{"1":{"start":{"line":80,"column":8},"end":{"line":80,"column":75}},"2":{"start":{"line":81,"column":8},"end":{"line":81,"column":87}},"3":{"start":{"line":82,"column":8},"end":{"line":82,"column":77}},"4":{"start":{"line":83,"column":8},"end":{"line":83,"column":87}},"5":{"start":{"line":84,"column":8},"end":{"line":84,"column":145}},"6":{"start":{"line":85,"column":8},"end":{"line":85,"column":80}},"7":{"start":{"line":86,"column":8},"end":{"line":86,"column":112}},"8":{"start":{"line":87,"column":8},"end":{"line":87,"column":34}},"9":{"start":{"line":89,"column":8},"end":{"line":89,"column":43}},"10":{"start":{"line":94,"column":8},"end":{"line":94,"column":53}},"11":{"start":{"line":95,"column":8},"end":{"line":95,"column":79}},"12":{"start":{"line":96,"column":8},"end":{"line":96,"column":79}},"13":{"start":{"line":100,"column":8},"end":{"line":100,"column":45}},"14":{"start":{"line":104,"column":8},"end":{"line":104,"column":78}},"15":{"start":{"line":105,"column":8},"end":{"line":105,"column":40}},"16":{"start":{"line":106,"column":8},"end":{"line":106,"column":105}},"17":{"start":{"line":107,"column":8},"end":{"line":107,"column":88}},"18":{"start":{"line":111,"column":8},"end":{"line":111,"column":53}},"19":{"start":{"line":112,"column":8},"end":{"line":112,"column":77}},"20":{"start":{"line":113,"column":8},"end":{"line":113,"column":74}},"21":{"start":{"line":114,"column":8},"end":{"line":114,"column":85}},"22":{"start":{"line":115,"column":8},"end":{"line":115,"column":56}},"23":{"start":{"line":116,"column":8},"end":{"line":116,"column":35}},"24":{"start":{"line":120,"column":8},"end":{"line":120,"column":82}},"25":{"start":{"line":121,"column":8},"end":{"line":121,"column":94}},"26":{"start":{"line":122,"column":8},"end":{"line":122,"column":35}},"27":{"start":{"line":123,"column":8},"end":{"line":123,"column":80}},"28":{"start":{"line":124,"column":8},"end":{"line":124,"column":90}}},"branchMap":{"1":{"line":80,"type":"if","locations":[{"start":{"line":80,"column":8},"end":{"line":80,"column":8}},{"start":{"line":80,"column":8},"end":{"line":80,"column":8}}]},"2":{"line":81,"type":"if","locations":[{"start":{"line":81,"column":8},"end":{"line":81,"column":8}},{"start":{"line":81,"column":8},"end":{"line":81,"column":8}}]},"3":{"line":95,"type":"if","locations":[{"start":{"line":95,"column":8},"end":{"line":95,"column":8}},{"start":{"line":95,"column":8},"end":{"line":95,"column":8}}]},"4":{"line":96,"type":"if","locations":[{"start":{"line":96,"column":8},"end":{"line":96,"column":8}},{"start":{"line":96,"column":8},"end":{"line":96,"column":8}}]},"5":{"line":112,"type":"if","locations":[{"start":{"line":112,"column":8},"end":{"line":112,"column":8}},{"start":{"line":112,"column":8},"end":{"line":112,"column":8}}]},"6":{"line":127,"type":"if","locations":[{"start":{"line":127,"column":53},"end":{"line":127,"column":53}},{"start":{"line":127,"column":53},"end":{"line":127,"column":53}}]},"7":{"line":131,"type":"if","locations":[{"start":{"line":131,"column":57},"end":{"line":131,"column":57}},{"start":{"line":131,"column":57},"end":{"line":131,"column":57}}]},"8":{"line":136,"type":"if","locations":[{"start":{"line":136,"column":63},"end":{"line":136,"column":63}},{"start":{"line":136,"column":63},"end":{"line":136,"column":63}}]}}},
"contracts/usdc.sol":{"l":{"27":0,"28":0,"29":0,"33":0,"37":0,"38":0,"42":0,"46":0,"50":0,"54":0,"55":0,"63":0,"64":0,"65":0},"path":"/home/andrey/landx/land-x-smart-contracts/contracts/usdc.sol","s":{"1":0,"2":0,"3":0,"4":0,"5":0,"6":0,"7":0,"8":0,"9":0,"10":0,"11":0,"12":0,"13":0},"b":{"1":[0,0],"2":[0,0],"3":[0,0],"4":[0,0],"5":[0,0],"6":[0,0],"7":[0,0]},"f":{"1":0,"2":0,"3":0,"4":0,"5":0,"6":0,"7":0,"8":0},"fnMap":{"1":{"name":"constructor","line":26,"loc":{"start":{"line":26,"column":1},"end":{"line":30,"column":1}}},"2":{"name":"decimals","line":32,"loc":{"start":{"line":32,"column":1},"end":{"line":34,"column":1}}},"3":{"name":"mint","line":36,"loc":{"start":{"line":36,"column":1},"end":{"line":39,"column":1}}},"4":{"name":"pause","line":41,"loc":{"start":{"line":41,"column":1},"end":{"line":43,"column":1}}},"5":{"name":"unpause","line":45,"loc":{"start":{"line":45,"column":1},"end":{"line":47,"column":1}}},"6":{"name":"snapshot","line":49,"loc":{"start":{"line":49,"column":1},"end":{"line":51,"column":1}}},"7":{"name":"setBlacklist","line":53,"loc":{"start":{"line":53,"column":1},"end":{"line":56,"column":1}}},"8":{"name":"_beforeTokenTransfer","line":58,"loc":{"start":{"line":58,"column":1},"end":{"line":66,"column":1}}}},"statementMap":{"1":{"start":{"line":27,"column":2},"end":{"line":27,"column":41}},"2":{"start":{"line":28,"column":2},"end":{"line":28,"column":34}},"3":{"start":{"line":29,"column":2},"end":{"line":29,"column":39}},"4":{"start":{"line":33,"column":8},"end":{"line":33,"column":16}},"5":{"start":{"line":37,"column":2},"end":{"line":37,"column":58}},"6":{"start":{"line":38,"column":2},"end":{"line":38,"column":18}},"7":{"start":{"line":42,"column":2},"end":{"line":42,"column":9}},"8":{"start":{"line":46,"column":2},"end":{"line":46,"column":11}},"9":{"start":{"line":50,"column":2},"end":{"line":50,"column":12}},"10":{"start":{"line":54,"column":2},"end":{"line":54,"column":68}},"11":{"start":{"line":63,"column":2},"end":{"line":63,"column":52}},"12":{"start":{"line":64,"column":2},"end":{"line":64,"column":51}},"13":{"start":{"line":65,"column":2},"end":{"line":65,"column":45}}},"branchMap":{"1":{"line":37,"type":"if","locations":[{"start":{"line":37,"column":2},"end":{"line":37,"column":2}},{"start":{"line":37,"column":2},"end":{"line":37,"column":2}}]},"2":{"line":41,"type":"if","locations":[{"start":{"line":41,"column":25},"end":{"line":41,"column":25}},{"start":{"line":41,"column":25},"end":{"line":41,"column":25}}]},"3":{"line":45,"type":"if","locations":[{"start":{"line":45,"column":27},"end":{"line":45,"column":27}},{"start":{"line":45,"column":27},"end":{"line":45,"column":27}}]},"4":{"line":49,"type":"if","locations":[{"start":{"line":49,"column":28},"end":{"line":49,"column":28}},{"start":{"line":49,"column":28},"end":{"line":49,"column":28}}]},"5":{"line":54,"type":"if","locations":[{"start":{"line":54,"column":2},"end":{"line":54,"column":2}},{"start":{"line":54,"column":2},"end":{"line":54,"column":2}}]},"6":{"line":63,"type":"if","locations":[{"start":{"line":63,"column":2},"end":{"line":63,"column":2}},{"start":{"line":63,"column":2},"end":{"line":63,"column":2}}]},"7":{"line":64,"type":"if","locations":[{"start":{"line":64,"column":2},"end":{"line":64,"column":2}},{"start":{"line":64,"column":2},"end":{"line":64,"column":2}}]}}},
"contracts/xBasket.sol":{"l":{"48":33,"49":33,"50":33,"51":33,"52":33,"53":33,"54":33,"55":33,"56":33,"57":33,"58":33,"59":33,"64":1,"69":0,"73":1,"77":12,"78":12,"79":12,"80":8,"82":4,"84":12,"88":1,"92":4,"93":4,"94":4,"95":2,"97":2,"98":2,"102":8,"106":3,"110":1,"114":0,"118":7,"122":2,"126":1,"130":0,"134":8,"136":7,"137":7,"139":7,"143":3,"145":2,"146":2,"148":2,"152":1,"154":1,"155":1,"157":0,"161":0,"163":0,"164":0,"166":0,"170":11,"171":11,"172":11,"173":11,"174":11,"175":11,"176":11,"177":11,"178":44,"179":0,"182":11,"186":9,"187":9,"188":9,"189":9,"190":9,"191":9,"192":9,"193":9,"194":9,"195":9,"199":1,"200":0,"202":1,"204":0,"205":0,"206":0,"207":0,"208":0,"209":0,"210":0,"211":0,"212":0,"213":0,"219":16,"220":16,"221":16,"222":16,"224":16,"225":16,"226":16,"227":16,"230":16,"231":16,"232":16,"233":16,"236":16,"237":16,"238":16,"239":16,"240":16,"241":16,"247":16,"248":16,"249":16,"250":16,"251":16,"254":16,"255":16,"256":16,"257":16,"260":16,"261":16,"262":16,"263":16,"264":16,"265":16,"270":16,"271":16,"272":16,"273":16,"278":0,"279":0,"280":0,"281":0,"286":1,"287":1,"288":1,"289":1,"290":1,"291":1,"292":1,"293":1,"295":1,"296":1,"298":0,"299":0,"301":0,"302":0,"304":0,"305":0,"307":0,"308":0,"309":0,"310":0,"311":0,"312":0,"313":0,"314":0,"318":1,"319":1,"320":1,"330":1,"334":1},"path":"/home/andrey/landx/land-x-smart-contracts/contracts/xBasket.sol","s":{"1":1,"2":0,"3":1,"4":12,"5":12,"6":12,"7":12,"8":1,"9":4,"10":4,"11":4,"12":2,"13":2,"14":2,"15":8,"16":3,"17":1,"18":0,"19":7,"20":2,"21":1,"22":0,"23":8,"24":7,"25":7,"26":7,"27":3,"28":2,"29":2,"30":2,"31":1,"32":1,"33":1,"34":0,"35":0,"36":0,"37":0,"38":0,"39":11,"40":11,"41":11,"42":11,"43":11,"44":11,"45":11,"46":11,"47":44,"48":11,"49":9,"50":9,"51":9,"52":9,"53":9,"54":9,"55":9,"56":9,"57":9,"58":9,"59":1,"60":0,"61":1,"62":0,"63":0,"64":0,"65":0,"66":0,"67":0,"68":0,"69":0,"70":0,"71":0,"72":16,"73":16,"74":16,"75":16,"76":16,"77":16,"78":16,"79":16,"80":16,"81":16,"82":16,"83":16,"84":16,"85":16,"86":16,"87":16,"88":16,"89":16,"90":16,"91":16,"92":16,"93":16,"94":16,"95":16,"96":16,"97":16,"98":16,"99":16,"100":16,"101":0,"102":0,"103":0,"104":0,"105":1,"106":1,"107":1,"108":1,"109":1,"110":1,"111":1,"112":1,"113":1,"114":1,"115":0,"116":0,"117":0,"118":0,"119":0,"120":0,"121":0,"122":0,"123":0,"124":0,"125":0,"126":0,"127":0,"128":0,"129":1,"130":1,"131":1,"132":1,"133":1},"b":{"1":[8,4],"2":[2,2],"3":[7,1],"4":[2,1],"5":[1,0],"6":[0,0],"7":[0,44],"8":[0,1]},"f":{"1":33,"2":1,"3":0,"4":1,"5":12,"6":1,"7":4,"8":8,"9":3,"10":1,"11":0,"12":7,"13":2,"14":1,"15":0,"16":8,"17":3,"18":1,"19":0,"20":11,"21":9,"22":1,"23":16,"24":16,"25":16,"26":0,"27":1,"28":1,"29":1},"fnMap":{"1":{"name":"constructor","line":47,"loc":{"start":{"line":47,"column":4},"end":{"line":60,"column":4}}},"2":{"name":"asset","line":63,"loc":{"start":{"line":63,"column":4},"end":{"line":65,"column":4}}},"3":{"name":"totalAssets","line":68,"loc":{"start":{"line":68,"column":4},"end":{"line":70,"column":4}}},"4":{"name":"convertToShares","line":72,"loc":{"start":{"line":72,"column":4},"end":{"line":74,"column":4}}},"5":{"name":"_convertToShares","line":76,"loc":{"start":{"line":76,"column":4},"end":{"line":85,"column":4}}},"6":{"name":"convertToAssets","line":87,"loc":{"start":{"line":87,"column":4},"end":{"line":89,"column":4}}},"7":{"name":"_convertToAssets","line":91,"loc":{"start":{"line":91,"column":4},"end":{"line":99,"column":4}}},"8":{"name":"maxDeposit","line":101,"loc":{"start":{"line":101,"column":4},"end":{"line":103,"column":4}}},"9":{"name":"maxMint","line":105,"loc":{"start":{"line":105,"column":4},"end":{"line":107,"column":4}}},"10":{"name":"maxWithdraw","line":109,"loc":{"start":{"line":109,"column":4},"end":{"line":111,"column":4}}},"11":{"name":"maxRedeem","line":113,"loc":{"start":{"line":113,"column":4},"end":{"line":115,"column":4}}},"12":{"name":"previewDeposit","line":117,"loc":{"start":{"line":117,"column":4},"end":{"line":119,"column":4}}},"13":{"name":"previewMint","line":121,"loc":{"start":{"line":121,"column":4},"end":{"line":123,"column":4}}},"14":{"name":"previewWithdraw","line":125,"loc":{"start":{"line":125,"column":4},"end":{"line":127,"column":4}}},"15":{"name":"previewRedeem","line":129,"loc":{"start":{"line":129,"column":4},"end":{"line":131,"column":4}}},"16":{"name":"deposit","line":133,"loc":{"start":{"line":133,"column":4},"end":{"line":140,"column":4}}},"17":{"name":"mint","line":142,"loc":{"start":{"line":142,"column":4},"end":{"line":149,"column":4}}},"18":{"name":"withdraw","line":151,"loc":{"start":{"line":151,"column":4},"end":{"line":158,"column":4}}},"19":{"name":"redeem","line":160,"loc":{"start":{"line":160,"column":4},"end":{"line":167,"column":4}}},"20":{"name":"_findMinAssetBalanceValue","line":169,"loc":{"start":{"line":169,"column":4},"end":{"line":183,"column":4}}},"21":{"name":"_deposit","line":185,"loc":{"start":{"line":185,"column":4},"end":{"line":196,"column":4}}},"22":{"name":"_withdraw","line":198,"loc":{"start":{"line":198,"column":4},"end":{"line":214,"column":4}}},"23":{"name":"calculateCollateral","line":217,"loc":{"start":{"line":217,"column":4},"end":{"line":242,"column":4}}},"24":{"name":"calculateYield","line":245,"loc":{"start":{"line":245,"column":4},"end":{"line":266,"column":4}}},"25":{"name":"calculateTVL","line":269,"loc":{"start":{"line":269,"column":4},"end":{"line":274,"column":4}}},"26":{"name":"pricePerToken","line":277,"loc":{"start":{"line":277,"column":4},"end":{"line":282,"column":4}}},"27":{"name":"autoCompoundRewards","line":285,"loc":{"start":{"line":285,"column":4},"end":{"line":315,"column":4}}},"28":{"name":"convertToXToken","line":317,"loc":{"start":{"line":317,"column":4},"end":{"line":331,"column":4}}},"29":{"name":"decimals","line":333,"loc":{"start":{"line":333,"column":4},"end":{"line":335,"column":1}}}},"statementMap":{"1":{"start":{"line":64,"column":8},"end":{"line":64,"column":19}},"2":{"start":{"line":69,"column":8},"end":{"line":69,"column":36}},"3":{"start":{"line":73,"column":8},"end":{"line":73,"column":39}},"4":{"start":{"line":77,"column":8},"end":{"line":77,"column":50}},"5":{"start":{"line":78,"column":8},"end":{"line":78,"column":49}},"6":{"start":{"line":79,"column":8},"end":{"line":79,"column":3050}},"7":{"start":{"line":84,"column":8},"end":{"line":84,"column":21}},"8":{"start":{"line":88,"column":8},"end":{"line":88,"column":39}},"9":{"start":{"line":92,"column":8},"end":{"line":92,"column":50}},"10":{"start":{"line":93,"column":8},"end":{"line":93,"column":49}},"11":{"start":{"line":94,"column":8},"end":{"line":94,"column":3608}},"12":{"start":{"line":95,"column":12},"end":{"line":95,"column":25}},"13":{"start":{"line":97,"column":8},"end":{"line":97,"column":79}},"14":{"start":{"line":98,"column":8},"end":{"line":98,"column":27}},"15":{"start":{"line":102,"column":8},"end":{"line":102,"column":50}},"16":{"start":{"line":106,"column":8},"end":{"line":106,"column":68}},"17":{"start":{"line":110,"column":8},"end":{"line":110,"column":49}},"18":{"start":{"line":114,"column":8},"end":{"line":114,"column":31}},"19":{"start":{"line":118,"column":8},"end":{"line":118,"column":39}},"20":{"start":{"line":122,"column":8},"end":{"line":122,"column":39}},"21":{"start":{"line":126,"column":8},"end":{"line":126,"column":39}},"22":{"start":{"line":130,"column":8},"end":{"line":130,"column":39}},"23":{"start":{"line":134,"column":8},"end":{"line":134,"column":80}},"24":{"start":{"line":136,"column":8},"end":{"line":136,"column":47}},"25":{"start":{"line":137,"column":8},"end":{"line":137,"column":55}},"26":{"start":{"line":139,"column":8},"end":{"line":139,"column":21}},"27":{"start":{"line":143,"column":8},"end":{"line":143,"column":74}},"28":{"start":{"line":145,"column":8},"end":{"line":145,"column":44}},"29":{"start":{"line":146,"column":8},"end":{"line":146,"column":55}},"30":{"start":{"line":148,"column":8},"end":{"line":148,"column":21}},"31":{"start":{"line":152,"column":8},"end":{"line":152,"column":79}},"32":{"start":{"line":154,"column":8},"end":{"line":154,"column":48}},"33":{"start":{"line":155,"column":8},"end":{"line":155,"column":63}},"34":{"start":{"line":157,"column":8},"end":{"line":157,"column":21}},"35":{"start":{"line":161,"column":8},"end":{"line":161,"column":75}},"36":{"start":{"line":163,"column":8},"end":{"line":163,"column":46}},"37":{"start":{"line":164,"column":8},"end":{"line":164,"column":63}},"38":{"start":{"line":166,"column":8},"end":{"line":166,"column":21}},"39":{"start":{"line":170,"column":8},"end":{"line":170,"column":64}},"40":{"start":{"line":171,"column":8},"end":{"line":171,"column":60}},"41":{"start":{"line":172,"column":8},"end":{"line":172,"column":62}},"42":{"start":{"line":173,"column":8},"end":{"line":173,"column":62}},"43":{"start":{"line":174,"column":8},"end":{"line":174,"column":93}},"44":{"start":{"line":175,"column":8},"end":{"line":175,"column":40}},"45":{"start":{"line":176,"column":8},"end":{"line":176,"column":17}},"46":{"start":{"line":177,"column":8},"end":{"line":177,"column":6762}},"47":{"start":{"line":178,"column":12},"end":{"line":178,"column":6816}},"48":{"start":{"line":182,"column":8},"end":{"line":182,"column":23}},"49":{"start":{"line":186,"column":8},"end":{"line":186,"column":54}},"50":{"start":{"line":187,"column":8},"end":{"line":187,"column":53}},"51":{"start":{"line":188,"column":8},"end":{"line":188,"column":53}},"52":{"start":{"line":189,"column":8},"end":{"line":189,"column":53}},"53":{"start":{"line":190,"column":8},"end":{"line":190,"column":36}},"54":{"start":{"line":191,"column":8},"end":{"line":191,"column":34}},"55":{"start":{"line":192,"column":8},"end":{"line":192,"column":35}},"56":{"start":{"line":193,"column":8},"end":{"line":193,"column":35}},"57":{"start":{"line":194,"column":8},"end":{"line":194,"column":32}},"58":{"start":{"line":195,"column":8},"end":{"line":195,"column":54}},"59":{"start":{"line":199,"column":8},"end":{"line":199,"column":7643}},"60":{"start":{"line":200,"column":12},"end":{"line":200,"column":49}},"61":{"start":{"line":202,"column":8},"end":{"line":202,"column":28}},"62":{"start":{"line":204,"column":8},"end":{"line":204,"column":27}},"63":{"start":{"line":205,"column":8},"end":{"line":205,"column":38}},"64":{"start":{"line":206,"column":8},"end":{"line":206,"column":36}},"65":{"start":{"line":207,"column":8},"end":{"line":207,"column":37}},"66":{"start":{"line":208,"column":8},"end":{"line":208,"column":37}},"67":{"start":{"line":209,"column":8},"end":{"line":209,"column":49}},"68":{"start":{"line":210,"column":8},"end":{"line":210,"column":47}},"69":{"start":{"line":211,"column":8},"end":{"line":211,"column":48}},"70":{"start":{"line":212,"column":8},"end":{"line":212,"column":48}},"71":{"start":{"line":213,"column":8},"end":{"line":213,"column":62}},"72":{"start":{"line":219,"column":8},"end":{"line":219,"column":72}},"73":{"start":{"line":220,"column":8},"end":{"line":220,"column":68}},"74":{"start":{"line":221,"column":8},"end":{"line":221,"column":70}},"75":{"start":{"line":222,"column":8},"end":{"line":222,"column":70}},"76":{"start":{"line":224,"column":8},"end":{"line":224,"column":71}},"77":{"start":{"line":225,"column":8},"end":{"line":225,"column":67}},"78":{"start":{"line":226,"column":8},"end":{"line":226,"column":69}},"79":{"start":{"line":227,"column":8},"end":{"line":227,"column":69}},"80":{"start":{"line":230,"column":8},"end":{"line":230,"column":65}},"81":{"start":{"line":231,"column":8},"end":{"line":231,"column":61}},"82":{"start":{"line":232,"column":8},"end":{"line":232,"column":63}},"83":{"start":{"line":233,"column":8},"end":{"line":233,"column":63}},"84":{"start":{"line":236,"column":8},"end":{"line":236,"column":26}},"85":{"start":{"line":241,"column":8},"end":{"line":241,"column":25}},"86":{"start":{"line":247,"column":8},"end":{"line":247,"column":79}},"87":{"start":{"line":248,"column":8},"end":{"line":248,"column":75}},"88":{"start":{"line":249,"column":8},"end":{"line":249,"column":77}},"89":{"start":{"line":250,"column":8},"end":{"line":250,"column":77}},"90":{"start":{"line":251,"column":8},"end":{"line":251,"column":67}},"91":{"start":{"line":254,"column":8},"end":{"line":254,"column":58}},"92":{"start":{"line":255,"column":8},"end":{"line":255,"column":54}},"93":{"start":{"line":256,"column":8},"end":{"line":256,"column":56}},"94":{"start":{"line":257,"column":8},"end":{"line":257,"column":56}},"95":{"start":{"line":260,"column":8},"end":{"line":260,"column":40}},"96":{"start":{"line":265,"column":8},"end":{"line":265,"column":25}},"97":{"start":{"line":270,"column":8},"end":{"line":270,"column":55}},"98":{"start":{"line":271,"column":8},"end":{"line":271,"column":45}},"99":{"start":{"line":272,"column":8},"end":{"line":272,"column":50}},"100":{"start":{"line":273,"column":8},"end":{"line":273,"column":18}},"101":{"start":{"line":278,"column":8},"end":{"line":278,"column":36}},"102":{"start":{"line":279,"column":8},"end":{"line":279,"column":49}},"103":{"start":{"line":280,"column":8},"end":{"line":280,"column":60}},"104":{"start":{"line":281,"column":8},"end":{"line":281,"column":27}},"105":{"start":{"line":286,"column":8},"end":{"line":286,"column":30}},"106":{"start":{"line":287,"column":8},"end":{"line":287,"column":28}},"107":{"start":{"line":288,"column":8},"end":{"line":288,"column":29}},"108":{"start":{"line":289,"column":8},"end":{"line":289,"column":29}},"109":{"start":{"line":290,"column":8},"end":{"line":290,"column":71}},"110":{"start":{"line":291,"column":8},"end":{"line":291,"column":67}},"111":{"start":{"line":292,"column":8},"end":{"line":292,"column":69}},"112":{"start":{"line":293,"column":8},"end":{"line":293,"column":69}},"113":{"start":{"line":295,"column":8},"end":{"line":295,"column":48}},"114":{"start":{"line":296,"column":8},"end":{"line":296,"column":30}},"115":{"start":{"line":298,"column":8},"end":{"line":298,"column":44}},"116":{"start":{"line":299,"column":8},"end":{"line":299,"column":28}},"117":{"start":{"line":301,"column":8},"end":{"line":301,"column":46}},"118":{"start":{"line":302,"column":8},"end":{"line":302,"column":29}},"119":{"start":{"line":304,"column":8},"end":{"line":304,"column":46}},"120":{"start":{"line":305,"column":8},"end":{"line":305,"column":29}},"121":{"start":{"line":307,"column":8},"end":{"line":307,"column":72}},"122":{"start":{"line":308,"column":8},"end":{"line":308,"column":68}},"123":{"start":{"line":309,"column":8},"end":{"line":309,"column":70}},"124":{"start":{"line":310,"column":8},"end":{"line":310,"column":70}},"125":{"start":{"line":311,"column":8},"end":{"line":311,"column":43}},"126":{"start":{"line":312,"column":8},"end":{"line":312,"column":39}},"127":{"start":{"line":313,"column":8},"end":{"line":313,"column":41}},"128":{"start":{"line":314,"column":8},"end":{"line":314,"column":41}},"129":{"start":{"line":318,"column":8},"end":{"line":318,"column":64}},"130":{"start":{"line":319,"column":8},"end":{"line":319,"column":73}},"131":{"start":{"line":320,"column":8},"end":{"line":320,"column":13391}},"132":{"start":{"line":330,"column":8},"end":{"line":330,"column":53}},"133":{"start":{"line":334,"column":8},"end":{"line":334,"column":16}}},"branchMap":{"1":{"line":79,"type":"if","locations":[{"start":{"line":79,"column":8},"end":{"line":79,"column":8}},{"start":{"line":79,"column":8},"end":{"line":79,"column":8}}]},"2":{"line":94,"type":"if","locations":[{"start":{"line":94,"column":8},"end":{"line":94,"column":8}},{"start":{"line":94,"column":8},"end":{"line":94,"column":8}}]},"3":{"line":134,"type":"if","locations":[{"start":{"line":134,"column":8},"end":{"line":134,"column":8}},{"start":{"line":134,"column":8},"end":{"line":134,"column":8}}]},"4":{"line":143,"type":"if","locations":[{"start":{"line":143,"column":8},"end":{"line":143,"column":8}},{"start":{"line":143,"column":8},"end":{"line":143,"column":8}}]},"5":{"line":152,"type":"if","locations":[{"start":{"line":152,"column":8},"end":{"line":152,"column":8}},{"start":{"line":152,"column":8},"end":{"line":152,"column":8}}]},"6":{"line":161,"type":"if","locations":[{"start":{"line":161,"column":8},"end":{"line":161,"column":8}},{"start":{"line":161,"column":8},"end":{"line":161,"column":8}}]},"7":{"line":178,"type":"if","locations":[{"start":{"line":178,"column":12},"end":{"line":178,"column":12}},{"start":{"line":178,"column":12},"end":{"line":178,"column":12}}]},"8":{"line":199,"type":"if","locations":[{"start":{"line":199,"column":8},"end":{"line":199,"column":8}},{"start":{"line":199,"column":8},"end":{"line":199,"column":8}}]}}},
"contracts/xToken.sol":{"l":{"119":87,"120":87,"121":87,"122":87,"123":87,"124":87,"125":87,"126":87,"131":14,"132":13,"133":12,"134":11,"135":10,"136":10,"141":10,"143":9,"146":9,"148":9,"149":9,"151":9,"153":9,"154":9,"155":9,"157":9,"158":8,"159":8,"162":1,"163":1,"164":1,"165":1,"166":1,"167":1,"169":9,"170":9,"171":9,"172":9,"177":2,"182":1,"185":1,"188":1,"189":1,"193":5,"194":4,"195":4,"196":4,"197":4,"198":4,"199":4,"200":4,"204":1,"205":1,"206":1,"207":1,"208":1,"212":1,"213":1,"214":1,"215":1,"216":1,"217":1,"218":1,"219":1,"223":1,"224":1,"225":1,"226":1,"227":1,"231":1,"235":1,"240":6,"241":6,"242":6,"246":6,"247":6,"248":6,"252":2,"253":1,"258":1,"263":3,"267":1,"271":1,"275":13,"276":13,"280":1,"286":13,"287":13,"289":13,"293":2,"294":2,"304":2,"308":6,"309":5,"310":4,"311":4,"312":4,"313":4,"314":4,"315":4,"316":4,"317":4,"321":1},"path":"/home/andrey/landx/land-x-smart-contracts/contracts/xToken.sol","s":{"1":14,"2":13,"3":12,"4":11,"5":10,"6":10,"7":10,"8":9,"9":9,"10":9,"11":9,"12":9,"13":9,"14":9,"15":9,"16":8,"17":8,"18":1,"19":1,"20":1,"21":1,"22":1,"23":1,"24":9,"25":9,"26":9,"27":9,"28":2,"29":1,"30":1,"31":1,"32":1,"33":5,"34":4,"35":1,"36":1,"37":1,"38":1,"39":1,"40":1,"41":1,"42":1,"43":1,"44":1,"45":1,"46":1,"47":1,"48":6,"49":6,"50":6,"51":6,"52":6,"53":6,"54":2,"55":1,"56":13,"57":13,"58":13,"59":13,"60":13,"61":2,"62":2,"63":2,"64":6,"65":5,"66":4,"67":4,"68":4,"69":4,"70":4,"71":4,"72":4,"73":4,"74":1},"b":{"1":[13,1],"2":[12,1],"3":[11,1],"4":[10,1],"5":[10,0],"6":[10,0],"7":[9,1],"8":[8,1],"9":[1,1],"10":[1,0],"11":[1,1],"12":[1,1],"13":[3,1],"14":[1,1],"15":[1,1],"16":[1,1],"17":[5,1],"18":[4,1],"19":[4,0]},"f":{"1":87,"2":14,"3":2,"4":5,"5":1,"6":1,"7":1,"8":1,"9":1,"10":6,"11":6,"12":2,"13":1,"14":3,"15":1,"16":1,"17":13,"18":1,"19":13,"20":2,"21":6,"22":1},"fnMap":{"1":{"name":"constructor","line":117,"loc":{"start":{"line":105,"column":4},"end":{"line":127,"column":4}}},"2":{"name":"getShards","line":130,"loc":{"start":{"line":130,"column":4},"end":{"line":173,"column":4}}},"3":{"name":"getTheNFT","line":176,"loc":{"start":{"line":176,"column":4},"end":{"line":190,"column":4}}},"4":{"name":"stake","line":192,"loc":{"start":{"line":192,"column":4},"end":{"line":201,"column":4}}},"5":{"name":"unstake","line":203,"loc":{"start":{"line":203,"column":4},"end":{"line":209,"column":4}}},"6":{"name":"claim","line":211,"loc":{"start":{"line":211,"column":4},"end":{"line":220,"column":4}}},"7":{"name":"feeDistributor","line":222,"loc":{"start":{"line":222,"column":4},"end":{"line":228,"column":4}}},"8":{"name":"availableToClaim","line":230,"loc":{"start":{"line":230,"column":4},"end":{"line":232,"column":4}}},"9":{"name":"totalAvailableToClaim","line":234,"loc":{"start":{"line":234,"column":4},"end":{"line":236,"column":4}}},"10":{"name":"calculateYield","line":239,"loc":{"start":{"line":239,"column":4},"end":{"line":243,"column":4}}},"11":{"name":"calculateTotalYield","line":245,"loc":{"start":{"line":245,"column":4},"end":{"line":249,"column":4}}},"12":{"name":"xBasketTransfer","line":251,"loc":{"start":{"line":251,"column":4},"end":{"line":254,"column":4}}},"13":{"name":"changeLandXNFTAddress","line":257,"loc":{"start":{"line":257,"column":4},"end":{"line":259,"column":4}}},"14":{"name":"changeXBasketAddress","line":262,"loc":{"start":{"line":262,"column":4},"end":{"line":264,"column":4}}},"15":{"name":"setRentFoundation","line":266,"loc":{"start":{"line":266,"column":4},"end":{"line":268,"column":4}}},"16":{"name":"setOraclePrices","line":270,"loc":{"start":{"line":270,"column":4},"end":{"line":272,"column":4}}},"17":{"name":"_calcFee","line":274,"loc":{"start":{"line":274,"column":4},"end":{"line":277,"column":1}}},"18":{"name":"setXTokenRouter","line":279,"loc":{"start":{"line":279,"column":4},"end":{"line":281,"column":4}}},"19":{"name":"getAnnualRentAmount","line":284,"loc":{"start":{"line":284,"column":4},"end":{"line":290,"column":1}}},"20":{"name":"convertToUsdc","line":292,"loc":{"start":{"line":292,"column":4},"end":{"line":305,"column":4}}},"21":{"name":"preview","line":307,"loc":{"start":{"line":307,"column":4},"end":{"line":318,"column":4}}},"22":{"name":"decimals","line":320,"loc":{"start":{"line":320,"column":4},"end":{"line":322,"column":1}}}},"statementMap":{"1":{"start":{"line":131,"column":8},"end":{"line":131,"column":79}},"2":{"start":{"line":132,"column":8},"end":{"line":132,"column":77}},"3":{"start":{"line":133,"column":8},"end":{"line":133,"column":88}},"4":{"start":{"line":134,"column":8},"end":{"line":134,"column":114}},"5":{"start":{"line":135,"column":8},"end":{"line":135,"column":97}},"6":{"start":{"line":136,"column":8},"end":{"line":136,"column":5019}},"7":{"start":{"line":141,"column":8},"end":{"line":141,"column":91}},"8":{"start":{"line":146,"column":8},"end":{"line":146,"column":71}},"9":{"start":{"line":148,"column":8},"end":{"line":148,"column":106}},"10":{"start":{"line":149,"column":8},"end":{"line":149,"column":35}},"11":{"start":{"line":151,"column":8},"end":{"line":151,"column":38}},"12":{"start":{"line":153,"column":8},"end":{"line":153,"column":53}},"13":{"start":{"line":154,"column":8},"end":{"line":154,"column":140}},"14":{"start":{"line":155,"column":8},"end":{"line":155,"column":109}},"15":{"start":{"line":157,"column":8},"end":{"line":157,"column":5932}},"16":{"start":{"line":158,"column":12},"end":{"line":158,"column":98}},"17":{"start":{"line":159,"column":12},"end":{"line":159,"column":84}},"18":{"start":{"line":162,"column":12},"end":{"line":162,"column":48}},"19":{"start":{"line":163,"column":12},"end":{"line":163,"column":69}},"20":{"start":{"line":164,"column":12},"end":{"line":164,"column":98}},"21":{"start":{"line":165,"column":12},"end":{"line":165,"column":81}},"22":{"start":{"line":166,"column":12},"end":{"line":166,"column":86}},"23":{"start":{"line":167,"column":12},"end":{"line":167,"column":34}},"24":{"start":{"line":169,"column":9},"end":{"line":169,"column":101}},"25":{"start":{"line":170,"column":9},"end":{"line":170,"column":105}},"26":{"start":{"line":171,"column":9},"end":{"line":171,"column":54}},"27":{"start":{"line":172,"column":8},"end":{"line":172,"column":43}},"28":{"start":{"line":177,"column":8},"end":{"line":177,"column":7121}},"29":{"start":{"line":182,"column":8},"end":{"line":182,"column":105}},"30":{"start":{"line":185,"column":8},"end":{"line":185,"column":19}},"31":{"start":{"line":188,"column":8},"end":{"line":188,"column":71}},"32":{"start":{"line":189,"column":8},"end":{"line":189,"column":42}},"33":{"start":{"line":193,"column":8},"end":{"line":193,"column":51}},"34":{"start":{"line":194,"column":8},"end":{"line":194,"column":58}},"35":{"start":{"line":204,"column":8},"end":{"line":204,"column":51}},"36":{"start":{"line":205,"column":8},"end":{"line":205,"column":51}},"37":{"start":{"line":206,"column":8},"end":{"line":206,"column":14}},"38":{"start":{"line":212,"column":8},"end":{"line":212,"column":53}},"39":{"start":{"line":213,"column":8},"end":{"line":213,"column":58}},"40":{"start":{"line":215,"column":8},"end":{"line":215,"column":69}},"41":{"start":{"line":223,"column":8},"end":{"line":223,"column":82}},"42":{"start":{"line":224,"column":8},"end":{"line":224,"column":94}},"43":{"start":{"line":225,"column":8},"end":{"line":225,"column":42}},"44":{"start":{"line":226,"column":8},"end":{"line":226,"column":87}},"45":{"start":{"line":227,"column":8},"end":{"line":227,"column":97}},"46":{"start":{"line":231,"column":8},"end":{"line":231,"column":63}},"47":{"start":{"line":235,"column":8},"end":{"line":235,"column":49}},"48":{"start":{"line":240,"column":8},"end":{"line":240,"column":62}},"49":{"start":{"line":241,"column":8},"end":{"line":241,"column":40}},"50":{"start":{"line":242,"column":8},"end":{"line":242,"column":54}},"51":{"start":{"line":246,"column":8},"end":{"line":246,"column":72}},"52":{"start":{"line":247,"column":8},"end":{"line":247,"column":40}},"53":{"start":{"line":248,"column":8},"end":{"line":248,"column":64}},"54":{"start":{"line":252,"column":8},"end":{"line":252,"column":62}},"55":{"start":{"line":253,"column":8},"end":{"line":253,"column":48}},"56":{"start":{"line":275,"column":8},"end":{"line":275,"column":55}},"57":{"start":{"line":276,"column":2},"end":{"line":276,"column":31}},"58":{"start":{"line":286,"column":2},"end":{"line":286,"column":44}},"59":{"start":{"line":287,"column":2},"end":{"line":287,"column":47}},"60":{"start":{"line":289,"column":2},"end":{"line":289,"column":30}},"61":{"start":{"line":293,"column":8},"end":{"line":293,"column":80}},"62":{"start":{"line":294,"column":8},"end":{"line":294,"column":11552}},"63":{"start":{"line":304,"column":8},"end":{"line":304,"column":53}},"64":{"start":{"line":308,"column":8},"end":{"line":308,"column":78}},"65":{"start":{"line":309,"column":8},"end":{"line":309,"column":76}},"66":{"start":{"line":310,"column":8},"end":{"line":310,"column":102}},"67":{"start":{"line":311,"column":8},"end":{"line":311,"column":91}},"68":{"start":{"line":312,"column":8},"end":{"line":312,"column":52}},"69":{"start":{"line":313,"column":8},"end":{"line":313,"column":140}},"70":{"start":{"line":314,"column":8},"end":{"line":314,"column":109}},"71":{"start":{"line":315,"column":8},"end":{"line":315,"column":38}},"72":{"start":{"line":316,"column":8},"end":{"line":316,"column":90}},"73":{"start":{"line":317,"column":8},"end":{"line":317,"column":88}},"74":{"start":{"line":321,"column":8},"end":{"line":321,"column":16}}},"branchMap":{"1":{"line":131,"type":"if","locations":[{"start":{"line":131,"column":8},"end":{"line":131,"column":8}},{"start":{"line":131,"column":8},"end":{"line":131,"column":8}}]},"2":{"line":132,"type":"if","locations":[{"start":{"line":132,"column":8},"end":{"line":132,"column":8}},{"start":{"line":132,"column":8},"end":{"line":132,"column":8}}]},"3":{"line":133,"type":"if","locations":[{"start":{"line":133,"column":8},"end":{"line":133,"column":8}},{"start":{"line":133,"column":8},"end":{"line":133,"column":8}}]},"4":{"line":134,"type":"if","locations":[{"start":{"line":134,"column":8},"end":{"line":134,"column":8}},{"start":{"line":134,"column":8},"end":{"line":134,"column":8}}]},"5":{"line":135,"type":"if","locations":[{"start":{"line":135,"column":8},"end":{"line":135,"column":8}},{"start":{"line":135,"column":8},"end":{"line":135,"column":8}}]},"6":{"line":136,"type":"if","locations":[{"start":{"line":136,"column":8},"end":{"line":136,"column":8}},{"start":{"line":136,"column":8},"end":{"line":136,"column":8}}]},"7":{"line":141,"type":"if","locations":[{"start":{"line":141,"column":8},"end":{"line":141,"column":8}},{"start":{"line":141,"column":8},"end":{"line":141,"column":8}}]},"8":{"line":157,"type":"if","locations":[{"start":{"line":157,"column":8},"end":{"line":157,"column":8}},{"start":{"line":157,"column":8},"end":{"line":157,"column":8}}]},"9":{"line":177,"type":"if","locations":[{"start":{"line":177,"column":8},"end":{"line":177,"column":8}},{"start":{"line":177,"column":8},"end":{"line":177,"column":8}}]},"10":{"line":204,"type":"if","locations":[{"start":{"line":204,"column":8},"end":{"line":204,"column":8}},{"start":{"line":204,"column":8},"end":{"line":204,"column":8}}]},"11":{"line":252,"type":"if","locations":[{"start":{"line":252,"column":8},"end":{"line":252,"column":8}},{"start":{"line":252,"column":8},"end":{"line":252,"column":8}}]},"12":{"line":257,"type":"if","locations":[{"start":{"line":257,"column":63},"end":{"line":257,"column":63}},{"start":{"line":257,"column":63},"end":{"line":257,"column":63}}]},"13":{"line":262,"type":"if","locations":[{"start":{"line":262,"column":62},"end":{"line":262,"column":62}},{"start":{"line":262,"column":62},"end":{"line":262,"column":62}}]},"14":{"line":266,"type":"if","locations":[{"start":{"line":266,"column":56},"end":{"line":266,"column":56}},{"start":{"line":266,"column":56},"end":{"line":266,"column":56}}]},"15":{"line":270,"type":"if","locations":[{"start":{"line":270,"column":59},"end":{"line":270,"column":59}},{"start":{"line":270,"column":59},"end":{"line":270,"column":59}}]},"16":{"line":279,"type":"if","locations":[{"start":{"line":279,"column":53},"end":{"line":279,"column":53}},{"start":{"line":279,"column":53},"end":{"line":279,"column":53}}]},"17":{"line":308,"type":"if","locations":[{"start":{"line":308,"column":8},"end":{"line":308,"column":8}},{"start":{"line":308,"column":8},"end":{"line":308,"column":8}}]},"18":{"line":309,"type":"if","locations":[{"start":{"line":309,"column":8},"end":{"line":309,"column":8}},{"start":{"line":309,"column":8},"end":{"line":309,"column":8}}]},"19":{"line":310,"type":"if","locations":[{"start":{"line":310,"column":8},"end":{"line":310,"column":8}},{"start":{"line":310,"column":8},"end":{"line":310,"column":8}}]}}},
"contracts/xTokenRouter.sol":{"l":{"21":3,"22":0,"27":0,"32":0},"path":"/home/andrey/landx/land-x-smart-contracts/contracts/xTokenRouter.sol","s":{"1":0,"2":0},"b":{"1":[0,0]},"f":{"1":3,"2":0,"3":0},"fnMap":{"1":{"name":"setToken","line":19,"loc":{"start":{"line":19,"column":4},"end":{"line":23,"column":4}}},"2":{"name":"getXToken","line":25,"loc":{"start":{"line":25,"column":4},"end":{"line":28,"column":4}}},"3":{"name":"getCToken","line":30,"loc":{"start":{"line":30,"column":4},"end":{"line":33,"column":4}}}},"statementMap":{"1":{"start":{"line":27,"column":8},"end":{"line":27,"column":34}},"2":{"start":{"line":32,"column":8},"end":{"line":32,"column":34}}},"branchMap":{"1":{"line":19,"type":"if","locations":[{"start":{"line":19,"column":81},"end":{"line":19,"column":81}},{"start":{"line":19,"column":81},"end":{"line":19,"column":81}}]}}}}
