{
"contracts/cToken.sol":{"l":{"25":39,"26":39,"27":39,"32":8,"36":7,"40":6,"41":3,"45":1,"49":1,"53":1},"path":"/home/andrey/landx/land-x-smart-contracts/contracts/cToken.sol","s":{"1":8,"2":7,"3":6,"4":3,"5":1},"b":{"1":[7,1],"2":[1,1],"3":[1,1]},"f":{"1":39,"2":8,"3":6,"4":1,"5":1,"6":1},"fnMap":{"1":{"name":"constructor","line":23,"loc":{"start":{"line":22,"column":4},"end":{"line":28,"column":4}}},"2":{"name":"mint","line":31,"loc":{"start":{"line":31,"column":4},"end":{"line":37,"column":4}}},"3":{"name":"burn","line":39,"loc":{"start":{"line":39,"column":4},"end":{"line":42,"column":4}}},"4":{"name":"setRentFoundation","line":44,"loc":{"start":{"line":44,"column":4},"end":{"line":46,"column":4}}},"5":{"name":"setXTokenRouter","line":48,"loc":{"start":{"line":48,"column":4},"end":{"line":50,"column":4}}},"6":{"name":"decimals","line":52,"loc":{"start":{"line":52,"column":4},"end":{"line":54,"column":4}}}},"statementMap":{"1":{"start":{"line":32,"column":8},"end":{"line":32,"column":1108}},"2":{"start":{"line":36,"column":8},"end":{"line":36,"column":29}},"3":{"start":{"line":40,"column":8},"end":{"line":40,"column":52}},"4":{"start":{"line":41,"column":8},"end":{"line":41,"column":32}},"5":{"start":{"line":53,"column":8},"end":{"line":53,"column":16}}},"branchMap":{"1":{"line":32,"type":"if","locations":[{"start":{"line":32,"column":8},"end":{"line":32,"column":8}},{"start":{"line":32,"column":8},"end":{"line":32,"column":8}}]},"2":{"line":44,"type":"if","locations":[{"start":{"line":44,"column":56},"end":{"line":44,"column":56}},{"start":{"line":44,"column":56},"end":{"line":44,"column":56}}]},"3":{"line":48,"type":"if","locations":[{"start":{"line":48,"column":53},"end":{"line":48,"column":53}},{"start":{"line":48,"column":53},"end":{"line":48,"column":53}}]}}},
"contracts/KeyProtocolVariables.sol":{"l":{"42":81,"43":81,"44":81,"45":81,"46":81,"48":81,"49":81,"50":81,"51":81,"52":81,"56":2,"57":1,"61":2,"62":1,"66":2,"67":1,"73":2,"74":1,"78":2,"79":1,"83":2,"84":1,"91":3,"92":2,"96":1,"97":1,"98":1,"105":2,"106":1,"110":2,"111":1,"115":2,"116":1,"120":2,"121":1,"125":2,"126":1,"130":2,"131":1},"path":"/home/andrey/landx/land-x-smart-contracts/contracts/KeyProtocolVariables.sol","s":{"1":2,"2":2,"3":2,"4":2,"5":2,"6":2,"7":3,"8":2,"9":2,"10":2,"11":2,"12":2,"13":2,"14":2},"b":{"1":[1,1],"2":[1,1],"3":[1,1],"4":[1,1],"5":[1,1],"6":[1,1],"7":[2,1],"8":[1,1],"9":[1,1],"10":[1,1],"11":[1,1],"12":[1,1],"13":[1,1],"14":[1,1]},"f":{"1":81,"2":2,"3":2,"4":2,"5":2,"6":2,"7":2,"8":3,"9":2,"10":2,"11":2,"12":2,"13":2,"14":2},"fnMap":{"1":{"name":"constructor","line":34,"loc":{"start":{"line":34,"column":4},"end":{"line":53,"column":4}}},"2":{"name":"updateXTokenMintFee","line":55,"loc":{"start":{"line":55,"column":4},"end":{"line":58,"column":4}}},"3":{"name":"updateCTokenSellFee","line":60,"loc":{"start":{"line":60,"column":4},"end":{"line":63,"column":4}}},"4":{"name":"updatePayRentFee","line":65,"loc":{"start":{"line":65,"column":4},"end":{"line":68,"column":4}}},"5":{"name":"updateMaxAllowableCropShare","line":70,"loc":{"start":{"line":70,"column":4},"end":{"line":75,"column":4}}},"6":{"name":"updateHedgeFundAllocation","line":77,"loc":{"start":{"line":77,"column":4},"end":{"line":80,"column":4}}},"7":{"name":"updateSecurityDepositMonths","line":82,"loc":{"start":{"line":82,"column":4},"end":{"line":85,"column":4}}},"8":{"name":"updateFeeDistributionPercentage","line":87,"loc":{"start":{"line":87,"column":4},"end":{"line":102,"column":4}}},"9":{"name":"updateHedgeFundWallet","line":104,"loc":{"start":{"line":104,"column":4},"end":{"line":107,"column":4}}},"10":{"name":"updateLandxOperationalWallet","line":109,"loc":{"start":{"line":109,"column":4},"end":{"line":112,"column":4}}},"11":{"name":"updateLandxChoiceWallet","line":114,"loc":{"start":{"line":114,"column":4},"end":{"line":117,"column":4}}},"12":{"name":"updateXTokensSecurityWallet","line":119,"loc":{"start":{"line":119,"column":4},"end":{"line":122,"column":4}}},"13":{"name":"updateValidatorCommisionWallet","line":124,"loc":{"start":{"line":124,"column":4},"end":{"line":127,"column":4}}},"14":{"name":"launch","line":129,"loc":{"start":{"line":129,"column":4},"end":{"line":132,"column":4}}}},"statementMap":{"1":{"start":{"line":56,"column":8},"end":{"line":56,"column":62}},"2":{"start":{"line":61,"column":8},"end":{"line":61,"column":62}},"3":{"start":{"line":66,"column":8},"end":{"line":66,"column":62}},"4":{"start":{"line":73,"column":8},"end":{"line":73,"column":62}},"5":{"start":{"line":78,"column":8},"end":{"line":78,"column":62}},"6":{"start":{"line":83,"column":8},"end":{"line":83,"column":62}},"7":{"start":{"line":91,"column":8},"end":{"line":91,"column":62}},"8":{"start":{"line":92,"column":8},"end":{"line":92,"column":2962}},"9":{"start":{"line":105,"column":8},"end":{"line":105,"column":62}},"10":{"start":{"line":110,"column":8},"end":{"line":110,"column":62}},"11":{"start":{"line":115,"column":8},"end":{"line":115,"column":62}},"12":{"start":{"line":120,"column":8},"end":{"line":120,"column":62}},"13":{"start":{"line":125,"column":8},"end":{"line":125,"column":62}},"14":{"start":{"line":130,"column":8},"end":{"line":130,"column":62}}},"branchMap":{"1":{"line":56,"type":"if","locations":[{"start":{"line":56,"column":8},"end":{"line":56,"column":8}},{"start":{"line":56,"column":8},"end":{"line":56,"column":8}}]},"2":{"line":61,"type":"if","locations":[{"start":{"line":61,"column":8},"end":{"line":61,"column":8}},{"start":{"line":61,"column":8},"end":{"line":61,"column":8}}]},"3":{"line":66,"type":"if","locations":[{"start":{"line":66,"column":8},"end":{"line":66,"column":8}},{"start":{"line":66,"column":8},"end":{"line":66,"column":8}}]},"4":{"line":73,"type":"if","locations":[{"start":{"line":73,"column":8},"end":{"line":73,"column":8}},{"start":{"line":73,"column":8},"end":{"line":73,"column":8}}]},"5":{"line":78,"type":"if","locations":[{"start":{"line":78,"column":8},"end":{"line":78,"column":8}},{"start":{"line":78,"column":8},"end":{"line":78,"column":8}}]},"6":{"line":83,"type":"if","locations":[{"start":{"line":83,"column":8},"end":{"line":83,"column":8}},{"start":{"line":83,"column":8},"end":{"line":83,"column":8}}]},"7":{"line":91,"type":"if","locations":[{"start":{"line":91,"column":8},"end":{"line":91,"column":8}},{"start":{"line":91,"column":8},"end":{"line":91,"column":8}}]},"8":{"line":92,"type":"if","locations":[{"start":{"line":92,"column":8},"end":{"line":92,"column":8}},{"start":{"line":92,"column":8},"end":{"line":92,"column":8}}]},"9":{"line":105,"type":"if","locations":[{"start":{"line":105,"column":8},"end":{"line":105,"column":8}},{"start":{"line":105,"column":8},"end":{"line":105,"column":8}}]},"10":{"line":110,"type":"if","locations":[{"start":{"line":110,"column":8},"end":{"line":110,"column":8}},{"start":{"line":110,"column":8},"end":{"line":110,"column":8}}]},"11":{"line":115,"type":"if","locations":[{"start":{"line":115,"column":8},"end":{"line":115,"column":8}},{"start":{"line":115,"column":8},"end":{"line":115,"column":8}}]},"12":{"line":120,"type":"if","locations":[{"start":{"line":120,"column":8},"end":{"line":120,"column":8}},{"start":{"line":120,"column":8},"end":{"line":120,"column":8}}]},"13":{"line":125,"type":"if","locations":[{"start":{"line":125,"column":8},"end":{"line":125,"column":8}},{"start":{"line":125,"column":8},"end":{"line":125,"column":8}}]},"14":{"line":130,"type":"if","locations":[{"start":{"line":130,"column":8},"end":{"line":130,"column":8}},{"start":{"line":130,"column":8},"end":{"line":130,"column":8}}]}}},
"contracts/nft.sol":{"l":{"34":126,"35":126,"49":41,"50":40,"54":39,"55":39,"56":39,"57":39,"58":39,"59":39,"60":39,"61":39,"62":39,"71":3,"75":2,"76":2,"80":3,"84":2,"88":1,"100":2,"101":1,"103":1,"104":1,"105":1,"106":1,"107":1,"109":1,"110":1,"111":1,"112":1,"113":1,"114":1,"115":1,"116":1,"118":1},"path":"/home/andrey/landx/land-x-smart-contracts/contracts/nft.sol","s":{"1":41,"2":40,"3":39,"4":3,"5":2,"6":2,"7":2,"8":1,"9":1,"10":1,"11":1,"12":1,"13":1,"14":1,"15":1,"16":1,"17":1},"b":{"1":[41,0],"2":[40,1],"3":[39,1],"4":[2,1],"5":[1,1],"6":[3,1],"7":[1,1],"8":[1,1]},"f":{"1":126,"2":41,"3":3,"4":3,"5":2,"6":1,"7":2},"fnMap":{"1":{"name":"constructor","line":32,"loc":{"start":{"line":31,"column":4},"end":{"line":36,"column":4}}},"2":{"name":"setDetailsAndMint","line":48,"loc":{"start":{"line":39,"column":4},"end":{"line":63,"column":4}}},"3":{"name":"burn","line":66,"loc":{"start":{"line":66,"column":4},"end":{"line":77,"column":4}}},"4":{"name":"setBaseURI","line":79,"loc":{"start":{"line":79,"column":4},"end":{"line":81,"column":4}}},"5":{"name":"uri","line":83,"loc":{"start":{"line":83,"column":4},"end":{"line":85,"column":4}}},"6":{"name":"setXTokenRouter","line":87,"loc":{"start":{"line":87,"column":4},"end":{"line":89,"column":4}}},"7":{"name":"uint2str","line":95,"loc":{"start":{"line":95,"column":4},"end":{"line":119,"column":4}}}},"statementMap":{"1":{"start":{"line":49,"column":8},"end":{"line":49,"column":66}},"2":{"start":{"line":50,"column":8},"end":{"line":50,"column":1807}},"3":{"start":{"line":62,"column":8},"end":{"line":62,"column":38}},"4":{"start":{"line":71,"column":8},"end":{"line":71,"column":2448}},"5":{"start":{"line":75,"column":8},"end":{"line":75,"column":32}},"6":{"start":{"line":84,"column":8},"end":{"line":84,"column":73}},"7":{"start":{"line":100,"column":8},"end":{"line":100,"column":3282}},"8":{"start":{"line":101,"column":12},"end":{"line":101,"column":22}},"9":{"start":{"line":103,"column":8},"end":{"line":103,"column":22}},"10":{"start":{"line":104,"column":8},"end":{"line":104,"column":19}},"11":{"start":{"line":105,"column":8},"end":{"line":105,"column":3384}},"12":{"start":{"line":109,"column":8},"end":{"line":109,"column":42}},"13":{"start":{"line":110,"column":8},"end":{"line":110,"column":23}},"14":{"start":{"line":111,"column":8},"end":{"line":111,"column":3528}},"15":{"start":{"line":113,"column":12},"end":{"line":113,"column":58}},"16":{"start":{"line":114,"column":12},"end":{"line":114,"column":36}},"17":{"start":{"line":118,"column":8},"end":{"line":118,"column":27}}},"branchMap":{"1":{"line":48,"type":"if","locations":[{"start":{"line":48,"column":13},"end":{"line":48,"column":13}},{"start":{"line":48,"column":13},"end":{"line":48,"column":13}}]},"2":{"line":49,"type":"if","locations":[{"start":{"line":49,"column":8},"end":{"line":49,"column":8}},{"start":{"line":49,"column":8},"end":{"line":49,"column":8}}]},"3":{"line":50,"type":"if","locations":[{"start":{"line":50,"column":8},"end":{"line":50,"column":8}},{"start":{"line":50,"column":8},"end":{"line":50,"column":8}}]},"4":{"line":71,"type":"if","locations":[{"start":{"line":71,"column":8},"end":{"line":71,"column":8}},{"start":{"line":71,"column":8},"end":{"line":71,"column":8}}]},"5":{"line":72,"type":"cond-expr","locations":[{"start":{"line":72,"column":12},"end":{"line":72,"column":34}},{"start":{"line":72,"column":39},"end":{"line":72,"column":77}}]},"6":{"line":79,"type":"if","locations":[{"start":{"line":79,"column":53},"end":{"line":79,"column":53}},{"start":{"line":79,"column":53},"end":{"line":79,"column":53}}]},"7":{"line":87,"type":"if","locations":[{"start":{"line":87,"column":53},"end":{"line":87,"column":53}},{"start":{"line":87,"column":53},"end":{"line":87,"column":53}}]},"8":{"line":100,"type":"if","locations":[{"start":{"line":100,"column":8},"end":{"line":100,"column":8}},{"start":{"line":100,"column":8},"end":{"line":100,"column":8}}]}}},
"contracts/OraclePrices.sol":{"l":{"59":33,"61":33,"62":33,"63":33,"64":33,"66":33,"67":33,"68":33,"69":33,"70":33,"71":33,"75":3,"76":2,"77":1,"81":3,"82":2,"83":1,"87":4,"88":1,"91":3,"92":3,"93":1,"96":2,"97":2,"99":2,"100":2,"101":1,"106":1,"111":4},"path":"/home/andrey/landx/land-x-smart-contracts/contracts/OraclePrices.sol","s":{"1":33,"2":3,"3":2,"4":3,"5":2,"6":4,"7":1,"8":3,"9":3,"10":1,"11":2,"12":2,"13":2,"14":1,"15":1,"16":4},"b":{"1":[2,1],"2":[1,1],"3":[2,1],"4":[1,1],"5":[1,3],"6":[1,2],"7":[1,1]},"f":{"1":33,"2":3,"3":3,"4":4,"5":4},"fnMap":{"1":{"name":"constructor","line":50,"loc":{"start":{"line":50,"column":4},"end":{"line":72,"column":4}}},"2":{"name":"setGrainPrice","line":74,"loc":{"start":{"line":74,"column":4},"end":{"line":78,"column":4}}},"3":{"name":"setXTokenPrice","line":80,"loc":{"start":{"line":80,"column":4},"end":{"line":84,"column":4}}},"4":{"name":"getXTokenPrice","line":86,"loc":{"start":{"line":86,"column":4},"end":{"line":108,"column":4}}},"5":{"name":"getXtokenPool","line":110,"loc":{"start":{"line":110,"column":4},"end":{"line":112,"column":4}}}},"statementMap":{"1":{"start":{"line":59,"column":8},"end":{"line":59,"column":47}},"2":{"start":{"line":75,"column":8},"end":{"line":75,"column":74}},"3":{"start":{"line":76,"column":8},"end":{"line":76,"column":65}},"4":{"start":{"line":81,"column":8},"end":{"line":81,"column":74}},"5":{"start":{"line":82,"column":8},"end":{"line":82,"column":65}},"6":{"start":{"line":87,"column":8},"end":{"line":87,"column":2637}},"7":{"start":{"line":88,"column":12},"end":{"line":88,"column":39}},"8":{"start":{"line":91,"column":8},"end":{"line":91,"column":44}},"9":{"start":{"line":92,"column":8},"end":{"line":92,"column":2788}},"10":{"start":{"line":93,"column":12},"end":{"line":93,"column":39}},"11":{"start":{"line":96,"column":8},"end":{"line":96,"column":56}},"12":{"start":{"line":97,"column":8},"end":{"line":97,"column":28}},"13":{"start":{"line":100,"column":8},"end":{"line":100,"column":3028}},"14":{"start":{"line":101,"column":12},"end":{"line":101,"column":3087}},"15":{"start":{"line":106,"column":8},"end":{"line":106,"column":3232}},"16":{"start":{"line":111,"column":8},"end":{"line":111,"column":76}}},"branchMap":{"1":{"line":75,"type":"if","locations":[{"start":{"line":75,"column":8},"end":{"line":75,"column":8}},{"start":{"line":75,"column":8},"end":{"line":75,"column":8}}]},"2":{"line":76,"type":"if","locations":[{"start":{"line":76,"column":8},"end":{"line":76,"column":8}},{"start":{"line":76,"column":8},"end":{"line":76,"column":8}}]},"3":{"line":81,"type":"if","locations":[{"start":{"line":81,"column":8},"end":{"line":81,"column":8}},{"start":{"line":81,"column":8},"end":{"line":81,"column":8}}]},"4":{"line":82,"type":"if","locations":[{"start":{"line":82,"column":8},"end":{"line":82,"column":8}},{"start":{"line":82,"column":8},"end":{"line":82,"column":8}}]},"5":{"line":87,"type":"if","locations":[{"start":{"line":87,"column":8},"end":{"line":87,"column":8}},{"start":{"line":87,"column":8},"end":{"line":87,"column":8}}]},"6":{"line":92,"type":"if","locations":[{"start":{"line":92,"column":8},"end":{"line":92,"column":8}},{"start":{"line":92,"column":8},"end":{"line":92,"column":8}}]},"7":{"line":100,"type":"if","locations":[{"start":{"line":100,"column":8},"end":{"line":100,"column":8}},{"start":{"line":100,"column":8},"end":{"line":100,"column":8}}]}}},
"contracts/rentFoundation.sol":{"l":{"88":48,"89":48,"90":48,"95":3,"96":2,"100":1,"101":1,"103":1,"108":1,"112":1,"114":1,"115":1,"116":1,"121":8,"122":8,"126":7,"130":6,"131":6,"132":6,"133":6,"137":4,"138":4,"139":4,"141":4,"147":2,"148":2,"149":1,"150":1,"152":1,"153":1,"157":2,"159":2,"161":2,"162":2,"163":2,"167":2,"174":17,"178":17,"183":17},"path":"/home/andrey/landx/land-x-smart-contracts/contracts/rentFoundation.sol","s":{"1":3,"2":2,"3":1,"4":1,"5":1,"6":1,"7":1,"8":1,"9":1,"10":8,"11":8,"12":7,"13":6,"14":4,"15":4,"16":4,"17":4,"18":2,"19":2,"20":1,"21":1,"22":1,"23":1,"24":2,"25":2,"26":2,"27":2,"28":2,"29":2},"b":{"1":[2,1],"2":[1,1],"3":[7,1],"4":[6,1],"5":[1,1],"6":[17,1],"7":[17,1],"8":[17,1]},"f":{"1":48,"2":3,"3":8,"4":4,"5":2,"6":2,"7":17,"8":17,"9":17},"fnMap":{"1":{"name":"constructor","line":83,"loc":{"start":{"line":83,"column":4},"end":{"line":91,"column":4}}},"2":{"name":"payRent","line":94,"loc":{"start":{"line":94,"column":4},"end":{"line":117,"column":4}}},"3":{"name":"payInitialRent","line":120,"loc":{"start":{"line":120,"column":4},"end":{"line":134,"column":4}}},"4":{"name":"getDepositBalance","line":136,"loc":{"start":{"line":136,"column":4},"end":{"line":144,"column":4}}},"5":{"name":"sellCToken","line":146,"loc":{"start":{"line":146,"column":4},"end":{"line":154,"column":4}}},"6":{"name":"feeDistributor","line":156,"loc":{"start":{"line":156,"column":4},"end":{"line":171,"column":4}}},"7":{"name":"setXTokenRouter","line":173,"loc":{"start":{"line":173,"column":4},"end":{"line":175,"column":4}}},"8":{"name":"setGrainPrices","line":177,"loc":{"start":{"line":177,"column":4},"end":{"line":179,"column":4}}},"9":{"name":"changeLandXNFTAddress","line":182,"loc":{"start":{"line":182,"column":4},"end":{"line":184,"column":4}}}},"statementMap":{"1":{"start":{"line":95,"column":8},"end":{"line":95,"column":75}},"2":{"start":{"line":96,"column":8},"end":{"line":96,"column":2773}},"3":{"start":{"line":100,"column":8},"end":{"line":100,"column":79}},"4":{"start":{"line":101,"column":8},"end":{"line":101,"column":3030}},"5":{"start":{"line":103,"column":8},"end":{"line":103,"column":3081}},"6":{"start":{"line":108,"column":8},"end":{"line":108,"column":3282}},"7":{"start":{"line":112,"column":8},"end":{"line":112,"column":3445}},"8":{"start":{"line":114,"column":8},"end":{"line":114,"column":34}},"9":{"start":{"line":116,"column":8},"end":{"line":116,"column":43}},"10":{"start":{"line":121,"column":8},"end":{"line":121,"column":51}},"11":{"start":{"line":122,"column":8},"end":{"line":122,"column":3846}},"12":{"start":{"line":126,"column":8},"end":{"line":126,"column":3962}},"13":{"start":{"line":133,"column":8},"end":{"line":133,"column":45}},"14":{"start":{"line":137,"column":8},"end":{"line":137,"column":78}},"15":{"start":{"line":138,"column":8},"end":{"line":138,"column":40}},"16":{"start":{"line":139,"column":8},"end":{"line":139,"column":4533}},"17":{"start":{"line":141,"column":8},"end":{"line":141,"column":4658}},"18":{"start":{"line":147,"column":8},"end":{"line":147,"column":53}},"19":{"start":{"line":148,"column":8},"end":{"line":148,"column":77}},"20":{"start":{"line":149,"column":8},"end":{"line":149,"column":74}},"21":{"start":{"line":150,"column":8},"end":{"line":150,"column":5060}},"22":{"start":{"line":152,"column":8},"end":{"line":152,"column":56}},"23":{"start":{"line":153,"column":8},"end":{"line":153,"column":35}},"24":{"start":{"line":157,"column":8},"end":{"line":157,"column":5281}},"25":{"start":{"line":159,"column":8},"end":{"line":159,"column":5429}},"26":{"start":{"line":161,"column":8},"end":{"line":161,"column":35}},"27":{"start":{"line":162,"column":8},"end":{"line":162,"column":43}},"28":{"start":{"line":163,"column":8},"end":{"line":163,"column":5564}},"29":{"start":{"line":167,"column":8},"end":{"line":167,"column":5681}}},"branchMap":{"1":{"line":95,"type":"if","locations":[{"start":{"line":95,"column":8},"end":{"line":95,"column":8}},{"start":{"line":95,"column":8},"end":{"line":95,"column":8}}]},"2":{"line":96,"type":"if","locations":[{"start":{"line":96,"column":8},"end":{"line":96,"column":8}},{"start":{"line":96,"column":8},"end":{"line":96,"column":8}}]},"3":{"line":122,"type":"if","locations":[{"start":{"line":122,"column":8},"end":{"line":122,"column":8}},{"start":{"line":122,"column":8},"end":{"line":122,"column":8}}]},"4":{"line":126,"type":"if","locations":[{"start":{"line":126,"column":8},"end":{"line":126,"column":8}},{"start":{"line":126,"column":8},"end":{"line":126,"column":8}}]},"5":{"line":148,"type":"if","locations":[{"start":{"line":148,"column":8},"end":{"line":148,"column":8}},{"start":{"line":148,"column":8},"end":{"line":148,"column":8}}]},"6":{"line":173,"type":"if","locations":[{"start":{"line":173,"column":53},"end":{"line":173,"column":53}},{"start":{"line":173,"column":53},"end":{"line":173,"column":53}}]},"7":{"line":177,"type":"if","locations":[{"start":{"line":177,"column":57},"end":{"line":177,"column":57}},{"start":{"line":177,"column":57},"end":{"line":177,"column":57}}]},"8":{"line":182,"type":"if","locations":[{"start":{"line":182,"column":63},"end":{"line":182,"column":63}},{"start":{"line":182,"column":63},"end":{"line":182,"column":63}}]}}},
"contracts/xBasket.sol":{"l":{"63":33,"64":33,"65":33,"66":33,"67":33,"68":33,"69":33,"70":33,"71":33,"72":33,"73":33,"74":33,"79":1,"84":0,"93":1,"101":12,"102":12,"103":12,"104":8,"106":4,"108":12,"117":1,"121":4,"122":4,"123":4,"124":2,"126":2,"127":2,"137":8,"147":3,"157":1,"167":0,"177":7,"187":2,"197":1,"207":0,"216":8,"221":7,"222":7,"224":7,"233":3,"235":2,"236":2,"238":2,"246":1,"251":1,"252":1,"254":1,"262":0,"264":0,"265":0,"267":0,"275":11,"276":11,"277":11,"278":11,"279":11,"285":11,"286":11,"287":11,"288":44,"289":0,"292":11,"301":9,"302":9,"303":9,"304":9,"305":9,"306":9,"307":9,"308":9,"309":9,"310":9,"320":1,"321":0,"323":1,"325":1,"326":1,"327":1,"328":1,"329":1,"330":1,"331":1,"332":1,"333":1,"334":1,"340":16,"341":16,"342":16,"343":16,"345":16,"346":16,"347":16,"348":16,"351":16,"352":16,"353":16,"354":16,"357":16,"358":16,"359":16,"360":16,"361":16,"362":16,"368":16,"369":16,"370":16,"371":16,"372":16,"375":16,"376":16,"377":16,"378":16,"381":16,"382":16,"386":16,"390":16,"394":16,"398":16,"403":16,"404":16,"405":16,"406":16,"411":0,"412":0,"413":0,"414":0,"419":1,"420":1,"421":1,"422":1,"423":1,"424":1,"425":1,"426":1,"428":1,"429":1,"431":1,"432":1,"434":1,"435":1,"437":1,"438":1,"440":1,"441":1,"442":1,"443":1,"444":1,"445":1,"446":1,"447":1,"451":4,"452":4,"453":4,"464":4,"474":1},"path":"/home/andrey/landx/land-x-smart-contracts/contracts/xBasket.sol","s":{"1":1,"2":0,"3":1,"4":12,"5":12,"6":12,"7":12,"8":1,"9":4,"10":4,"11":4,"12":2,"13":2,"14":2,"15":8,"16":3,"17":1,"18":0,"19":7,"20":2,"21":1,"22":0,"23":8,"24":7,"25":7,"26":7,"27":3,"28":2,"29":2,"30":2,"31":1,"32":1,"33":1,"34":1,"35":0,"36":0,"37":0,"38":0,"39":11,"40":11,"41":11,"42":11,"43":11,"44":11,"45":11,"46":11,"47":44,"48":11,"49":9,"50":9,"51":9,"52":9,"53":9,"54":9,"55":9,"56":9,"57":9,"58":9,"59":1,"60":0,"61":1,"62":1,"63":1,"64":1,"65":1,"66":1,"67":1,"68":1,"69":1,"70":1,"71":1,"72":16,"73":16,"74":16,"75":16,"76":16,"77":16,"78":16,"79":16,"80":16,"81":16,"82":16,"83":16,"84":16,"85":16,"86":16,"87":16,"88":16,"89":16,"90":16,"91":16,"92":16,"93":16,"94":16,"95":16,"96":16,"97":16,"98":16,"99":16,"100":16,"101":0,"102":0,"103":0,"104":0,"105":1,"106":1,"107":1,"108":1,"109":1,"110":1,"111":1,"112":1,"113":1,"114":1,"115":1,"116":1,"117":1,"118":1,"119":1,"120":1,"121":1,"122":1,"123":1,"124":1,"125":1,"126":1,"127":1,"128":1,"129":4,"130":4,"131":4,"132":4,"133":1},"b":{"1":[8,4],"2":[2,2],"3":[7,1],"4":[2,1],"5":[1,0],"6":[0,0],"7":[0,44],"8":[0,1]},"f":{"1":33,"2":1,"3":0,"4":1,"5":12,"6":1,"7":4,"8":8,"9":3,"10":1,"11":0,"12":7,"13":2,"14":1,"15":0,"16":8,"17":3,"18":1,"19":0,"20":11,"21":9,"22":1,"23":16,"24":16,"25":16,"26":0,"27":1,"28":4,"29":1},"fnMap":{"1":{"name":"constructor","line":62,"loc":{"start":{"line":58,"column":4},"end":{"line":75,"column":4}}},"2":{"name":"asset","line":78,"loc":{"start":{"line":78,"column":4},"end":{"line":80,"column":4}}},"3":{"name":"totalAssets","line":83,"loc":{"start":{"line":83,"column":4},"end":{"line":85,"column":4}}},"4":{"name":"convertToShares","line":87,"loc":{"start":{"line":87,"column":4},"end":{"line":94,"column":4}}},"5":{"name":"_convertToShares","line":96,"loc":{"start":{"line":96,"column":4},"end":{"line":109,"column":4}}},"6":{"name":"convertToAssets","line":111,"loc":{"start":{"line":111,"column":4},"end":{"line":118,"column":4}}},"7":{"name":"_convertToAssets","line":120,"loc":{"start":{"line":120,"column":4},"end":{"line":128,"column":4}}},"8":{"name":"maxDeposit","line":130,"loc":{"start":{"line":130,"column":4},"end":{"line":138,"column":4}}},"9":{"name":"maxMint","line":140,"loc":{"start":{"line":140,"column":4},"end":{"line":148,"column":4}}},"10":{"name":"maxWithdraw","line":150,"loc":{"start":{"line":150,"column":4},"end":{"line":158,"column":4}}},"11":{"name":"maxRedeem","line":160,"loc":{"start":{"line":160,"column":4},"end":{"line":168,"column":4}}},"12":{"name":"previewDeposit","line":170,"loc":{"start":{"line":170,"column":4},"end":{"line":178,"column":4}}},"13":{"name":"previewMint","line":180,"loc":{"start":{"line":180,"column":4},"end":{"line":188,"column":4}}},"14":{"name":"previewWithdraw","line":190,"loc":{"start":{"line":190,"column":4},"end":{"line":198,"column":4}}},"15":{"name":"previewRedeem","line":200,"loc":{"start":{"line":200,"column":4},"end":{"line":208,"column":4}}},"16":{"name":"deposit","line":210,"loc":{"start":{"line":210,"column":4},"end":{"line":225,"column":4}}},"17":{"name":"mint","line":227,"loc":{"start":{"line":227,"column":4},"end":{"line":239,"column":4}}},"18":{"name":"withdraw","line":241,"loc":{"start":{"line":241,"column":4},"end":{"line":255,"column":4}}},"19":{"name":"redeem","line":257,"loc":{"start":{"line":257,"column":4},"end":{"line":268,"column":4}}},"20":{"name":"_findMinAssetBalanceValue","line":270,"loc":{"start":{"line":270,"column":4},"end":{"line":293,"column":4}}},"21":{"name":"_deposit","line":295,"loc":{"start":{"line":295,"column":4},"end":{"line":311,"column":4}}},"22":{"name":"_withdraw","line":313,"loc":{"start":{"line":313,"column":4},"end":{"line":335,"column":4}}},"23":{"name":"calculateCollateral","line":338,"loc":{"start":{"line":338,"column":4},"end":{"line":363,"column":4}}},"24":{"name":"calculateYield","line":366,"loc":{"start":{"line":366,"column":4},"end":{"line":399,"column":4}}},"25":{"name":"calculateTVL","line":402,"loc":{"start":{"line":402,"column":4},"end":{"line":407,"column":4}}},"26":{"name":"pricePerToken","line":410,"loc":{"start":{"line":410,"column":4},"end":{"line":415,"column":4}}},"27":{"name":"autoCompoundRewards","line":418,"loc":{"start":{"line":418,"column":4},"end":{"line":448,"column":4}}},"28":{"name":"convertToXToken","line":450,"loc":{"start":{"line":450,"column":4},"end":{"line":465,"column":4}}},"29":{"name":"decimals","line":467,"loc":{"start":{"line":467,"column":4},"end":{"line":475,"column":4}}}},"statementMap":{"1":{"start":{"line":79,"column":8},"end":{"line":79,"column":19}},"2":{"start":{"line":84,"column":8},"end":{"line":84,"column":36}},"3":{"start":{"line":93,"column":8},"end":{"line":93,"column":39}},"4":{"start":{"line":101,"column":8},"end":{"line":101,"column":50}},"5":{"start":{"line":102,"column":8},"end":{"line":102,"column":49}},"6":{"start":{"line":103,"column":8},"end":{"line":103,"column":3177}},"7":{"start":{"line":108,"column":8},"end":{"line":108,"column":21}},"8":{"start":{"line":117,"column":8},"end":{"line":117,"column":39}},"9":{"start":{"line":121,"column":8},"end":{"line":121,"column":50}},"10":{"start":{"line":122,"column":8},"end":{"line":122,"column":49}},"11":{"start":{"line":123,"column":8},"end":{"line":123,"column":3772}},"12":{"start":{"line":124,"column":12},"end":{"line":124,"column":25}},"13":{"start":{"line":126,"column":8},"end":{"line":126,"column":79}},"14":{"start":{"line":127,"column":8},"end":{"line":127,"column":27}},"15":{"start":{"line":137,"column":8},"end":{"line":137,"column":50}},"16":{"start":{"line":147,"column":8},"end":{"line":147,"column":68}},"17":{"start":{"line":157,"column":8},"end":{"line":157,"column":49}},"18":{"start":{"line":167,"column":8},"end":{"line":167,"column":31}},"19":{"start":{"line":177,"column":8},"end":{"line":177,"column":39}},"20":{"start":{"line":187,"column":8},"end":{"line":187,"column":39}},"21":{"start":{"line":197,"column":8},"end":{"line":197,"column":39}},"22":{"start":{"line":207,"column":8},"end":{"line":207,"column":39}},"23":{"start":{"line":216,"column":8},"end":{"line":216,"column":5601}},"24":{"start":{"line":221,"column":8},"end":{"line":221,"column":47}},"25":{"start":{"line":222,"column":8},"end":{"line":222,"column":55}},"26":{"start":{"line":224,"column":8},"end":{"line":224,"column":21}},"27":{"start":{"line":233,"column":8},"end":{"line":233,"column":74}},"28":{"start":{"line":235,"column":8},"end":{"line":235,"column":44}},"29":{"start":{"line":236,"column":8},"end":{"line":236,"column":55}},"30":{"start":{"line":238,"column":8},"end":{"line":238,"column":21}},"31":{"start":{"line":246,"column":8},"end":{"line":246,"column":6347}},"32":{"start":{"line":251,"column":8},"end":{"line":251,"column":48}},"33":{"start":{"line":252,"column":8},"end":{"line":252,"column":63}},"34":{"start":{"line":254,"column":8},"end":{"line":254,"column":21}},"35":{"start":{"line":262,"column":8},"end":{"line":262,"column":75}},"36":{"start":{"line":264,"column":8},"end":{"line":264,"column":46}},"37":{"start":{"line":265,"column":8},"end":{"line":265,"column":63}},"38":{"start":{"line":267,"column":8},"end":{"line":267,"column":21}},"39":{"start":{"line":275,"column":8},"end":{"line":275,"column":64}},"40":{"start":{"line":276,"column":8},"end":{"line":276,"column":60}},"41":{"start":{"line":277,"column":8},"end":{"line":277,"column":62}},"42":{"start":{"line":278,"column":8},"end":{"line":278,"column":62}},"43":{"start":{"line":279,"column":8},"end":{"line":279,"column":7351}},"44":{"start":{"line":285,"column":8},"end":{"line":285,"column":40}},"45":{"start":{"line":286,"column":8},"end":{"line":286,"column":17}},"46":{"start":{"line":287,"column":8},"end":{"line":287,"column":7564}},"47":{"start":{"line":288,"column":12},"end":{"line":288,"column":7620}},"48":{"start":{"line":292,"column":8},"end":{"line":292,"column":23}},"49":{"start":{"line":301,"column":8},"end":{"line":301,"column":54}},"50":{"start":{"line":302,"column":8},"end":{"line":302,"column":52}},"51":{"start":{"line":303,"column":8},"end":{"line":303,"column":53}},"52":{"start":{"line":304,"column":8},"end":{"line":304,"column":53}},"53":{"start":{"line":305,"column":8},"end":{"line":305,"column":36}},"54":{"start":{"line":306,"column":8},"end":{"line":306,"column":34}},"55":{"start":{"line":307,"column":8},"end":{"line":307,"column":35}},"56":{"start":{"line":308,"column":8},"end":{"line":308,"column":35}},"57":{"start":{"line":309,"column":8},"end":{"line":309,"column":32}},"58":{"start":{"line":310,"column":8},"end":{"line":310,"column":54}},"59":{"start":{"line":320,"column":8},"end":{"line":320,"column":8522}},"60":{"start":{"line":321,"column":12},"end":{"line":321,"column":49}},"61":{"start":{"line":323,"column":8},"end":{"line":323,"column":28}},"62":{"start":{"line":325,"column":8},"end":{"line":325,"column":27}},"63":{"start":{"line":326,"column":8},"end":{"line":326,"column":38}},"64":{"start":{"line":327,"column":8},"end":{"line":327,"column":36}},"65":{"start":{"line":328,"column":8},"end":{"line":328,"column":37}},"66":{"start":{"line":329,"column":8},"end":{"line":329,"column":37}},"67":{"start":{"line":330,"column":8},"end":{"line":330,"column":49}},"68":{"start":{"line":331,"column":8},"end":{"line":331,"column":47}},"69":{"start":{"line":332,"column":8},"end":{"line":332,"column":48}},"70":{"start":{"line":333,"column":8},"end":{"line":333,"column":48}},"71":{"start":{"line":334,"column":8},"end":{"line":334,"column":62}},"72":{"start":{"line":340,"column":8},"end":{"line":340,"column":72}},"73":{"start":{"line":341,"column":8},"end":{"line":341,"column":68}},"74":{"start":{"line":342,"column":8},"end":{"line":342,"column":70}},"75":{"start":{"line":343,"column":8},"end":{"line":343,"column":70}},"76":{"start":{"line":345,"column":8},"end":{"line":345,"column":72}},"77":{"start":{"line":346,"column":8},"end":{"line":346,"column":68}},"78":{"start":{"line":347,"column":8},"end":{"line":347,"column":70}},"79":{"start":{"line":348,"column":8},"end":{"line":348,"column":70}},"80":{"start":{"line":351,"column":8},"end":{"line":351,"column":65}},"81":{"start":{"line":352,"column":8},"end":{"line":352,"column":61}},"82":{"start":{"line":353,"column":8},"end":{"line":353,"column":63}},"83":{"start":{"line":354,"column":8},"end":{"line":354,"column":63}},"84":{"start":{"line":357,"column":8},"end":{"line":357,"column":26}},"85":{"start":{"line":362,"column":8},"end":{"line":362,"column":25}},"86":{"start":{"line":368,"column":8},"end":{"line":368,"column":79}},"87":{"start":{"line":369,"column":8},"end":{"line":369,"column":75}},"88":{"start":{"line":370,"column":8},"end":{"line":370,"column":77}},"89":{"start":{"line":371,"column":8},"end":{"line":371,"column":77}},"90":{"start":{"line":372,"column":8},"end":{"line":372,"column":67}},"91":{"start":{"line":375,"column":8},"end":{"line":375,"column":58}},"92":{"start":{"line":376,"column":8},"end":{"line":376,"column":54}},"93":{"start":{"line":377,"column":8},"end":{"line":377,"column":56}},"94":{"start":{"line":378,"column":8},"end":{"line":378,"column":56}},"95":{"start":{"line":381,"column":8},"end":{"line":381,"column":40}},"96":{"start":{"line":398,"column":8},"end":{"line":398,"column":25}},"97":{"start":{"line":403,"column":8},"end":{"line":403,"column":55}},"98":{"start":{"line":404,"column":8},"end":{"line":404,"column":45}},"99":{"start":{"line":405,"column":8},"end":{"line":405,"column":50}},"100":{"start":{"line":406,"column":8},"end":{"line":406,"column":18}},"101":{"start":{"line":411,"column":8},"end":{"line":411,"column":36}},"102":{"start":{"line":412,"column":8},"end":{"line":412,"column":49}},"103":{"start":{"line":413,"column":8},"end":{"line":413,"column":62}},"104":{"start":{"line":414,"column":8},"end":{"line":414,"column":27}},"105":{"start":{"line":419,"column":8},"end":{"line":419,"column":30}},"106":{"start":{"line":420,"column":8},"end":{"line":420,"column":28}},"107":{"start":{"line":421,"column":8},"end":{"line":421,"column":29}},"108":{"start":{"line":422,"column":8},"end":{"line":422,"column":29}},"109":{"start":{"line":423,"column":8},"end":{"line":423,"column":71}},"110":{"start":{"line":424,"column":8},"end":{"line":424,"column":67}},"111":{"start":{"line":425,"column":8},"end":{"line":425,"column":69}},"112":{"start":{"line":426,"column":8},"end":{"line":426,"column":69}},"113":{"start":{"line":428,"column":8},"end":{"line":428,"column":48}},"114":{"start":{"line":429,"column":8},"end":{"line":429,"column":30}},"115":{"start":{"line":431,"column":8},"end":{"line":431,"column":44}},"116":{"start":{"line":432,"column":8},"end":{"line":432,"column":28}},"117":{"start":{"line":434,"column":8},"end":{"line":434,"column":46}},"118":{"start":{"line":435,"column":8},"end":{"line":435,"column":29}},"119":{"start":{"line":437,"column":8},"end":{"line":437,"column":46}},"120":{"start":{"line":438,"column":8},"end":{"line":438,"column":29}},"121":{"start":{"line":440,"column":8},"end":{"line":440,"column":72}},"122":{"start":{"line":441,"column":8},"end":{"line":441,"column":68}},"123":{"start":{"line":442,"column":8},"end":{"line":442,"column":70}},"124":{"start":{"line":443,"column":8},"end":{"line":443,"column":70}},"125":{"start":{"line":444,"column":8},"end":{"line":444,"column":43}},"126":{"start":{"line":445,"column":8},"end":{"line":445,"column":39}},"127":{"start":{"line":446,"column":8},"end":{"line":446,"column":41}},"128":{"start":{"line":447,"column":8},"end":{"line":447,"column":41}},"129":{"start":{"line":451,"column":8},"end":{"line":451,"column":64}},"130":{"start":{"line":452,"column":8},"end":{"line":452,"column":73}},"131":{"start":{"line":453,"column":8},"end":{"line":453,"column":14382}},"132":{"start":{"line":464,"column":8},"end":{"line":464,"column":53}},"133":{"start":{"line":474,"column":8},"end":{"line":474,"column":16}}},"branchMap":{"1":{"line":103,"type":"if","locations":[{"start":{"line":103,"column":8},"end":{"line":103,"column":8}},{"start":{"line":103,"column":8},"end":{"line":103,"column":8}}]},"2":{"line":123,"type":"if","locations":[{"start":{"line":123,"column":8},"end":{"line":123,"column":8}},{"start":{"line":123,"column":8},"end":{"line":123,"column":8}}]},"3":{"line":216,"type":"if","locations":[{"start":{"line":216,"column":8},"end":{"line":216,"column":8}},{"start":{"line":216,"column":8},"end":{"line":216,"column":8}}]},"4":{"line":233,"type":"if","locations":[{"start":{"line":233,"column":8},"end":{"line":233,"column":8}},{"start":{"line":233,"column":8},"end":{"line":233,"column":8}}]},"5":{"line":246,"type":"if","locations":[{"start":{"line":246,"column":8},"end":{"line":246,"column":8}},{"start":{"line":246,"column":8},"end":{"line":246,"column":8}}]},"6":{"line":262,"type":"if","locations":[{"start":{"line":262,"column":8},"end":{"line":262,"column":8}},{"start":{"line":262,"column":8},"end":{"line":262,"column":8}}]},"7":{"line":288,"type":"if","locations":[{"start":{"line":288,"column":12},"end":{"line":288,"column":12}},{"start":{"line":288,"column":12},"end":{"line":288,"column":12}}]},"8":{"line":320,"type":"if","locations":[{"start":{"line":320,"column":8},"end":{"line":320,"column":8}},{"start":{"line":320,"column":8},"end":{"line":320,"column":8}}]}}},
"contracts/xToken.sol":{"l":{"132":87,"133":87,"134":87,"135":87,"136":87,"137":87,"138":87,"139":87,"144":14,"148":13,"149":12,"153":11,"158":10,"162":10,"167":10,"172":9,"175":9,"177":9,"180":9,"182":9,"184":9,"185":9,"187":9,"190":9,"191":8,"196":8,"203":1,"204":1,"205":1,"207":1,"211":1,"215":1,"217":9,"222":9,"227":9,"228":9,"233":2,"238":1,"243":1,"246":1,"247":1,"251":5,"252":4,"253":4,"254":4,"255":4,"256":4,"257":4,"258":4,"262":1,"263":1,"264":1,"265":1,"266":1,"270":1,"271":1,"272":1,"276":1,"277":1,"278":1,"279":1,"280":1,"284":1,"286":1,"288":1,"289":1,"290":1,"294":1,"301":1,"305":1,"310":6,"311":6,"312":6,"316":6,"317":6,"318":6,"322":2,"323":1,"328":1,"333":3,"337":1,"341":1,"345":13,"346":13,"350":1,"359":13,"360":13,"362":13,"366":2,"371":2,"382":2,"395":6,"396":5,"397":4,"401":4,"404":4,"405":4,"407":4,"409":4,"410":4,"414":4,"423":1},"path":"/home/andrey/landx/land-x-smart-contracts/contracts/xToken.sol","s":{"1":14,"2":13,"3":12,"4":11,"5":10,"6":10,"7":10,"8":9,"9":9,"10":9,"11":9,"12":9,"13":9,"14":9,"15":9,"16":8,"17":8,"18":1,"19":1,"20":1,"21":1,"22":1,"23":1,"24":9,"25":9,"26":9,"27":9,"28":2,"29":1,"30":1,"31":1,"32":1,"33":5,"34":4,"35":1,"36":1,"37":1,"38":1,"39":1,"40":1,"41":1,"42":1,"43":1,"44":1,"45":1,"46":1,"47":1,"48":1,"49":6,"50":6,"51":6,"52":6,"53":6,"54":6,"55":2,"56":1,"57":13,"58":13,"59":13,"60":13,"61":13,"62":2,"63":2,"64":2,"65":6,"66":5,"67":4,"68":4,"69":4,"70":4,"71":4,"72":4,"73":4,"74":4,"75":1},"b":{"1":[13,1],"2":[12,1],"3":[11,1],"4":[10,1],"5":[10,0],"6":[10,0],"7":[9,1],"8":[8,1],"9":[1,1],"10":[1,0],"11":[1,1],"12":[1,1],"13":[3,1],"14":[1,1],"15":[1,1],"16":[1,1],"17":[5,1],"18":[4,1],"19":[4,0]},"f":{"1":87,"2":14,"3":2,"4":5,"5":1,"6":1,"7":1,"8":1,"9":1,"10":6,"11":6,"12":2,"13":1,"14":3,"15":1,"16":1,"17":13,"18":1,"19":13,"20":2,"21":6,"22":1},"fnMap":{"1":{"name":"constructor","line":131,"loc":{"start":{"line":121,"column":4},"end":{"line":140,"column":4}}},"2":{"name":"getShards","line":143,"loc":{"start":{"line":143,"column":4},"end":{"line":229,"column":4}}},"3":{"name":"getTheNFT","line":232,"loc":{"start":{"line":232,"column":4},"end":{"line":248,"column":4}}},"4":{"name":"stake","line":250,"loc":{"start":{"line":250,"column":4},"end":{"line":259,"column":4}}},"5":{"name":"unstake","line":261,"loc":{"start":{"line":261,"column":4},"end":{"line":267,"column":4}}},"6":{"name":"claim","line":269,"loc":{"start":{"line":269,"column":4},"end":{"line":281,"column":4}}},"7":{"name":"feeDistributor","line":283,"loc":{"start":{"line":283,"column":4},"end":{"line":298,"column":4}}},"8":{"name":"availableToClaim","line":300,"loc":{"start":{"line":300,"column":4},"end":{"line":302,"column":4}}},"9":{"name":"totalAvailableToClaim","line":304,"loc":{"start":{"line":304,"column":4},"end":{"line":306,"column":4}}},"10":{"name":"calculateYield","line":309,"loc":{"start":{"line":309,"column":4},"end":{"line":313,"column":4}}},"11":{"name":"calculateTotalYield","line":315,"loc":{"start":{"line":315,"column":4},"end":{"line":319,"column":4}}},"12":{"name":"xBasketTransfer","line":321,"loc":{"start":{"line":321,"column":4},"end":{"line":324,"column":4}}},"13":{"name":"changeLandXNFTAddress","line":327,"loc":{"start":{"line":327,"column":4},"end":{"line":329,"column":4}}},"14":{"name":"changeXBasketAddress","line":332,"loc":{"start":{"line":332,"column":4},"end":{"line":334,"column":4}}},"15":{"name":"setRentFoundation","line":336,"loc":{"start":{"line":336,"column":4},"end":{"line":338,"column":4}}},"16":{"name":"setOraclePrices","line":340,"loc":{"start":{"line":340,"column":4},"end":{"line":342,"column":4}}},"17":{"name":"_calcFee","line":344,"loc":{"start":{"line":344,"column":4},"end":{"line":347,"column":4}}},"18":{"name":"setXTokenRouter","line":349,"loc":{"start":{"line":349,"column":4},"end":{"line":351,"column":4}}},"19":{"name":"getAnnualRentAmount","line":354,"loc":{"start":{"line":354,"column":4},"end":{"line":363,"column":4}}},"20":{"name":"convertToUsdc","line":365,"loc":{"start":{"line":365,"column":4},"end":{"line":383,"column":4}}},"21":{"name":"preview","line":385,"loc":{"start":{"line":385,"column":4},"end":{"line":420,"column":4}}},"22":{"name":"decimals","line":422,"loc":{"start":{"line":422,"column":4},"end":{"line":424,"column":4}}}},"statementMap":{"1":{"start":{"line":144,"column":8},"end":{"line":144,"column":4608}},"2":{"start":{"line":148,"column":8},"end":{"line":148,"column":77}},"3":{"start":{"line":149,"column":8},"end":{"line":149,"column":4804}},"4":{"start":{"line":153,"column":8},"end":{"line":153,"column":4929}},"5":{"start":{"line":158,"column":8},"end":{"line":158,"column":5096}},"6":{"start":{"line":162,"column":8},"end":{"line":162,"column":5230}},"7":{"start":{"line":167,"column":8},"end":{"line":167,"column":5348}},"8":{"start":{"line":175,"column":8},"end":{"line":175,"column":71}},"9":{"start":{"line":177,"column":8},"end":{"line":177,"column":5703}},"10":{"start":{"line":180,"column":8},"end":{"line":180,"column":35}},"11":{"start":{"line":182,"column":8},"end":{"line":182,"column":38}},"12":{"start":{"line":184,"column":8},"end":{"line":184,"column":53}},"13":{"start":{"line":185,"column":8},"end":{"line":185,"column":6011}},"14":{"start":{"line":187,"column":8},"end":{"line":187,"column":6146}},"15":{"start":{"line":190,"column":8},"end":{"line":190,"column":6227}},"16":{"start":{"line":191,"column":12},"end":{"line":191,"column":6280}},"17":{"start":{"line":196,"column":12},"end":{"line":196,"column":6443}},"18":{"start":{"line":203,"column":12},"end":{"line":203,"column":48}},"19":{"start":{"line":204,"column":12},"end":{"line":204,"column":69}},"20":{"start":{"line":205,"column":12},"end":{"line":205,"column":6833}},"21":{"start":{"line":207,"column":12},"end":{"line":207,"column":6899}},"22":{"start":{"line":211,"column":12},"end":{"line":211,"column":7029}},"23":{"start":{"line":215,"column":12},"end":{"line":215,"column":34}},"24":{"start":{"line":217,"column":8},"end":{"line":217,"column":7203}},"25":{"start":{"line":222,"column":8},"end":{"line":222,"column":7352}},"26":{"start":{"line":227,"column":8},"end":{"line":227,"column":53}},"27":{"start":{"line":228,"column":8},"end":{"line":228,"column":43}},"28":{"start":{"line":233,"column":8},"end":{"line":233,"column":7737}},"29":{"start":{"line":238,"column":8},"end":{"line":238,"column":7892}},"30":{"start":{"line":243,"column":8},"end":{"line":243,"column":19}},"31":{"start":{"line":246,"column":8},"end":{"line":246,"column":71}},"32":{"start":{"line":247,"column":8},"end":{"line":247,"column":42}},"33":{"start":{"line":251,"column":8},"end":{"line":251,"column":51}},"34":{"start":{"line":252,"column":8},"end":{"line":252,"column":58}},"35":{"start":{"line":262,"column":8},"end":{"line":262,"column":51}},"36":{"start":{"line":263,"column":8},"end":{"line":263,"column":51}},"37":{"start":{"line":264,"column":8},"end":{"line":264,"column":14}},"38":{"start":{"line":270,"column":8},"end":{"line":270,"column":53}},"39":{"start":{"line":271,"column":8},"end":{"line":271,"column":58}},"40":{"start":{"line":276,"column":8},"end":{"line":276,"column":68}},"41":{"start":{"line":284,"column":8},"end":{"line":284,"column":9495}},"42":{"start":{"line":286,"column":8},"end":{"line":286,"column":9643}},"43":{"start":{"line":288,"column":8},"end":{"line":288,"column":42}},"44":{"start":{"line":289,"column":8},"end":{"line":289,"column":43}},"45":{"start":{"line":290,"column":8},"end":{"line":290,"column":9785}},"46":{"start":{"line":294,"column":8},"end":{"line":294,"column":9909}},"47":{"start":{"line":301,"column":8},"end":{"line":301,"column":63}},"48":{"start":{"line":305,"column":8},"end":{"line":305,"column":49}},"49":{"start":{"line":310,"column":8},"end":{"line":310,"column":62}},"50":{"start":{"line":311,"column":8},"end":{"line":311,"column":40}},"51":{"start":{"line":312,"column":8},"end":{"line":312,"column":54}},"52":{"start":{"line":316,"column":8},"end":{"line":316,"column":72}},"53":{"start":{"line":317,"column":8},"end":{"line":317,"column":40}},"54":{"start":{"line":318,"column":8},"end":{"line":318,"column":64}},"55":{"start":{"line":322,"column":8},"end":{"line":322,"column":63}},"56":{"start":{"line":323,"column":8},"end":{"line":323,"column":48}},"57":{"start":{"line":345,"column":8},"end":{"line":345,"column":55}},"58":{"start":{"line":346,"column":8},"end":{"line":346,"column":37}},"59":{"start":{"line":359,"column":8},"end":{"line":359,"column":50}},"60":{"start":{"line":360,"column":8},"end":{"line":360,"column":53}},"61":{"start":{"line":362,"column":8},"end":{"line":362,"column":36}},"62":{"start":{"line":366,"column":8},"end":{"line":366,"column":12346}},"63":{"start":{"line":371,"column":8},"end":{"line":371,"column":12476}},"64":{"start":{"line":382,"column":8},"end":{"line":382,"column":53}},"65":{"start":{"line":395,"column":8},"end":{"line":395,"column":78}},"66":{"start":{"line":396,"column":8},"end":{"line":396,"column":76}},"67":{"start":{"line":397,"column":8},"end":{"line":397,"column":13163}},"68":{"start":{"line":401,"column":8},"end":{"line":401,"column":13318}},"69":{"start":{"line":404,"column":8},"end":{"line":404,"column":52}},"70":{"start":{"line":405,"column":8},"end":{"line":405,"column":13541}},"71":{"start":{"line":407,"column":8},"end":{"line":407,"column":13676}},"72":{"start":{"line":409,"column":8},"end":{"line":409,"column":38}},"73":{"start":{"line":410,"column":8},"end":{"line":410,"column":13824}},"74":{"start":{"line":414,"column":8},"end":{"line":414,"column":13925}},"75":{"start":{"line":423,"column":8},"end":{"line":423,"column":16}}},"branchMap":{"1":{"line":144,"type":"if","locations":[{"start":{"line":144,"column":8},"end":{"line":144,"column":8}},{"start":{"line":144,"column":8},"end":{"line":144,"column":8}}]},"2":{"line":148,"type":"if","locations":[{"start":{"line":148,"column":8},"end":{"line":148,"column":8}},{"start":{"line":148,"column":8},"end":{"line":148,"column":8}}]},"3":{"line":149,"type":"if","locations":[{"start":{"line":149,"column":8},"end":{"line":149,"column":8}},{"start":{"line":149,"column":8},"end":{"line":149,"column":8}}]},"4":{"line":153,"type":"if","locations":[{"start":{"line":153,"column":8},"end":{"line":153,"column":8}},{"start":{"line":153,"column":8},"end":{"line":153,"column":8}}]},"5":{"line":158,"type":"if","locations":[{"start":{"line":158,"column":8},"end":{"line":158,"column":8}},{"start":{"line":158,"column":8},"end":{"line":158,"column":8}}]},"6":{"line":162,"type":"if","locations":[{"start":{"line":162,"column":8},"end":{"line":162,"column":8}},{"start":{"line":162,"column":8},"end":{"line":162,"column":8}}]},"7":{"line":167,"type":"if","locations":[{"start":{"line":167,"column":8},"end":{"line":167,"column":8}},{"start":{"line":167,"column":8},"end":{"line":167,"column":8}}]},"8":{"line":190,"type":"if","locations":[{"start":{"line":190,"column":8},"end":{"line":190,"column":8}},{"start":{"line":190,"column":8},"end":{"line":190,"column":8}}]},"9":{"line":233,"type":"if","locations":[{"start":{"line":233,"column":8},"end":{"line":233,"column":8}},{"start":{"line":233,"column":8},"end":{"line":233,"column":8}}]},"10":{"line":262,"type":"if","locations":[{"start":{"line":262,"column":8},"end":{"line":262,"column":8}},{"start":{"line":262,"column":8},"end":{"line":262,"column":8}}]},"11":{"line":322,"type":"if","locations":[{"start":{"line":322,"column":8},"end":{"line":322,"column":8}},{"start":{"line":322,"column":8},"end":{"line":322,"column":8}}]},"12":{"line":327,"type":"if","locations":[{"start":{"line":327,"column":63},"end":{"line":327,"column":63}},{"start":{"line":327,"column":63},"end":{"line":327,"column":63}}]},"13":{"line":332,"type":"if","locations":[{"start":{"line":332,"column":62},"end":{"line":332,"column":62}},{"start":{"line":332,"column":62},"end":{"line":332,"column":62}}]},"14":{"line":336,"type":"if","locations":[{"start":{"line":336,"column":56},"end":{"line":336,"column":56}},{"start":{"line":336,"column":56},"end":{"line":336,"column":56}}]},"15":{"line":340,"type":"if","locations":[{"start":{"line":340,"column":59},"end":{"line":340,"column":59}},{"start":{"line":340,"column":59},"end":{"line":340,"column":59}}]},"16":{"line":349,"type":"if","locations":[{"start":{"line":349,"column":53},"end":{"line":349,"column":53}},{"start":{"line":349,"column":53},"end":{"line":349,"column":53}}]},"17":{"line":395,"type":"if","locations":[{"start":{"line":395,"column":8},"end":{"line":395,"column":8}},{"start":{"line":395,"column":8},"end":{"line":395,"column":8}}]},"18":{"line":396,"type":"if","locations":[{"start":{"line":396,"column":8},"end":{"line":396,"column":8}},{"start":{"line":396,"column":8},"end":{"line":396,"column":8}}]},"19":{"line":397,"type":"if","locations":[{"start":{"line":397,"column":8},"end":{"line":397,"column":8}},{"start":{"line":397,"column":8},"end":{"line":397,"column":8}}]}}},
"contracts/xTokenRouter.sol":{"l":{"23":2,"24":2,"28":2,"32":3},"path":"/home/andrey/landx/land-x-smart-contracts/contracts/xTokenRouter.sol","s":{"1":2,"2":3},"b":{"1":[2,1]},"f":{"1":2,"2":2,"3":3},"fnMap":{"1":{"name":"setToken","line":22,"loc":{"start":{"line":18,"column":4},"end":{"line":25,"column":4}}},"2":{"name":"getXToken","line":27,"loc":{"start":{"line":27,"column":4},"end":{"line":29,"column":4}}},"3":{"name":"getCToken","line":31,"loc":{"start":{"line":31,"column":4},"end":{"line":33,"column":4}}}},"statementMap":{"1":{"start":{"line":28,"column":8},"end":{"line":28,"column":34}},"2":{"start":{"line":32,"column":8},"end":{"line":32,"column":34}}},"branchMap":{"1":{"line":22,"type":"if","locations":[{"start":{"line":22,"column":13},"end":{"line":22,"column":13}},{"start":{"line":22,"column":13},"end":{"line":22,"column":13}}]}}}}
