TN:
SF:/home/andrey/landx/land-x-smart-contracts/contracts/cToken.sol
FN:23,constructor
FN:31,mint
FN:39,burn
FN:44,setRentFoundation
FN:48,setXTokenRouter
FN:52,decimals
FNF:6
FNH:6
FNDA:39,constructor
FNDA:8,mint
FNDA:6,burn
FNDA:1,setRentFoundation
FNDA:1,setXTokenRouter
FNDA:1,decimals
DA:25,39
DA:26,39
DA:27,39
DA:32,8
DA:36,7
DA:40,6
DA:41,3
DA:45,1
DA:49,1
DA:53,1
LF:10
LH:10
BRDA:32,1,0,7
BRDA:32,1,1,1
BRDA:44,2,0,1
BRDA:44,2,1,1
BRDA:48,3,0,1
BRDA:48,3,1,1
BRF:6
BRH:6
end_of_record
TN:
SF:/home/andrey/landx/land-x-smart-contracts/contracts/KeyProtocolVariables.sol
FN:34,constructor
FN:55,updateXTokenMintFee
FN:60,updateCTokenSellFee
FN:65,updatePayRentFee
FN:70,updateMaxAllowableCropShare
FN:77,updateHedgeFundAllocation
FN:82,updateSecurityDepositMonths
FN:87,updateFeeDistributionPercentage
FN:104,updateHedgeFundWallet
FN:109,updateLandxOperationalWallet
FN:114,updateLandxChoiceWallet
FN:119,updateXTokensSecurityWallet
FN:124,updateValidatorCommisionWallet
FN:129,launch
FNF:14
FNH:14
FNDA:81,constructor
FNDA:2,updateXTokenMintFee
FNDA:2,updateCTokenSellFee
FNDA:2,updatePayRentFee
FNDA:2,updateMaxAllowableCropShare
FNDA:2,updateHedgeFundAllocation
FNDA:2,updateSecurityDepositMonths
FNDA:3,updateFeeDistributionPercentage
FNDA:2,updateHedgeFundWallet
FNDA:2,updateLandxOperationalWallet
FNDA:2,updateLandxChoiceWallet
FNDA:2,updateXTokensSecurityWallet
FNDA:2,updateValidatorCommisionWallet
FNDA:2,launch
DA:42,81
DA:43,81
DA:44,81
DA:45,81
DA:46,81
DA:48,81
DA:49,81
DA:50,81
DA:51,81
DA:52,81
DA:56,2
DA:57,1
DA:61,2
DA:62,1
DA:66,2
DA:67,1
DA:73,2
DA:74,1
DA:78,2
DA:79,1
DA:83,2
DA:84,1
DA:91,3
DA:92,2
DA:96,1
DA:97,1
DA:98,1
DA:105,2
DA:106,1
DA:110,2
DA:111,1
DA:115,2
DA:116,1
DA:120,2
DA:121,1
DA:125,2
DA:126,1
DA:130,2
DA:131,1
LF:39
LH:39
BRDA:56,1,0,1
BRDA:56,1,1,1
BRDA:61,2,0,1
BRDA:61,2,1,1
BRDA:66,3,0,1
BRDA:66,3,1,1
BRDA:73,4,0,1
BRDA:73,4,1,1
BRDA:78,5,0,1
BRDA:78,5,1,1
BRDA:83,6,0,1
BRDA:83,6,1,1
BRDA:91,7,0,2
BRDA:91,7,1,1
BRDA:92,8,0,1
BRDA:92,8,1,1
BRDA:105,9,0,1
BRDA:105,9,1,1
BRDA:110,10,0,1
BRDA:110,10,1,1
BRDA:115,11,0,1
BRDA:115,11,1,1
BRDA:120,12,0,1
BRDA:120,12,1,1
BRDA:125,13,0,1
BRDA:125,13,1,1
BRDA:130,14,0,1
BRDA:130,14,1,1
BRF:28
BRH:28
end_of_record
TN:
SF:/home/andrey/landx/land-x-smart-contracts/contracts/nft.sol
FN:32,constructor
FN:48,setDetailsAndMint
FN:66,burn
FN:79,setBaseURI
FN:83,uri
FN:87,setXTokenRouter
FN:95,uint2str
FNF:7
FNH:7
FNDA:126,constructor
FNDA:41,setDetailsAndMint
FNDA:3,burn
FNDA:3,setBaseURI
FNDA:2,uri
FNDA:1,setXTokenRouter
FNDA:2,uint2str
DA:34,126
DA:35,126
DA:49,41
DA:50,40
DA:54,39
DA:55,39
DA:56,39
DA:57,39
DA:58,39
DA:59,39
DA:60,39
DA:61,39
DA:62,39
DA:71,3
DA:75,2
DA:76,2
DA:80,3
DA:84,2
DA:88,1
DA:100,2
DA:101,1
DA:103,1
DA:104,1
DA:105,1
DA:106,1
DA:107,1
DA:109,1
DA:110,1
DA:111,1
DA:112,1
DA:113,1
DA:114,1
DA:115,1
DA:116,1
DA:118,1
LF:35
LH:35
BRDA:48,1,0,41
BRDA:48,1,1,0
BRDA:49,2,0,40
BRDA:49,2,1,1
BRDA:50,3,0,39
BRDA:50,3,1,1
BRDA:71,4,0,2
BRDA:71,4,1,1
BRDA:72,5,0,1
BRDA:72,5,1,1
BRDA:79,6,0,3
BRDA:79,6,1,1
BRDA:87,7,0,1
BRDA:87,7,1,1
BRDA:100,8,0,1
BRDA:100,8,1,1
BRF:16
BRH:15
end_of_record
TN:
SF:/home/andrey/landx/land-x-smart-contracts/contracts/OraclePrices.sol
FN:50,constructor
FN:74,setGrainPrice
FN:80,setXTokenPrice
FN:86,getXTokenPrice
FN:110,getXtokenPool
FNF:5
FNH:5
FNDA:33,constructor
FNDA:3,setGrainPrice
FNDA:3,setXTokenPrice
FNDA:4,getXTokenPrice
FNDA:4,getXtokenPool
DA:59,33
DA:61,33
DA:62,33
DA:63,33
DA:64,33
DA:66,33
DA:67,33
DA:68,33
DA:69,33
DA:70,33
DA:71,33
DA:75,3
DA:76,2
DA:77,1
DA:81,3
DA:82,2
DA:83,1
DA:87,4
DA:88,1
DA:91,3
DA:92,3
DA:93,1
DA:96,2
DA:97,2
DA:99,2
DA:100,2
DA:101,1
DA:106,1
DA:111,4
LF:29
LH:29
BRDA:75,1,0,2
BRDA:75,1,1,1
BRDA:76,2,0,1
BRDA:76,2,1,1
BRDA:81,3,0,2
BRDA:81,3,1,1
BRDA:82,4,0,1
BRDA:82,4,1,1
BRDA:87,5,0,1
BRDA:87,5,1,3
BRDA:92,6,0,1
BRDA:92,6,1,2
BRDA:100,7,0,1
BRDA:100,7,1,1
BRF:14
BRH:14
end_of_record
TN:
SF:/home/andrey/landx/land-x-smart-contracts/contracts/rentFoundation.sol
FN:83,constructor
FN:94,payRent
FN:120,payInitialRent
FN:136,getDepositBalance
FN:146,sellCToken
FN:156,feeDistributor
FN:173,setXTokenRouter
FN:177,setGrainPrices
FN:182,changeLandXNFTAddress
FNF:9
FNH:9
FNDA:48,constructor
FNDA:3,payRent
FNDA:8,payInitialRent
FNDA:4,getDepositBalance
FNDA:2,sellCToken
FNDA:2,feeDistributor
FNDA:17,setXTokenRouter
FNDA:17,setGrainPrices
FNDA:17,changeLandXNFTAddress
DA:88,48
DA:89,48
DA:90,48
DA:95,3
DA:96,2
DA:100,1
DA:101,1
DA:103,1
DA:108,1
DA:112,1
DA:114,1
DA:115,1
DA:116,1
DA:121,8
DA:122,8
DA:126,7
DA:130,6
DA:131,6
DA:132,6
DA:133,6
DA:137,4
DA:138,4
DA:139,4
DA:141,4
DA:147,2
DA:148,2
DA:149,1
DA:150,1
DA:152,1
DA:153,1
DA:157,2
DA:159,2
DA:161,2
DA:162,2
DA:163,2
DA:167,2
DA:174,17
DA:178,17
DA:183,17
LF:39
LH:39
BRDA:95,1,0,2
BRDA:95,1,1,1
BRDA:96,2,0,1
BRDA:96,2,1,1
BRDA:122,3,0,7
BRDA:122,3,1,1
BRDA:126,4,0,6
BRDA:126,4,1,1
BRDA:148,5,0,1
BRDA:148,5,1,1
BRDA:173,6,0,17
BRDA:173,6,1,1
BRDA:177,7,0,17
BRDA:177,7,1,1
BRDA:182,8,0,17
BRDA:182,8,1,1
BRF:16
BRH:16
end_of_record
TN:
SF:/home/andrey/landx/land-x-smart-contracts/contracts/xBasket.sol
FN:62,constructor
FN:78,asset
FN:83,totalAssets
FN:87,convertToShares
FN:96,_convertToShares
FN:111,convertToAssets
FN:120,_convertToAssets
FN:130,maxDeposit
FN:140,maxMint
FN:150,maxWithdraw
FN:160,maxRedeem
FN:170,previewDeposit
FN:180,previewMint
FN:190,previewWithdraw
FN:200,previewRedeem
FN:210,deposit
FN:227,mint
FN:241,withdraw
FN:257,redeem
FN:270,_findMinAssetBalanceValue
FN:295,_deposit
FN:313,_withdraw
FN:338,calculateCollateral
FN:366,calculateYield
FN:402,calculateTVL
FN:410,pricePerToken
FN:418,autoCompoundRewards
FN:450,convertToXToken
FN:467,decimals
FNF:29
FNH:24
FNDA:33,constructor
FNDA:1,asset
FNDA:0,totalAssets
FNDA:1,convertToShares
FNDA:12,_convertToShares
FNDA:1,convertToAssets
FNDA:4,_convertToAssets
FNDA:8,maxDeposit
FNDA:3,maxMint
FNDA:1,maxWithdraw
FNDA:0,maxRedeem
FNDA:7,previewDeposit
FNDA:2,previewMint
FNDA:1,previewWithdraw
FNDA:0,previewRedeem
FNDA:8,deposit
FNDA:3,mint
FNDA:1,withdraw
FNDA:0,redeem
FNDA:11,_findMinAssetBalanceValue
FNDA:9,_deposit
FNDA:1,_withdraw
FNDA:16,calculateCollateral
FNDA:16,calculateYield
FNDA:16,calculateTVL
FNDA:0,pricePerToken
FNDA:1,autoCompoundRewards
FNDA:4,convertToXToken
FNDA:1,decimals
DA:63,33
DA:64,33
DA:65,33
DA:66,33
DA:67,33
DA:68,33
DA:69,33
DA:70,33
DA:71,33
DA:72,33
DA:73,33
DA:74,33
DA:79,1
DA:84,0
DA:93,1
DA:101,12
DA:102,12
DA:103,12
DA:104,8
DA:106,4
DA:108,12
DA:117,1
DA:121,4
DA:122,4
DA:123,4
DA:124,2
DA:126,2
DA:127,2
DA:137,8
DA:147,3
DA:157,1
DA:167,0
DA:177,7
DA:187,2
DA:197,1
DA:207,0
DA:216,8
DA:221,7
DA:222,7
DA:224,7
DA:233,3
DA:235,2
DA:236,2
DA:238,2
DA:246,1
DA:251,1
DA:252,1
DA:254,1
DA:262,0
DA:264,0
DA:265,0
DA:267,0
DA:275,11
DA:276,11
DA:277,11
DA:278,11
DA:279,11
DA:285,11
DA:286,11
DA:287,11
DA:288,44
DA:289,0
DA:292,11
DA:301,9
DA:302,9
DA:303,9
DA:304,9
DA:305,9
DA:306,9
DA:307,9
DA:308,9
DA:309,9
DA:310,9
DA:320,1
DA:321,0
DA:323,1
DA:325,1
DA:326,1
DA:327,1
DA:328,1
DA:329,1
DA:330,1
DA:331,1
DA:332,1
DA:333,1
DA:334,1
DA:340,16
DA:341,16
DA:342,16
DA:343,16
DA:345,16
DA:346,16
DA:347,16
DA:348,16
DA:351,16
DA:352,16
DA:353,16
DA:354,16
DA:357,16
DA:358,16
DA:359,16
DA:360,16
DA:361,16
DA:362,16
DA:368,16
DA:369,16
DA:370,16
DA:371,16
DA:372,16
DA:375,16
DA:376,16
DA:377,16
DA:378,16
DA:381,16
DA:382,16
DA:386,16
DA:390,16
DA:394,16
DA:398,16
DA:403,16
DA:404,16
DA:405,16
DA:406,16
DA:411,0
DA:412,0
DA:413,0
DA:414,0
DA:419,1
DA:420,1
DA:421,1
DA:422,1
DA:423,1
DA:424,1
DA:425,1
DA:426,1
DA:428,1
DA:429,1
DA:431,1
DA:432,1
DA:434,1
DA:435,1
DA:437,1
DA:438,1
DA:440,1
DA:441,1
DA:442,1
DA:443,1
DA:444,1
DA:445,1
DA:446,1
DA:447,1
DA:451,4
DA:452,4
DA:453,4
DA:464,4
DA:474,1
LF:156
LH:143
BRDA:103,1,0,8
BRDA:103,1,1,4
BRDA:123,2,0,2
BRDA:123,2,1,2
BRDA:216,3,0,7
BRDA:216,3,1,1
BRDA:233,4,0,2
BRDA:233,4,1,1
BRDA:246,5,0,1
BRDA:246,5,1,0
BRDA:262,6,0,0
BRDA:262,6,1,0
BRDA:288,7,0,0
BRDA:288,7,1,44
BRDA:320,8,0,0
BRDA:320,8,1,1
BRF:16
BRH:11
end_of_record
TN:
SF:/home/andrey/landx/land-x-smart-contracts/contracts/xToken.sol
FN:131,constructor
FN:143,getShards
FN:232,getTheNFT
FN:250,stake
FN:261,unstake
FN:269,claim
FN:283,feeDistributor
FN:300,availableToClaim
FN:304,totalAvailableToClaim
FN:309,calculateYield
FN:315,calculateTotalYield
FN:321,xBasketTransfer
FN:327,changeLandXNFTAddress
FN:332,changeXBasketAddress
FN:336,setRentFoundation
FN:340,setOraclePrices
FN:344,_calcFee
FN:349,setXTokenRouter
FN:354,getAnnualRentAmount
FN:365,convertToUsdc
FN:385,preview
FN:422,decimals
FNF:22
FNH:22
FNDA:87,constructor
FNDA:14,getShards
FNDA:2,getTheNFT
FNDA:5,stake
FNDA:1,unstake
FNDA:1,claim
FNDA:1,feeDistributor
FNDA:1,availableToClaim
FNDA:1,totalAvailableToClaim
FNDA:6,calculateYield
FNDA:6,calculateTotalYield
FNDA:2,xBasketTransfer
FNDA:1,changeLandXNFTAddress
FNDA:3,changeXBasketAddress
FNDA:1,setRentFoundation
FNDA:1,setOraclePrices
FNDA:13,_calcFee
FNDA:1,setXTokenRouter
FNDA:13,getAnnualRentAmount
FNDA:2,convertToUsdc
FNDA:6,preview
FNDA:1,decimals
DA:132,87
DA:133,87
DA:134,87
DA:135,87
DA:136,87
DA:137,87
DA:138,87
DA:139,87
DA:144,14
DA:148,13
DA:149,12
DA:153,11
DA:158,10
DA:162,10
DA:167,10
DA:172,9
DA:175,9
DA:177,9
DA:180,9
DA:182,9
DA:184,9
DA:185,9
DA:187,9
DA:190,9
DA:191,8
DA:196,8
DA:203,1
DA:204,1
DA:205,1
DA:207,1
DA:211,1
DA:215,1
DA:217,9
DA:222,9
DA:227,9
DA:228,9
DA:233,2
DA:238,1
DA:243,1
DA:246,1
DA:247,1
DA:251,5
DA:252,4
DA:253,4
DA:254,4
DA:255,4
DA:256,4
DA:257,4
DA:258,4
DA:262,1
DA:263,1
DA:264,1
DA:265,1
DA:266,1
DA:270,1
DA:271,1
DA:272,1
DA:276,1
DA:277,1
DA:278,1
DA:279,1
DA:280,1
DA:284,1
DA:286,1
DA:288,1
DA:289,1
DA:290,1
DA:294,1
DA:301,1
DA:305,1
DA:310,6
DA:311,6
DA:312,6
DA:316,6
DA:317,6
DA:318,6
DA:322,2
DA:323,1
DA:328,1
DA:333,3
DA:337,1
DA:341,1
DA:345,13
DA:346,13
DA:350,1
DA:359,13
DA:360,13
DA:362,13
DA:366,2
DA:371,2
DA:382,2
DA:395,6
DA:396,5
DA:397,4
DA:401,4
DA:404,4
DA:405,4
DA:407,4
DA:409,4
DA:410,4
DA:414,4
DA:423,1
LF:102
LH:102
BRDA:144,1,0,13
BRDA:144,1,1,1
BRDA:148,2,0,12
BRDA:148,2,1,1
BRDA:149,3,0,11
BRDA:149,3,1,1
BRDA:153,4,0,10
BRDA:153,4,1,1
BRDA:158,5,0,10
BRDA:158,5,1,0
BRDA:162,6,0,10
BRDA:162,6,1,0
BRDA:167,7,0,9
BRDA:167,7,1,1
BRDA:190,8,0,8
BRDA:190,8,1,1
BRDA:233,9,0,1
BRDA:233,9,1,1
BRDA:262,10,0,1
BRDA:262,10,1,0
BRDA:322,11,0,1
BRDA:322,11,1,1
BRDA:327,12,0,1
BRDA:327,12,1,1
BRDA:332,13,0,3
BRDA:332,13,1,1
BRDA:336,14,0,1
BRDA:336,14,1,1
BRDA:340,15,0,1
BRDA:340,15,1,1
BRDA:349,16,0,1
BRDA:349,16,1,1
BRDA:395,17,0,5
BRDA:395,17,1,1
BRDA:396,18,0,4
BRDA:396,18,1,1
BRDA:397,19,0,4
BRDA:397,19,1,0
BRF:38
BRH:34
end_of_record
TN:
SF:/home/andrey/landx/land-x-smart-contracts/contracts/xTokenRouter.sol
FN:22,setToken
FN:27,getXToken
FN:31,getCToken
FNF:3
FNH:3
FNDA:2,setToken
FNDA:2,getXToken
FNDA:3,getCToken
DA:23,2
DA:24,2
DA:28,2
DA:32,3
LF:4
LH:4
BRDA:22,1,0,2
BRDA:22,1,1,1
BRF:2
BRH:2
end_of_record
