TN:
SF:/home/andrey/landx/land-x-smart-contracts/contracts/cToken.sol
FN:27,constructor
FN:34,mint
FN:39,burn
FN:44,setRentFoundation
FN:48,setXTokenRouter
FN:52,decimals
FNF:6
FNH:6
FNDA:33,constructor
FNDA:6,mint
FNDA:4,burn
FNDA:1,setRentFoundation
FNDA:1,setXTokenRouter
FNDA:1,decimals
DA:29,33
DA:30,33
DA:35,6
DA:36,5
DA:40,4
DA:41,2
DA:45,1
DA:49,1
DA:53,1
LF:9
LH:9
BRDA:35,1,0,5
BRDA:35,1,1,1
BRDA:44,2,0,1
BRDA:44,2,1,1
BRDA:48,3,0,1
BRDA:48,3,1,1
BRF:6
BRH:6
end_of_record
TN:
SF:/home/andrey/landx/land-x-smart-contracts/contracts/KeyProtocolVariables.sol
FN:37,constructor
FN:58,updateXTokenMintFee
FN:63,updateCTokenSellFee
FN:68,updatePayRentFee
FN:73,updateMaxAllowableCropShare
FN:78,updateHedgeFundAllocation
FN:83,updateSecurityDepositMonths
FN:88,updateFeeDistributionPercentage
FN:96,updateHedgeFundWallet
FN:101,updateLandxOperationalWallet
FN:106,updateLandxChoiceWallet
FN:111,updateXTokensSecurityWallet
FN:116,updateValidatorCommisionWallet
FN:121,launch
FNF:14
FNH:14
FNDA:81,constructor
FNDA:2,updateXTokenMintFee
FNDA:2,updateCTokenSellFee
FNDA:2,updatePayRentFee
FNDA:2,updateMaxAllowableCropShare
FNDA:2,updateHedgeFundAllocation
FNDA:2,updateSecurityDepositMonths
FNDA:3,updateFeeDistributionPercentage
FNDA:2,updateHedgeFundWallet
FNDA:2,updateLandxOperationalWallet
FNDA:2,updateLandxChoiceWallet
FNDA:2,updateXTokensSecurityWallet
FNDA:2,updateValidatorCommisionWallet
FNDA:2,launch
DA:45,81
DA:46,81
DA:47,81
DA:48,81
DA:49,81
DA:51,81
DA:52,81
DA:53,81
DA:54,81
DA:55,81
DA:59,2
DA:60,1
DA:64,2
DA:65,1
DA:69,2
DA:70,1
DA:74,2
DA:75,1
DA:79,2
DA:80,1
DA:84,2
DA:85,1
DA:89,3
DA:90,2
DA:91,1
DA:92,1
DA:93,1
DA:97,2
DA:98,1
DA:102,2
DA:103,1
DA:107,2
DA:108,1
DA:112,2
DA:113,1
DA:117,2
DA:118,1
DA:122,2
DA:123,1
LF:39
LH:39
BRDA:59,1,0,1
BRDA:59,1,1,1
BRDA:64,2,0,1
BRDA:64,2,1,1
BRDA:69,3,0,1
BRDA:69,3,1,1
BRDA:74,4,0,1
BRDA:74,4,1,1
BRDA:79,5,0,1
BRDA:79,5,1,1
BRDA:84,6,0,1
BRDA:84,6,1,1
BRDA:89,7,0,2
BRDA:89,7,1,1
BRDA:90,8,0,1
BRDA:90,8,1,1
BRDA:97,9,0,1
BRDA:97,9,1,1
BRDA:102,10,0,1
BRDA:102,10,1,1
BRDA:107,11,0,1
BRDA:107,11,1,1
BRDA:112,12,0,1
BRDA:112,12,1,1
BRDA:117,13,0,1
BRDA:117,13,1,1
BRDA:122,14,0,1
BRDA:122,14,1,1
BRF:28
BRH:28
end_of_record
TN:
SF:/home/andrey/landx/land-x-smart-contracts/contracts/LNDX.sol
FN:14,constructor
FN:26,stake
FN:37,unstake
FNF:3
FNH:0
FNDA:0,constructor
FNDA:0,stake
FNDA:0,unstake
DA:15,0
DA:16,0
DA:17,0
DA:18,0
DA:19,0
DA:27,0
DA:28,0
DA:29,0
DA:30,0
DA:31,0
DA:32,0
DA:33,0
DA:34,0
DA:38,0
DA:39,0
DA:40,0
DA:41,0
DA:42,0
DA:43,0
DA:44,0
DA:45,0
DA:46,0
LF:22
LH:0
BRDA:16,1,0,0
BRDA:16,1,1,0
BRDA:17,2,0,0
BRDA:17,2,1,0
BRDA:18,3,0,0
BRDA:18,3,1,0
BRDA:19,4,0,0
BRDA:19,4,1,0
BRDA:31,5,0,0
BRDA:31,5,1,0
BRDA:38,6,0,0
BRDA:38,6,1,0
BRDA:42,7,0,0
BRDA:42,7,1,0
BRF:14
BRH:0
end_of_record
TN:
SF:/home/andrey/landx/land-x-smart-contracts/contracts/mocks/ERC1155Mock.sol
FN:8,constructor
FN:22,mint
FNF:2
FNH:0
FNDA:0,constructor
FNDA:0,mint
DA:9,0
DA:10,0
DA:11,0
DA:12,0
DA:13,0
DA:14,0
DA:23,0
LF:7
LH:0
BRDA:22,1,0,0
BRDA:22,1,1,0
BRF:2
BRH:0
end_of_record
TN:
SF:/home/andrey/landx/land-x-smart-contracts/contracts/mocks/ERC20Mock.sol
FN:11,constructor
FNF:1
FNH:0
FNDA:0,constructor
DA:12,0
LF:1
LH:0
BRF:0
BRH:0
end_of_record
TN:
SF:/home/andrey/landx/land-x-smart-contracts/contracts/nft.sol
FN:38,constructor
FN:51,setDetailsAndMint
FN:64,burn
FN:77,setBaseURI
FN:81,setContractURI
FN:85,contractURI
FN:89,uri
FN:93,setXTokenRouter
FN:101,uint2str
FNF:9
FNH:9
FNDA:129,constructor
FNDA:39,setDetailsAndMint
FNDA:3,burn
FNDA:3,setBaseURI
FNDA:2,setContractURI
FNDA:1,contractURI
FNDA:2,uri
FNDA:1,setXTokenRouter
FNDA:2,uint2str
DA:39,129
DA:40,129
DA:52,39
DA:53,38
DA:54,37
DA:55,37
DA:56,37
DA:57,37
DA:58,37
DA:59,37
DA:60,37
DA:69,3
DA:73,2
DA:74,2
DA:78,3
DA:82,2
DA:86,1
DA:90,2
DA:94,1
DA:106,2
DA:107,1
DA:109,1
DA:110,1
DA:111,1
DA:112,1
DA:113,1
DA:115,1
DA:116,1
DA:117,1
DA:118,1
DA:119,1
DA:120,1
DA:121,1
DA:122,1
DA:124,1
LF:35
LH:35
BRDA:51,1,0,39
BRDA:51,1,1,0
BRDA:52,2,0,38
BRDA:52,2,1,1
BRDA:53,3,0,37
BRDA:53,3,1,1
BRDA:69,4,0,2
BRDA:69,4,1,1
BRDA:70,5,0,1
BRDA:70,5,1,1
BRDA:77,6,0,3
BRDA:77,6,1,1
BRDA:81,7,0,2
BRDA:81,7,1,1
BRDA:93,8,0,1
BRDA:93,8,1,1
BRDA:106,9,0,1
BRDA:106,9,1,1
BRF:18
BRH:17
end_of_record
TN:
SF:/home/andrey/landx/land-x-smart-contracts/contracts/OraclePrices.sol
FN:38,constructor
FN:55,setGrainPrice
FN:61,setXTokenPrice
FN:67,getXTokenPrice
FN:87,getXtokenPool
FNF:5
FNH:5
FNDA:33,constructor
FNDA:3,setGrainPrice
FNDA:3,setXTokenPrice
FNDA:4,getXTokenPrice
FNDA:4,getXtokenPool
DA:40,33
DA:42,33
DA:43,33
DA:44,33
DA:45,33
DA:47,33
DA:48,33
DA:49,33
DA:50,33
DA:51,33
DA:52,33
DA:56,3
DA:57,2
DA:58,1
DA:62,3
DA:63,2
DA:64,1
DA:68,4
DA:69,1
DA:72,3
DA:73,3
DA:74,1
DA:77,2
DA:78,2
DA:80,2
DA:81,2
DA:82,1
DA:84,1
DA:88,4
LF:29
LH:29
BRDA:56,1,0,2
BRDA:56,1,1,1
BRDA:57,2,0,1
BRDA:57,2,1,1
BRDA:62,3,0,2
BRDA:62,3,1,1
BRDA:63,4,0,1
BRDA:63,4,1,1
BRDA:68,5,0,1
BRDA:68,5,1,3
BRDA:73,6,0,1
BRDA:73,6,1,2
BRDA:81,7,0,1
BRDA:81,7,1,1
BRF:14
BRH:14
end_of_record
TN:
SF:/home/andrey/landx/land-x-smart-contracts/contracts/rentFoundation.sol
FN:71,constructor
FN:79,payRent
FN:93,payInitialRent
FN:103,getDepositBalance
FN:110,sellCToken
FN:119,feeDistributor
FN:127,setXTokenRouter
FN:131,setGrainPrices
FN:136,changeLandXNFTAddress
FNF:9
FNH:0
FNDA:0,constructor
FNDA:0,payRent
FNDA:0,payInitialRent
FNDA:0,getDepositBalance
FNDA:0,sellCToken
FNDA:0,feeDistributor
FNDA:0,setXTokenRouter
FNDA:0,setGrainPrices
FNDA:0,changeLandXNFTAddress
DA:73,0
DA:74,0
DA:75,0
DA:80,0
DA:81,0
DA:82,0
DA:83,0
DA:84,0
DA:85,0
DA:86,0
DA:87,0
DA:88,0
DA:89,0
DA:94,0
DA:95,0
DA:96,0
DA:97,0
DA:98,0
DA:99,0
DA:100,0
DA:104,0
DA:105,0
DA:106,0
DA:107,0
DA:111,0
DA:112,0
DA:113,0
DA:114,0
DA:115,0
DA:116,0
DA:120,0
DA:121,0
DA:122,0
DA:123,0
DA:124,0
DA:128,0
DA:132,0
DA:137,0
LF:38
LH:0
BRDA:80,1,0,0
BRDA:80,1,1,0
BRDA:81,2,0,0
BRDA:81,2,1,0
BRDA:95,3,0,0
BRDA:95,3,1,0
BRDA:96,4,0,0
BRDA:96,4,1,0
BRDA:112,5,0,0
BRDA:112,5,1,0
BRDA:127,6,0,0
BRDA:127,6,1,0
BRDA:131,7,0,0
BRDA:131,7,1,0
BRDA:136,8,0,0
BRDA:136,8,1,0
BRF:16
BRH:0
end_of_record
TN:
SF:/home/andrey/landx/land-x-smart-contracts/contracts/usdc.sol
FN:26,constructor
FN:32,decimals
FN:36,mint
FN:41,pause
FN:45,unpause
FN:49,snapshot
FN:53,setBlacklist
FN:58,_beforeTokenTransfer
FNF:8
FNH:0
FNDA:0,constructor
FNDA:0,decimals
FNDA:0,mint
FNDA:0,pause
FNDA:0,unpause
FNDA:0,snapshot
FNDA:0,setBlacklist
FNDA:0,_beforeTokenTransfer
DA:27,0
DA:28,0
DA:29,0
DA:33,0
DA:37,0
DA:38,0
DA:42,0
DA:46,0
DA:50,0
DA:54,0
DA:55,0
DA:63,0
DA:64,0
DA:65,0
LF:14
LH:0
BRDA:37,1,0,0
BRDA:37,1,1,0
BRDA:41,2,0,0
BRDA:41,2,1,0
BRDA:45,3,0,0
BRDA:45,3,1,0
BRDA:49,4,0,0
BRDA:49,4,1,0
BRDA:54,5,0,0
BRDA:54,5,1,0
BRDA:63,6,0,0
BRDA:63,6,1,0
BRDA:64,7,0,0
BRDA:64,7,1,0
BRF:14
BRH:0
end_of_record
TN:
SF:/home/andrey/landx/land-x-smart-contracts/contracts/xBasket.sol
FN:47,constructor
FN:63,asset
FN:68,totalAssets
FN:72,convertToShares
FN:76,_convertToShares
FN:87,convertToAssets
FN:91,_convertToAssets
FN:101,maxDeposit
FN:105,maxMint
FN:109,maxWithdraw
FN:113,maxRedeem
FN:117,previewDeposit
FN:121,previewMint
FN:125,previewWithdraw
FN:129,previewRedeem
FN:133,deposit
FN:142,mint
FN:151,withdraw
FN:160,redeem
FN:169,_findMinAssetBalanceValue
FN:185,_deposit
FN:198,_withdraw
FN:217,calculateCollateral
FN:245,calculateYield
FN:269,calculateTVL
FN:277,pricePerToken
FN:285,autoCompoundRewards
FN:317,convertToXToken
FN:333,decimals
FNF:29
FNH:24
FNDA:33,constructor
FNDA:1,asset
FNDA:0,totalAssets
FNDA:1,convertToShares
FNDA:12,_convertToShares
FNDA:2,convertToAssets
FNDA:5,_convertToAssets
FNDA:8,maxDeposit
FNDA:3,maxMint
FNDA:1,maxWithdraw
FNDA:0,maxRedeem
FNDA:7,previewDeposit
FNDA:2,previewMint
FNDA:1,previewWithdraw
FNDA:0,previewRedeem
FNDA:8,deposit
FNDA:3,mint
FNDA:1,withdraw
FNDA:0,redeem
FNDA:11,_findMinAssetBalanceValue
FNDA:9,_deposit
FNDA:1,_withdraw
FNDA:17,calculateCollateral
FNDA:17,calculateYield
FNDA:17,calculateTVL
FNDA:0,pricePerToken
FNDA:1,autoCompoundRewards
FNDA:1,convertToXToken
FNDA:1,decimals
DA:48,33
DA:49,33
DA:50,33
DA:51,33
DA:52,33
DA:53,33
DA:54,33
DA:55,33
DA:56,33
DA:57,33
DA:58,33
DA:59,33
DA:64,1
DA:69,0
DA:73,1
DA:77,12
DA:78,12
DA:79,12
DA:80,8
DA:82,4
DA:84,12
DA:88,2
DA:92,5
DA:93,5
DA:94,5
DA:95,2
DA:97,3
DA:98,3
DA:102,8
DA:106,3
DA:110,1
DA:114,0
DA:118,7
DA:122,2
DA:126,1
DA:130,0
DA:134,8
DA:136,7
DA:137,7
DA:139,7
DA:143,3
DA:145,2
DA:146,2
DA:148,2
DA:152,1
DA:154,1
DA:155,1
DA:157,0
DA:161,0
DA:163,0
DA:164,0
DA:166,0
DA:170,11
DA:171,11
DA:172,11
DA:173,11
DA:174,11
DA:175,11
DA:176,11
DA:177,11
DA:178,44
DA:179,0
DA:182,11
DA:186,9
DA:187,9
DA:188,9
DA:189,9
DA:190,9
DA:191,9
DA:192,9
DA:193,9
DA:194,9
DA:195,9
DA:199,1
DA:200,0
DA:202,1
DA:204,0
DA:205,0
DA:206,0
DA:207,0
DA:208,0
DA:209,0
DA:210,0
DA:211,0
DA:212,0
DA:213,0
DA:219,17
DA:220,17
DA:221,17
DA:222,17
DA:224,17
DA:225,17
DA:226,17
DA:227,17
DA:230,17
DA:231,17
DA:232,17
DA:233,17
DA:236,17
DA:237,17
DA:238,17
DA:239,17
DA:240,17
DA:241,17
DA:247,17
DA:248,17
DA:249,17
DA:250,17
DA:251,17
DA:254,17
DA:255,17
DA:256,17
DA:257,17
DA:260,17
DA:261,17
DA:262,17
DA:263,17
DA:264,17
DA:265,17
DA:270,17
DA:271,17
DA:272,17
DA:273,17
DA:278,0
DA:279,0
DA:280,0
DA:281,0
DA:286,1
DA:287,1
DA:288,1
DA:289,1
DA:290,1
DA:291,1
DA:292,1
DA:293,1
DA:295,1
DA:296,1
DA:298,0
DA:299,0
DA:301,0
DA:302,0
DA:304,0
DA:305,0
DA:307,0
DA:308,0
DA:309,0
DA:310,0
DA:311,0
DA:312,0
DA:313,0
DA:314,0
DA:318,1
DA:319,1
DA:320,0
DA:330,0
DA:334,1
LF:156
LH:116
BRDA:79,1,0,8
BRDA:79,1,1,4
BRDA:94,2,0,2
BRDA:94,2,1,3
BRDA:134,3,0,7
BRDA:134,3,1,1
BRDA:143,4,0,2
BRDA:143,4,1,1
BRDA:152,5,0,1
BRDA:152,5,1,0
BRDA:161,6,0,0
BRDA:161,6,1,0
BRDA:178,7,0,0
BRDA:178,7,1,44
BRDA:199,8,0,0
BRDA:199,8,1,1
BRF:16
BRH:11
end_of_record
TN:
SF:/home/andrey/landx/land-x-smart-contracts/contracts/xToken.sol
FN:107,constructor
FN:119,getShards
FN:165,getTheNFT
FN:181,stake
FN:192,unstake
FN:200,claim
FN:211,feeDistributor
FN:219,availableToClaim
FN:223,totalAvailableToClaim
FN:228,calculateYield
FN:234,calculateTotalYield
FN:240,xBasketTransfer
FN:246,changeLandXNFTAddress
FN:251,changeXBasketAddress
FN:255,setRentFoundation
FN:259,setGrainPrices
FN:263,_calcFee
FN:268,setXTokenRouter
FN:273,getAnnualRentAmount
FN:281,convertToUsdc
FN:296,preview
FN:309,decimals
FNF:22
FNH:16
FNDA:0,constructor
FNDA:81,getShards
FNDA:9,getTheNFT
FNDA:1,stake
FNDA:4,unstake
FNDA:1,claim
FNDA:1,feeDistributor
FNDA:1,availableToClaim
FNDA:1,totalAvailableToClaim
FNDA:1,calculateYield
FNDA:6,calculateTotalYield
FNDA:6,xBasketTransfer
FNDA:0,changeLandXNFTAddress
FNDA:0,changeXBasketAddress
FNDA:0,setRentFoundation
FNDA:0,setGrainPrices
FNDA:27,_calcFee
FNDA:0,setXTokenRouter
FNDA:1,getAnnualRentAmount
FNDA:13,convertToUsdc
FNDA:2,preview
FNDA:4,decimals
DA:109,81
DA:110,81
DA:111,81
DA:112,81
DA:113,81
DA:114,81
DA:115,81
DA:120,14
DA:121,13
DA:122,12
DA:123,11
DA:124,10
DA:125,10
DA:130,10
DA:132,9
DA:135,9
DA:137,9
DA:138,9
DA:140,9
DA:142,9
DA:143,9
DA:144,9
DA:146,9
DA:147,8
DA:148,8
DA:151,1
DA:152,1
DA:153,1
DA:154,1
DA:155,1
DA:156,1
DA:158,1
DA:159,9
DA:160,9
DA:161,9
DA:166,2
DA:171,1
DA:174,1
DA:177,1
DA:178,1
DA:182,5
DA:183,5
DA:184,4
DA:185,4
DA:186,4
DA:187,4
DA:188,4
DA:189,4
DA:193,1
DA:194,1
DA:195,1
DA:196,1
DA:197,1
DA:201,1
DA:202,1
DA:203,1
DA:204,1
DA:205,1
DA:206,1
DA:207,1
DA:208,1
DA:212,1
DA:213,1
DA:214,1
DA:215,1
DA:216,1
DA:220,1
DA:224,1
DA:229,6
DA:230,6
DA:231,6
DA:235,6
DA:236,6
DA:237,6
DA:241,2
DA:242,1
DA:247,1
DA:252,3
DA:256,1
DA:260,27
DA:264,13
DA:265,13
DA:269,1
DA:275,13
DA:276,13
DA:278,13
DA:282,2
DA:283,2
DA:293,2
DA:297,6
DA:298,5
DA:299,4
DA:300,4
DA:301,4
DA:302,4
DA:303,4
DA:304,4
DA:305,4
DA:306,4
DA:310,1
LF:100
LH:100
BRDA:120,1,0,14
BRDA:120,1,1,0
BRDA:121,2,0,13
BRDA:121,2,1,0
BRDA:122,3,0,12
BRDA:122,3,1,0
BRDA:123,4,0,11
BRDA:123,4,1,0
BRDA:124,5,0,10
BRDA:124,5,1,0
BRDA:125,6,0,10
BRDA:125,6,1,0
BRDA:130,7,0,10
BRDA:130,7,1,0
BRDA:146,8,0,9
BRDA:146,8,1,8
BRDA:166,9,0,2
BRDA:166,9,1,0
BRDA:193,10,0,1
BRDA:193,10,1,0
BRDA:241,11,0,2
BRDA:241,11,1,0
BRDA:246,12,0,0
BRDA:246,12,1,0
BRDA:251,13,0,0
BRDA:251,13,1,0
BRDA:255,14,0,0
BRDA:255,14,1,0
BRDA:259,15,0,0
BRDA:259,15,1,0
BRDA:268,16,0,0
BRDA:268,16,1,0
BRDA:297,17,0,6
BRDA:297,17,1,0
BRDA:298,18,0,5
BRDA:298,18,1,0
BRDA:299,19,0,4
BRDA:299,19,1,0
BRF:38
BRH:15
end_of_record
TN:
SF:/home/andrey/landx/land-x-smart-contracts/contracts/xTokenRouter.sol
FN:19,setToken
FN:25,getXToken
FN:30,getCToken
FNF:3
FNH:3
FNDA:2,setToken
FNDA:2,getXToken
FNDA:3,getCToken
DA:21,2
DA:22,2
DA:27,2
DA:32,3
LF:4
LH:4
BRDA:19,1,0,0
BRDA:19,1,1,0
BRF:2
BRH:0
end_of_record
